This is pdfTeX, Version 3.1415926-2.3-1.40.12 (MiKTeX 2.9) (preloaded format=pdflatex 2019.8.9)  28 SEP 2021 21:06
entering extended mode
**ptycho4.tex
(D:\ALL_kinds_of_files\Documents\MATLAB\summer\demoPtycho_2\tex\ptycho4.tex
LaTeX2e <2011/06/27>
Babel <v3.8m> and hyphenation patterns for loaded.
(D:\program\CTEX\MiKTeX\tex\latex\base\article.cls
Document Class: article 2007/10/19 v1.4h Standard LaTeX document class
(D:\program\CTEX\MiKTeX\tex\latex\base\size10.clo
File: size10.clo 2007/10/19 v1.4h Standard LaTeX file (size option)
)
\c@part=\count79
\c@section=\count80
\c@subsection=\count81
\c@subsubsection=\count82
\c@paragraph=\count83
\c@subparagraph=\count84
\c@figure=\count85
\c@table=\count86
\abovecaptionskip=\skip41
\belowcaptionskip=\skip42
\bibindent=\dimen102
)
(D:\program\CTEX\MiKTeX\tex\latex\base\inputenc.sty
Package: inputenc 2008/03/30 v1.1d Input encoding file
\inpenc@prehook=\toks14
\inpenc@posthook=\toks15

(D:\program\CTEX\MiKTeX\tex\latex\base\utf8.def
File: utf8.def 2008/04/05 v1.1m UTF-8 support for inputenc
Now handling font encoding OML ...
... no UTF-8 mapping file for font encoding OML
Now handling font encoding T1 ...
... processing UTF-8 mapping file for font encoding T1

(D:\program\CTEX\MiKTeX\tex\latex\base\t1enc.dfu
File: t1enc.dfu 2008/04/05 v1.1m UTF-8 support for inputenc
   defining Unicode char U+00A1 (decimal 161)
   defining Unicode char U+00A3 (decimal 163)
   defining Unicode char U+00AB (decimal 171)
   defining Unicode char U+00BB (decimal 187)
   defining Unicode char U+00BF (decimal 191)
   defining Unicode char U+00C0 (decimal 192)
   defining Unicode char U+00C1 (decimal 193)
   defining Unicode char U+00C2 (decimal 194)
   defining Unicode char U+00C3 (decimal 195)
   defining Unicode char U+00C4 (decimal 196)
   defining Unicode char U+00C5 (decimal 197)
   defining Unicode char U+00C6 (decimal 198)
   defining Unicode char U+00C7 (decimal 199)
   defining Unicode char U+00C8 (decimal 200)
   defining Unicode char U+00C9 (decimal 201)
   defining Unicode char U+00CA (decimal 202)
   defining Unicode char U+00CB (decimal 203)
   defining Unicode char U+00CC (decimal 204)
   defining Unicode char U+00CD (decimal 205)
   defining Unicode char U+00CE (decimal 206)
   defining Unicode char U+00CF (decimal 207)
   defining Unicode char U+00D0 (decimal 208)
   defining Unicode char U+00D1 (decimal 209)
   defining Unicode char U+00D2 (decimal 210)
   defining Unicode char U+00D3 (decimal 211)
   defining Unicode char U+00D4 (decimal 212)
   defining Unicode char U+00D5 (decimal 213)
   defining Unicode char U+00D6 (decimal 214)
   defining Unicode char U+00D8 (decimal 216)
   defining Unicode char U+00D9 (decimal 217)
   defining Unicode char U+00DA (decimal 218)
   defining Unicode char U+00DB (decimal 219)
   defining Unicode char U+00DC (decimal 220)
   defining Unicode char U+00DD (decimal 221)
   defining Unicode char U+00DE (decimal 222)
   defining Unicode char U+00DF (decimal 223)
   defining Unicode char U+00E0 (decimal 224)
   defining Unicode char U+00E1 (decimal 225)
   defining Unicode char U+00E2 (decimal 226)
   defining Unicode char U+00E3 (decimal 227)
   defining Unicode char U+00E4 (decimal 228)
   defining Unicode char U+00E5 (decimal 229)
   defining Unicode char U+00E6 (decimal 230)
   defining Unicode char U+00E7 (decimal 231)
   defining Unicode char U+00E8 (decimal 232)
   defining Unicode char U+00E9 (decimal 233)
   defining Unicode char U+00EA (decimal 234)
   defining Unicode char U+00EB (decimal 235)
   defining Unicode char U+00EC (decimal 236)
   defining Unicode char U+00ED (decimal 237)
   defining Unicode char U+00EE (decimal 238)
   defining Unicode char U+00EF (decimal 239)
   defining Unicode char U+00F0 (decimal 240)
   defining Unicode char U+00F1 (decimal 241)
   defining Unicode char U+00F2 (decimal 242)
   defining Unicode char U+00F3 (decimal 243)
   defining Unicode char U+00F4 (decimal 244)
   defining Unicode char U+00F5 (decimal 245)
   defining Unicode char U+00F6 (decimal 246)
   defining Unicode char U+00F8 (decimal 248)
   defining Unicode char U+00F9 (decimal 249)
   defining Unicode char U+00FA (decimal 250)
   defining Unicode char U+00FB (decimal 251)
   defining Unicode char U+00FC (decimal 252)
   defining Unicode char U+00FD (decimal 253)
   defining Unicode char U+00FE (decimal 254)
   defining Unicode char U+00FF (decimal 255)
   defining Unicode char U+0102 (decimal 258)
   defining Unicode char U+0103 (decimal 259)
   defining Unicode char U+0104 (decimal 260)
   defining Unicode char U+0105 (decimal 261)
   defining Unicode char U+0106 (decimal 262)
   defining Unicode char U+0107 (decimal 263)
   defining Unicode char U+010C (decimal 268)
   defining Unicode char U+010D (decimal 269)
   defining Unicode char U+010E (decimal 270)
   defining Unicode char U+010F (decimal 271)
   defining Unicode char U+0110 (decimal 272)
   defining Unicode char U+0111 (decimal 273)
   defining Unicode char U+0118 (decimal 280)
   defining Unicode char U+0119 (decimal 281)
   defining Unicode char U+011A (decimal 282)
   defining Unicode char U+011B (decimal 283)
   defining Unicode char U+011E (decimal 286)
   defining Unicode char U+011F (decimal 287)
   defining Unicode char U+0130 (decimal 304)
   defining Unicode char U+0131 (decimal 305)
   defining Unicode char U+0132 (decimal 306)
   defining Unicode char U+0133 (decimal 307)
   defining Unicode char U+0139 (decimal 313)
   defining Unicode char U+013A (decimal 314)
   defining Unicode char U+013D (decimal 317)
   defining Unicode char U+013E (decimal 318)
   defining Unicode char U+0141 (decimal 321)
   defining Unicode char U+0142 (decimal 322)
   defining Unicode char U+0143 (decimal 323)
   defining Unicode char U+0144 (decimal 324)
   defining Unicode char U+0147 (decimal 327)
   defining Unicode char U+0148 (decimal 328)
   defining Unicode char U+014A (decimal 330)
   defining Unicode char U+014B (decimal 331)
   defining Unicode char U+0150 (decimal 336)
   defining Unicode char U+0151 (decimal 337)
   defining Unicode char U+0152 (decimal 338)
   defining Unicode char U+0153 (decimal 339)
   defining Unicode char U+0154 (decimal 340)
   defining Unicode char U+0155 (decimal 341)
   defining Unicode char U+0158 (decimal 344)
   defining Unicode char U+0159 (decimal 345)
   defining Unicode char U+015A (decimal 346)
   defining Unicode char U+015B (decimal 347)
   defining Unicode char U+015E (decimal 350)
   defining Unicode char U+015F (decimal 351)
   defining Unicode char U+0160 (decimal 352)
   defining Unicode char U+0161 (decimal 353)
   defining Unicode char U+0162 (decimal 354)
   defining Unicode char U+0163 (decimal 355)
   defining Unicode char U+0164 (decimal 356)
   defining Unicode char U+0165 (decimal 357)
   defining Unicode char U+016E (decimal 366)
   defining Unicode char U+016F (decimal 367)
   defining Unicode char U+0170 (decimal 368)
   defining Unicode char U+0171 (decimal 369)
   defining Unicode char U+0178 (decimal 376)
   defining Unicode char U+0179 (decimal 377)
   defining Unicode char U+017A (decimal 378)
   defining Unicode char U+017B (decimal 379)
   defining Unicode char U+017C (decimal 380)
   defining Unicode char U+017D (decimal 381)
   defining Unicode char U+017E (decimal 382)
   defining Unicode char U+200C (decimal 8204)
   defining Unicode char U+2013 (decimal 8211)
   defining Unicode char U+2014 (decimal 8212)
   defining Unicode char U+2018 (decimal 8216)
   defining Unicode char U+2019 (decimal 8217)
   defining Unicode char U+201A (decimal 8218)
   defining Unicode char U+201C (decimal 8220)
   defining Unicode char U+201D (decimal 8221)
   defining Unicode char U+201E (decimal 8222)
   defining Unicode char U+2030 (decimal 8240)
   defining Unicode char U+2031 (decimal 8241)
   defining Unicode char U+2039 (decimal 8249)
   defining Unicode char U+203A (decimal 8250)
   defining Unicode char U+2423 (decimal 9251)
)
Now handling font encoding OT1 ...
... processing UTF-8 mapping file for font encoding OT1

(D:\program\CTEX\MiKTeX\tex\latex\base\ot1enc.dfu
File: ot1enc.dfu 2008/04/05 v1.1m UTF-8 support for inputenc
   defining Unicode char U+00A1 (decimal 161)
   defining Unicode char U+00A3 (decimal 163)
   defining Unicode char U+00B8 (decimal 184)
   defining Unicode char U+00BF (decimal 191)
   defining Unicode char U+00C5 (decimal 197)
   defining Unicode char U+00C6 (decimal 198)
   defining Unicode char U+00D8 (decimal 216)
   defining Unicode char U+00DF (decimal 223)
   defining Unicode char U+00E6 (decimal 230)
   defining Unicode char U+00EC (decimal 236)
   defining Unicode char U+00ED (decimal 237)
   defining Unicode char U+00EE (decimal 238)
   defining Unicode char U+00EF (decimal 239)
   defining Unicode char U+00F8 (decimal 248)
   defining Unicode char U+0131 (decimal 305)
   defining Unicode char U+0141 (decimal 321)
   defining Unicode char U+0142 (decimal 322)
   defining Unicode char U+0152 (decimal 338)
   defining Unicode char U+0153 (decimal 339)
   defining Unicode char U+2013 (decimal 8211)
   defining Unicode char U+2014 (decimal 8212)
   defining Unicode char U+2018 (decimal 8216)
   defining Unicode char U+2019 (decimal 8217)
   defining Unicode char U+201C (decimal 8220)
   defining Unicode char U+201D (decimal 8221)
)
Now handling font encoding OMS ...
... processing UTF-8 mapping file for font encoding OMS

(D:\program\CTEX\MiKTeX\tex\latex\base\omsenc.dfu
File: omsenc.dfu 2008/04/05 v1.1m UTF-8 support for inputenc
   defining Unicode char U+00A7 (decimal 167)
   defining Unicode char U+00B6 (decimal 182)
   defining Unicode char U+00B7 (decimal 183)
   defining Unicode char U+2020 (decimal 8224)
   defining Unicode char U+2021 (decimal 8225)
   defining Unicode char U+2022 (decimal 8226)
)
Now handling font encoding OMX ...
... no UTF-8 mapping file for font encoding OMX
Now handling font encoding U ...
... no UTF-8 mapping file for font encoding U
   defining Unicode char U+00A9 (decimal 169)
   defining Unicode char U+00AA (decimal 170)
   defining Unicode char U+00AE (decimal 174)
   defining Unicode char U+00BA (decimal 186)
   defining Unicode char U+02C6 (decimal 710)
   defining Unicode char U+02DC (decimal 732)
   defining Unicode char U+200C (decimal 8204)
   defining Unicode char U+2026 (decimal 8230)
   defining Unicode char U+2122 (decimal 8482)
   defining Unicode char U+2423 (decimal 9251)
))
(D:\program\CTEX\MiKTeX\tex\latex\amsfonts\amssymb.sty
Package: amssymb 2009/06/22 v3.00

(D:\program\CTEX\MiKTeX\tex\latex\amsfonts\amsfonts.sty
Package: amsfonts 2009/06/22 v3.00 Basic AMSFonts support
\@emptytoks=\toks16
\symAMSa=\mathgroup4
\symAMSb=\mathgroup5
LaTeX Font Info:    Overwriting math alphabet `\mathfrak' in version `bold'
(Font)                  U/euf/m/n --> U/euf/b/n on input line 96.
))
(D:\program\CTEX\MiKTeX\tex\latex\ams\math\amsmath.sty
Package: amsmath 2000/07/18 v2.13 AMS math features
\@mathmargin=\skip43

For additional information on amsmath, use the `?' option.
(D:\program\CTEX\MiKTeX\tex\latex\ams\math\amstext.sty
Package: amstext 2000/06/29 v2.01

(D:\program\CTEX\MiKTeX\tex\latex\ams\math\amsgen.sty
File: amsgen.sty 1999/11/30 v2.0
\@emptytoks=\toks17
\ex@=\dimen103
))
(D:\program\CTEX\MiKTeX\tex\latex\ams\math\amsbsy.sty
Package: amsbsy 1999/11/29 v1.2d
\pmbraise@=\dimen104
)
(D:\program\CTEX\MiKTeX\tex\latex\ams\math\amsopn.sty
Package: amsopn 1999/12/14 v2.01 operator names
)
\inf@bad=\count87
LaTeX Info: Redefining \frac on input line 211.
\uproot@=\count88
\leftroot@=\count89
LaTeX Info: Redefining \overline on input line 307.
\classnum@=\count90
\DOTSCASE@=\count91
LaTeX Info: Redefining \ldots on input line 379.
LaTeX Info: Redefining \dots on input line 382.
LaTeX Info: Redefining \cdots on input line 467.
\Mathstrutbox@=\box26
\strutbox@=\box27
\big@size=\dimen105
LaTeX Font Info:    Redeclaring font encoding OML on input line 567.
LaTeX Font Info:    Redeclaring font encoding OMS on input line 568.
\macc@depth=\count92
\c@MaxMatrixCols=\count93
\dotsspace@=\muskip10
\c@parentequation=\count94
\dspbrk@lvl=\count95
\tag@help=\toks18
\row@=\count96
\column@=\count97
\maxfields@=\count98
\andhelp@=\toks19
\eqnshift@=\dimen106
\alignsep@=\dimen107
\tagshift@=\dimen108
\tagwidth@=\dimen109
\totwidth@=\dimen110
\lineht@=\dimen111
\@envbody=\toks20
\multlinegap=\skip44
\multlinetaggap=\skip45
\mathdisplay@stack=\toks21
LaTeX Info: Redefining \[ on input line 2666.
LaTeX Info: Redefining \] on input line 2667.
)
(D:\program\CTEX\MiKTeX\tex\latex\ams\classes\amsthm.sty
Package: amsthm 2004/08/06 v2.20
\thm@style=\toks22
\thm@bodyfont=\toks23
\thm@headfont=\toks24
\thm@notefont=\toks25
\thm@headpunct=\toks26
\thm@preskip=\skip46
\thm@postskip=\skip47
\thm@headsep=\skip48
\dth@everypar=\toks27
)
(D:\program\CTEX\MiKTeX\tex\latex\graphics\graphicx.sty
Package: graphicx 1999/02/16 v1.0f Enhanced LaTeX Graphics (DPC,SPQR)

(D:\program\CTEX\MiKTeX\tex\latex\graphics\keyval.sty
Package: keyval 1999/03/16 v1.13 key=value parser (DPC)
\KV@toks@=\toks28
)
(D:\program\CTEX\MiKTeX\tex\latex\graphics\graphics.sty
Package: graphics 2009/02/05 v1.0o Standard LaTeX Graphics (DPC,SPQR)

(D:\program\CTEX\MiKTeX\tex\latex\graphics\trig.sty
Package: trig 1999/03/16 v1.09 sin cos tan (DPC)
)
(D:\program\CTEX\MiKTeX\tex\latex\00miktex\graphics.cfg
File: graphics.cfg 2007/01/18 v1.5 graphics configuration of teTeX/TeXLive
)
Package graphics Info: Driver file: pdftex.def on input line 91.

(D:\program\CTEX\MiKTeX\tex\latex\pdftex-def\pdftex.def
File: pdftex.def 2011/05/27 v0.06d Graphics/color for pdfTeX

(D:\program\CTEX\MiKTeX\tex\generic\oberdiek\infwarerr.sty
Package: infwarerr 2010/04/08 v1.3 Providing info/warning/message (HO)
)
(D:\program\CTEX\MiKTeX\tex\generic\oberdiek\ltxcmds.sty
Package: ltxcmds 2011/04/18 v1.20 LaTeX kernel commands for general use (HO)
)
\Gread@gobject=\count99
))
\Gin@req@height=\dimen112
\Gin@req@width=\dimen113
)
(D:\program\CTEX\MiKTeX\tex\latex\float\float.sty
Package: float 2001/11/08 v1.3d Float enhancements (AL)
\c@float@type=\count100
\float@exts=\toks29
\float@box=\box28
\@float@everytoks=\toks30
\@floatcapt=\box29
)
(D:\program\CTEX\MiKTeX\tex\latex\ltxmisc\url.sty
\Urlmuskip=\muskip11
Package: url 2006/04/12  ver 3.3  Verb mode for urls, etc.
)
(D:\program\CTEX\MiKTeX\tex\latex\framed\framed.sty
Package: framed 2007/10/04 v 0.95: framed or shaded text with page breaks
\fb@frw=\dimen114
\fb@frh=\dimen115
\FrameRule=\dimen116
\FrameSep=\dimen117
)
(D:\program\CTEX\MiKTeX\tex\latex\booktabs\booktabs.sty
Package: booktabs 2005/04/14 v1.61803 publication quality tables
\heavyrulewidth=\dimen118
\lightrulewidth=\dimen119
\cmidrulewidth=\dimen120
\belowrulesep=\dimen121
\belowbottomsep=\dimen122
\aboverulesep=\dimen123
\abovetopsep=\dimen124
\cmidrulesep=\dimen125
\cmidrulekern=\dimen126
\defaultaddspace=\dimen127
\@cmidla=\count101
\@cmidlb=\count102
\@aboverulesep=\dimen128
\@belowrulesep=\dimen129
\@thisruleclass=\count103
\@lastruleclass=\count104
\@thisrulewidth=\dimen130
)
(D:\program\CTEX\MiKTeX\tex\latex\enumitem\enumitem.sty
Package: enumitem 2011/09/28 v3.5.2 Customized lists
\labelindent=\skip49
\enit@outerparindent=\dimen131
\enit@toks=\toks31
\enit@inbox=\box30
\enitdp@description=\count105
)
(D:\program\CTEX\MiKTeX\tex\latex\extarrows\extarrows.sty
Package: extarrows 2008/05/15 v1.0b Some extensible arrows
)
(D:\program\CTEX\MiKTeX\tex\latex\algorithm2e\algorithm2e.sty
Package: algorithm2e 2008/00/00 v3.10 algorithms environments
\c@AlgoLine=\count106

(D:\program\CTEX\MiKTeX\tex\latex\base\ifthen.sty
Package: ifthen 2001/05/26 v1.1c Standard LaTeX ifthen package (DPC)
)
(D:\program\CTEX\MiKTeX\tex\latex\tools\xspace.sty
Package: xspace 2009/10/20 v1.13 Space after command names (DPC,MH)
)
(D:\program\CTEX\MiKTeX\tex\latex\ltxmisc\relsize.sty
Package: relsize 2003/07/04 ver 3.1
)
********************************************************
Package `algorithm2e' Release 4.01 -- december 14 2009 --
- algorithm2e-announce@lirmm.fr mailing list for announcement about releases
- algorithm2e-discussion@lirmm.fr mailing list for discussion about package
subscribe by emailing sympa@lirmm.fr with 'subscribe <list> <firstname name>'
- Author: Christophe Fiorio (fiorio@lirmm.fr)
********************************************************
\skiptotal=\skip50
\skiplinenumber=\skip51
\skiprule=\skip52
\skiphlne=\skip53
\skiptext=\skip54
\skiplength=\skip55
\algomargin=\skip56
\skipalgocfslide=\skip57
\algowidth=\dimen132
\inoutsize=\dimen133
\inoutline=\dimen134
\interspacetitleruled=\dimen135
\interspacealgoruled=\dimen136
\interspacetitleboxruled=\dimen137
\algocf@inoutbox=\box31
\algocf@inputbox=\box32
\AlCapSkip=\skip58
\AlCapHSkip=\skip59
\algocf@nlbox=\box33
\algocf@hangingbox=\box34
\algocf@capbox=\box35
\algoheightruledefault=\skip60
\algoheightrule=\skip61
\algotitleheightruledefault=\skip62
\algotitleheightrule=\skip63
\c@algocfline=\count107
\c@algocfproc=\count108
\c@algocf=\count109
\algocf@algoframe=\box36
\algocf@algobox=\box37
)
No file ptycho4.aux.
LaTeX Font Info:    Checking defaults for OML/cmm/m/it on input line 23.
LaTeX Font Info:    ... okay on input line 23.
LaTeX Font Info:    Checking defaults for T1/cmr/m/n on input line 23.
LaTeX Font Info:    ... okay on input line 23.
LaTeX Font Info:    Checking defaults for OT1/cmr/m/n on input line 23.
LaTeX Font Info:    ... okay on input line 23.
LaTeX Font Info:    Checking defaults for OMS/cmsy/m/n on input line 23.
LaTeX Font Info:    ... okay on input line 23.
LaTeX Font Info:    Checking defaults for OMX/cmex/m/n on input line 23.
LaTeX Font Info:    ... okay on input line 23.
LaTeX Font Info:    Checking defaults for U/cmr/m/n on input line 23.
LaTeX Font Info:    ... okay on input line 23.
(D:\program\CTEX\MiKTeX\tex\context\base\supp-pdf.mkii
[Loading MPS to PDF converter (version 2006.09.02).]
\scratchcounter=\count110
\scratchdimen=\dimen138
\scratchbox=\box38
\nofMPsegments=\count111
\nofMParguments=\count112
\everyMPshowfont=\toks32
\MPscratchCnt=\count113
\MPscratchDim=\dimen139
\MPnumerator=\count114
\makeMPintoPDFobject=\count115
\everyMPtoPDFconversion=\toks33
)
LaTeX Font Info:    Try loading font information for U+msa on input line 25.
 (D:\program\CTEX\MiKTeX\tex\latex\amsfonts\umsa.fd
File: umsa.fd 2009/06/22 v3.00 AMS symbols A
)
LaTeX Font Info:    Try loading font information for U+msb on input line 25.

(D:\program\CTEX\MiKTeX\tex\latex\amsfonts\umsb.fd
File: umsb.fd 2009/06/22 v3.00 AMS symbols B
)

LaTeX Warning: No \author given.

No file ptycho4.toc.
\tf@toc=\write3

LaTeX Warning: Citation `chang' on page 1 undefined on input line 57.


LaTeX Warning: Reference `basic' on page 1 undefined on input line 64.

[1

{D:/program/CTEX/UserData/pdftex/config/pdftex.map{Unicode.sfd}{UGBK.sfd}}]

LaTeX Warning: Reference `target' on page 2 undefined on input line 75.


LaTeX Warning: Citation `psf' on page 2 undefined on input line 79.


LaTeX Warning: Reference `basic' on page 2 undefined on input line 87.


LaTeX Warning: Reference `target' on page 2 undefined on input line 91.


LaTeX Warning: Reference `simple' on page 2 undefined on input line 92.


LaTeX Warning: Reference `target' on page 2 undefined on input line 92.


LaTeX Warning: Reference `simple' on page 2 undefined on input line 92.


LaTeX Warning: Citation `mix' on page 2 undefined on input line 97.


Underfull \hbox (badness 10000) in paragraph at lines 97--97
[][]$\OT1/cmtt/m/n/8 https : / / homepage . univie . ac . at / reinhold . bertl
mann / pdfs / T2 _ Skript _ Ch _ 9corr .$
 []

[2]

LaTeX Warning: Reference `sep' on page 3 undefined on input line 172.


Overfull \hbox (3.5957pt too wide) detected at line 184
[] []
 []


LaTeX Warning: Citation `psf' on page 3 undefined on input line 188.


LaTeX Warning: Reference `target' on page 3 undefined on input line 197.


LaTeX Warning: Reference `simple' on page 3 undefined on input line 197.

[3]

LaTeX Warning: Reference `target' on page 4 undefined on input line 199.


LaTeX Warning: Reference `target' on page 4 undefined on input line 210.


LaTeX Warning: Citation `psf' on page 4 undefined on input line 224.


LaTeX Warning: Reference `sep' on page 4 undefined on input line 226.


LaTeX Warning: Citation `mix' on page 4 undefined on input line 234.

[4]

LaTeX Warning: Citation `admm' on page 5 undefined on input line 298.

[5]
Overfull \hbox (9.72617pt too wide) detected at line 325
[] []
 []


Overfull \hbox (5.60577pt too wide) detected at line 335
[] []
 []


Overfull \hbox (27.81683pt too wide) in paragraph at lines 353--353
[] 
 []

[6]
Overfull \hbox (26.90315pt too wide) detected at line 367
[] []
 []

[7]
Overfull \hbox (6.2995pt too wide) detected at line 397
\OT1/cmr/m/n/10 = [] [] [][[]([] \OMS/cmsy/m/n/10   \OML/cmm/m/it/10 Y\OT1/cmr/
m/n/10 (\OML/cmm/m/it/10 x; y; j\OT1/cmr/m/n/10 ))[] + []\OMS/cmsy/m/n/10 jj\OM
L/cmm/m/it/10 z\OT1/cmr/m/n/10 (\OML/cmm/m/it/10 x; y; j; \OT1/cmr/m/n/10 :) \O
MS/cmsy/m/n/10   \OML/cmm/m/it/10 z[]\OT1/cmr/m/n/10 (\OML/cmm/m/it/10 x; y; j;
 \OT1/cmr/m/n/10 :)\OMS/cmsy/m/n/10 jj[]\OT1/cmr/m/n/10 ]
 []

[8]

LaTeX Warning: Reference `sep' on page 9 undefined on input line 484.


LaTeX Warning: Reference `omegaup' on page 9 undefined on input line 497.


LaTeX Warning: Reference `uup' on page 9 undefined on input line 497.


LaTeX Warning: Reference `zup' on page 9 undefined on input line 497.


LaTeX Warning: Reference `Dup' on page 9 undefined on input line 497.


LaTeX Warning: Reference `alpha up' on page 9 undefined on input line 497.


LaTeX Warning: Reference `Lup' on page 9 undefined on input line 497.


LaTeX Warning: Reference `L2up' on page 9 undefined on input line 497.


LaTeX Warning: Reference `section:specific models' on page 9 undefined on input
 line 503.


LaTeX Warning: Reference `section:reference' on page 9 undefined on input line 
503.


LaTeX Warning: Reference `simple' on page 9 undefined on input line 525.


LaTeX Warning: Reference `target' on page 9 undefined on input line 525.


Overfull \hbox (101.86198pt too wide) in paragraph at lines 507--528
 [] 
 []

[9] [10]

LaTeX Warning: Reference `ort' on page 11 undefined on input line 584.


LaTeX Warning: Reference `alg:admm' on page 11 undefined on input line 601.

[11]

LaTeX Warning: Reference `simple' on page 12 undefined on input line 608.


LaTeX Warning: Reference `simple' on page 12 undefined on input line 610.


LaTeX Warning: File `figures/ex1_u.png' not found on input line 613.


! Package pdftex.def Error: File `figures/ex1_u.png' not found.

See the pdftex.def package documentation for explanation.
Type  H <return>  for immediate help.
 ...                                              
                                                  
l.613 ...degraphics[width=12cm]{figures/ex1_u.png}
                                                  %[]ÈáåÂèØ‰ª•ÊåáÂÆöÂΩ±ÂÉèÂ§...

Using draft setting for this image.
Try typing  <return>  to proceed.
If that doesn't work, type  X <return>  to quit.


Overfull \hbox (2.428pt too wide) in paragraph at lines 610--616
\OT1/cmr/m/n/10 We set $\OML/cmm/m/it/10 $ \OT1/cmr/m/n/10 in [] as s-tan-dard
 guas-sian k-er-nel with vari-ance $\OML/cmm/m/it/10  \OT1/cmr/m/n/10 = 1$, an
d $\OML/cmm/m/it/10 gridFlag \OT1/cmr/m/n/10 =$
 []


LaTeX Warning: File `figures/ex1_R.png' not found on input line 619.


! Package pdftex.def Error: File `figures/ex1_R.png' not found.

See the pdftex.def package documentation for explanation.
Type  H <return>  for immediate help.
 ...                                              
                                                  
l.619 ...degraphics[width=12cm]{figures/ex1_R.png}
                                                  %[]ÈáåÂèØ‰ª•ÊåáÂÆöÂΩ±ÂÉèÂ§...

Using draft setting for this image.
Try typing  <return>  to proceed.
If that doesn't work, type  X <return>  to quit.

[12] [13]

LaTeX Warning: Reference `target' on page 14 undefined on input line 624.


LaTeX Warning: File `figures/ex2_u_2.png' not found on input line 629.


! Package pdftex.def Error: File `figures/ex2_u_2.png' not found.

See the pdftex.def package documentation for explanation.
Type  H <return>  for immediate help.
 ...                                              
                                                  
l.629 ...graphics[width=12cm]{figures/ex2_u_2.png}
                                                  %[]ÈáåÂèØ‰ª•ÊåáÂÆöÂΩ±ÂÉèÂ§...

Using draft setting for this image.
Try typing  <return>  to proceed.
If that doesn't work, type  X <return>  to quit.


LaTeX Warning: File `figures/ex2_R.png' not found on input line 635.


! Package pdftex.def Error: File `figures/ex2_R.png' not found.

See the pdftex.def package documentation for explanation.
Type  H <return>  for immediate help.
 ...                                              
                                                  
l.635 ...degraphics[width=12cm]{figures/ex2_R.png}
                                                  %[]ÈáåÂèØ‰ª•ÊåáÂÆöÂΩ±ÂÉèÂ§...

Using draft setting for this image.
Try typing  <return>  to proceed.
If that doesn't work, type  X <return>  to quit.

[14] [15]

LaTeX Warning: Reference `section:reference' on page 16 undefined on input line
 639.


LaTeX Warning: File `figures/ex_2_standard.png' not found on input line 642.


! Package pdftex.def Error: File `figures/ex_2_standard.png' not found.

See the pdftex.def package documentation for explanation.
Type  H <return>  for immediate help.
 ...                                              
                                                  
l.642 ...ics[width=8cm]{figures/ex_2_standard.png}
                                                  %[]ÈáåÂèØ‰ª•ÊåáÂÆöÂΩ±ÂÉèÂ§...

Using draft setting for this image.
Try typing  <return>  to proceed.
If that doesn't work, type  X <return>  to quit.

[16]

LaTeX Warning: File `figures/ex_2_re.png' not found on input line 650.


! Package pdftex.def Error: File `figures/ex_2_re.png' not found.

See the pdftex.def package documentation for explanation.
Type  H <return>  for immediate help.
 ...                                              
                                                  
l.650 ...graphics[width=12cm]{figures/ex_2_re.png}
                                                  %[]ÈáåÂèØ‰ª•ÊåáÂÆöÂΩ±ÂÉèÂ§...

Using draft setting for this image.
Try typing  <return>  to proceed.
If that doesn't work, type  X <return>  to quit.


LaTeX Warning: File `figures/modes_intensity_re.png' not found on input line 65
6.


! Package pdftex.def Error: File `figures/modes_intensity_re.png' not found.

See the pdftex.def package documentation for explanation.
Type  H <return>  for immediate help.
 ...                                              
                                                  
l.656 ...idth=8cm]{figures/modes_intensity_re.png}
                                                  %[]ÈáåÂèØ‰ª•ÊåáÂÆöÂΩ±ÂÉèÂ§...

Using draft setting for this image.
Try typing  <return>  to proceed.
If that doesn't work, type  X <return>  to quit.

[17] [18]

LaTeX Warning: Reference `section:reference' on page 19 undefined on input line
 675.

[19] [20]
(D:\ALL_kinds_of_files\Documents\MATLAB\summer\demoPtycho_2\tex\ptycho4.aux)

LaTeX Warning: There were undefined references.


LaTeX Warning: Label(s) may have changed. Rerun to get cross-references right.

 ) 
Here is how much of TeX's memory you used:
 4044 strings out of 495354
 50981 string characters out of 3183412
 133205 words of memory out of 3000000
 7140 multiletter control sequences out of 15000+200000
 15255 words of font info for 58 fonts, out of 3000000 for 9000
 14 hyphenation exceptions out of 8191
 27i,16n,26p,583b,519s stack positions out of 5000i,500n,10000p,200000b,50000s
<D:/program/CTEX/MiKTeX/fonts/type1/public/amsfonts/cm/cmbx10.pfb><D:/program
/CTEX/MiKTeX/fonts/type1/public/amsfonts/cm/cmbx12.pfb><D:/program/CTEX/MiKTeX/
fonts/type1/public/amsfonts/cm/cmbx7.pfb><D:/program/CTEX/MiKTeX/fonts/type1/pu
blic/amsfonts/cm/cmex10.pfb><D:/program/CTEX/MiKTeX/fonts/type1/public/amsfonts
/cm/cmmi10.pfb><D:/program/CTEX/MiKTeX/fonts/type1/public/amsfonts/cm/cmmi12.pf
b><D:/program/CTEX/MiKTeX/fonts/type1/public/amsfonts/cm/cmmi5.pfb><D:/program/
CTEX/MiKTeX/fonts/type1/public/amsfonts/cm/cmmi7.pfb><D:/program/CTEX/MiKTeX/fo
nts/type1/public/amsfonts/cm/cmmi8.pfb><D:/program/CTEX/MiKTeX/fonts/type1/publ
ic/amsfonts/cm/cmmib10.pfb><D:/program/CTEX/MiKTeX/fonts/type1/public/amsfonts/
cm/cmr10.pfb><D:/program/CTEX/MiKTeX/fonts/type1/public/amsfonts/cm/cmr12.pfb><
D:/program/CTEX/MiKTeX/fonts/type1/public/amsfonts/cm/cmr17.pfb><D:/program/CTE
X/MiKTeX/fonts/type1/public/amsfonts/cm/cmr5.pfb><D:/program/CTEX/MiKTeX/fonts/
type1/public/amsfonts/cm/cmr6.pfb><D:/program/CTEX/MiKTeX/fonts/type1/public/am
sfonts/cm/cmr7.pfb><D:/program/CTEX/MiKTeX/fonts/type1/public/amsfonts/cm/cmr8.
pfb><D:/program/CTEX/MiKTeX/fonts/type1/public/amsfonts/cm/cmsy10.pfb><D:/progr
am/CTEX/MiKTeX/fonts/type1/public/amsfonts/cm/cmsy5.pfb><D:/program/CTEX/MiKTeX
/fonts/type1/public/amsfonts/cm/cmsy7.pfb><D:/program/CTEX/MiKTeX/fonts/type1/p
ublic/amsfonts/cm/cmti10.pfb><D:/program/CTEX/MiKTeX/fonts/type1/public/amsfont
s/cm/cmtt10.pfb><D:/program/CTEX/MiKTeX/fonts/type1/public/amsfonts/cm/cmtt8.pf
b><D:/program/CTEX/MiKTeX/fonts/type1/public/amsfonts/symbols/msbm10.pfb><D:/pr
ogram/CTEX/MiKTeX/fonts/type1/public/amsfonts/symbols/msbm7.pfb>
Output written on ptycho4.pdf (20 pages, 331806 bytes).
PDF statistics:
 167 PDF objects out of 1000 (max. 8388607)
 0 named destinations out of 1000 (max. 500000)
 1 words of extra memory for PDF output out of 10000 (max. 10000000)

