This is pdfTeX, Version 3.141592653-2.6-1.40.25 (TeX Live 2023) (preloaded format=pdflatex 2023.3.26)  18 JUN 2023 21:48
entering extended mode
 restricted \write18 enabled.
 %&-line parsing enabled.
**ptycho9.tex
(./ptycho9.tex
LaTeX2e <2022-11-01> patch level 1
L3 programming layer <2023-02-22>
(/usr/local/texlive/2023/texmf-dist/tex/latex/base/article.cls
Document Class: article 2022/07/02 v1.4n Standard LaTeX document class
(/usr/local/texlive/2023/texmf-dist/tex/latex/base/size10.clo
File: size10.clo 2022/07/02 v1.4n Standard LaTeX file (size option)
)
\c@part=\count185
\c@section=\count186
\c@subsection=\count187
\c@subsubsection=\count188
\c@paragraph=\count189
\c@subparagraph=\count190
\c@figure=\count191
\c@table=\count192
\abovecaptionskip=\skip48
\belowcaptionskip=\skip49
\bibindent=\dimen140
)
(/usr/local/texlive/2023/texmf-dist/tex/latex/base/inputenc.sty
Package: inputenc 2021/02/14 v1.3d Input encoding file
\inpenc@prehook=\toks16
\inpenc@posthook=\toks17
)
(/usr/local/texlive/2023/texmf-dist/tex/latex/amsfonts/amssymb.sty
Package: amssymb 2013/01/14 v3.01 AMS font symbols

(/usr/local/texlive/2023/texmf-dist/tex/latex/amsfonts/amsfonts.sty
Package: amsfonts 2013/01/14 v3.01 Basic AMSFonts support
\@emptytoks=\toks18
\symAMSa=\mathgroup4
\symAMSb=\mathgroup5
LaTeX Font Info:    Redeclaring math symbol \hbar on input line 98.
LaTeX Font Info:    Overwriting math alphabet `\mathfrak' in version `bold'
(Font)                  U/euf/m/n --> U/euf/b/n on input line 106.
))
(/usr/local/texlive/2023/texmf-dist/tex/latex/amsmath/amsmath.sty
Package: amsmath 2022/04/08 v2.17n AMS math features
\@mathmargin=\skip50

For additional information on amsmath, use the `?' option.
(/usr/local/texlive/2023/texmf-dist/tex/latex/amsmath/amstext.sty
Package: amstext 2021/08/26 v2.01 AMS text

(/usr/local/texlive/2023/texmf-dist/tex/latex/amsmath/amsgen.sty
File: amsgen.sty 1999/11/30 v2.0 generic functions
\@emptytoks=\toks19
\ex@=\dimen141
))
(/usr/local/texlive/2023/texmf-dist/tex/latex/amsmath/amsbsy.sty
Package: amsbsy 1999/11/29 v1.2d Bold Symbols
\pmbraise@=\dimen142
)
(/usr/local/texlive/2023/texmf-dist/tex/latex/amsmath/amsopn.sty
Package: amsopn 2022/04/08 v2.04 operator names
)
\inf@bad=\count193
LaTeX Info: Redefining \frac on input line 234.
\uproot@=\count194
\leftroot@=\count195
LaTeX Info: Redefining \overline on input line 399.
LaTeX Info: Redefining \colon on input line 410.
\classnum@=\count196
\DOTSCASE@=\count197
LaTeX Info: Redefining \ldots on input line 496.
LaTeX Info: Redefining \dots on input line 499.
LaTeX Info: Redefining \cdots on input line 620.
\Mathstrutbox@=\box51
\strutbox@=\box52
LaTeX Info: Redefining \big on input line 722.
LaTeX Info: Redefining \Big on input line 723.
LaTeX Info: Redefining \bigg on input line 724.
LaTeX Info: Redefining \Bigg on input line 725.
\big@size=\dimen143
LaTeX Font Info:    Redeclaring font encoding OML on input line 743.
LaTeX Font Info:    Redeclaring font encoding OMS on input line 744.
\macc@depth=\count198
LaTeX Info: Redefining \bmod on input line 905.
LaTeX Info: Redefining \pmod on input line 910.
LaTeX Info: Redefining \smash on input line 940.
LaTeX Info: Redefining \relbar on input line 970.
LaTeX Info: Redefining \Relbar on input line 971.
\c@MaxMatrixCols=\count199
\dotsspace@=\muskip16
\c@parentequation=\count266
\dspbrk@lvl=\count267
\tag@help=\toks20
\row@=\count268
\column@=\count269
\maxfields@=\count270
\andhelp@=\toks21
\eqnshift@=\dimen144
\alignsep@=\dimen145
\tagshift@=\dimen146
\tagwidth@=\dimen147
\totwidth@=\dimen148
\lineht@=\dimen149
\@envbody=\toks22
\multlinegap=\skip51
\multlinetaggap=\skip52
\mathdisplay@stack=\toks23
LaTeX Info: Redefining \[ on input line 2953.
LaTeX Info: Redefining \] on input line 2954.
)
(/usr/local/texlive/2023/texmf-dist/tex/latex/amscls/amsthm.sty
Package: amsthm 2020/05/29 v2.20.6
\thm@style=\toks24
\thm@bodyfont=\toks25
\thm@headfont=\toks26
\thm@notefont=\toks27
\thm@headpunct=\toks28
\thm@preskip=\skip53
\thm@postskip=\skip54
\thm@headsep=\skip55
\dth@everypar=\toks29
)
(/usr/local/texlive/2023/texmf-dist/tex/latex/graphics/graphicx.sty
Package: graphicx 2021/09/16 v1.2d Enhanced LaTeX Graphics (DPC,SPQR)

(/usr/local/texlive/2023/texmf-dist/tex/latex/graphics/keyval.sty
Package: keyval 2022/05/29 v1.15 key=value parser (DPC)
\KV@toks@=\toks30
)
(/usr/local/texlive/2023/texmf-dist/tex/latex/graphics/graphics.sty
Package: graphics 2022/03/10 v1.4e Standard LaTeX Graphics (DPC,SPQR)

(/usr/local/texlive/2023/texmf-dist/tex/latex/graphics/trig.sty
Package: trig 2021/08/11 v1.11 sin cos tan (DPC)
)
(/usr/local/texlive/2023/texmf-dist/tex/latex/graphics-cfg/graphics.cfg
File: graphics.cfg 2016/06/04 v1.11 sample graphics configuration
)
Package graphics Info: Driver file: pdftex.def on input line 107.

(/usr/local/texlive/2023/texmf-dist/tex/latex/graphics-def/pdftex.def
File: pdftex.def 2022/09/22 v1.2b Graphics/color driver for pdftex
))
\Gin@req@height=\dimen150
\Gin@req@width=\dimen151
)
(/usr/local/texlive/2023/texmf-dist/tex/latex/float/float.sty
Package: float 2001/11/08 v1.3d Float enhancements (AL)
\c@float@type=\count271
\float@exts=\toks31
\float@box=\box53
\@float@everytoks=\toks32
\@floatcapt=\box54
)
(/usr/local/texlive/2023/texmf-dist/tex/latex/url/url.sty
\Urlmuskip=\muskip17
Package: url 2013/09/16  ver 3.4  Verb mode for urls, etc.
)
(/usr/local/texlive/2023/texmf-dist/tex/latex/framed/framed.sty
Package: framed 2011/10/22 v 0.96: framed or shaded text with page breaks
\OuterFrameSep=\skip56
\fb@frw=\dimen152
\fb@frh=\dimen153
\FrameRule=\dimen154
\FrameSep=\dimen155
)
(/usr/local/texlive/2023/texmf-dist/tex/latex/booktabs/booktabs.sty
Package: booktabs 2020/01/12 v1.61803398 Publication quality tables
\heavyrulewidth=\dimen156
\lightrulewidth=\dimen157
\cmidrulewidth=\dimen158
\belowrulesep=\dimen159
\belowbottomsep=\dimen160
\aboverulesep=\dimen161
\abovetopsep=\dimen162
\cmidrulesep=\dimen163
\cmidrulekern=\dimen164
\defaultaddspace=\dimen165
\@cmidla=\count272
\@cmidlb=\count273
\@aboverulesep=\dimen166
\@belowrulesep=\dimen167
\@thisruleclass=\count274
\@lastruleclass=\count275
\@thisrulewidth=\dimen168
)
(/usr/local/texlive/2023/texmf-dist/tex/latex/enumitem/enumitem.sty
Package: enumitem 2019/06/20 v3.9 Customized lists
\labelindent=\skip57
\enit@outerparindent=\dimen169
\enit@toks=\toks33
\enit@inbox=\box55
\enit@count@id=\count276
\enitdp@description=\count277
)
(/usr/local/texlive/2023/texmf-dist/tex/latex/extarrows/extarrows.sty
Package: extarrows 2020/03/12 v1.2.0 Some extensible arrows
)
(/usr/local/texlive/2023/texmf-dist/tex/latex/caption/subcaption.sty
Package: subcaption 2023/02/19 v1.6 Sub-captions (AR)

(/usr/local/texlive/2023/texmf-dist/tex/latex/caption/caption.sty
Package: caption 2023/03/12 v3.6j Customizing captions (AR)

(/usr/local/texlive/2023/texmf-dist/tex/latex/caption/caption3.sty
Package: caption3 2023/03/12 v2.4 caption3 kernel (AR)
\caption@tempdima=\dimen170
\captionmargin=\dimen171
\caption@leftmargin=\dimen172
\caption@rightmargin=\dimen173
\caption@width=\dimen174
\caption@indent=\dimen175
\caption@parindent=\dimen176
\caption@hangindent=\dimen177
Package caption Info: Standard document class detected.
)
\c@caption@flags=\count278
\c@continuedfloat=\count279
Package caption Info: float package is loaded.
)
Package caption Info: New subtype `subfigure' on input line 239.
\c@subfigure=\count280
Package caption Info: New subtype `subtable' on input line 239.
\c@subtable=\count281
)
(/usr/local/texlive/2023/texmf-dist/tex/latex/epstopdf-pkg/epstopdf.sty
Package: epstopdf 2020-01-24 v2.11 Conversion with epstopdf on the fly (HO)

(/usr/local/texlive/2023/texmf-dist/tex/generic/infwarerr/infwarerr.sty
Package: infwarerr 2019/12/03 v1.5 Providing info/warning/error messages (HO)
)
(/usr/local/texlive/2023/texmf-dist/tex/latex/grfext/grfext.sty
Package: grfext 2019/12/03 v1.3 Manage graphics extensions (HO)

(/usr/local/texlive/2023/texmf-dist/tex/generic/kvdefinekeys/kvdefinekeys.sty
Package: kvdefinekeys 2019-12-19 v1.6 Define keys (HO)
)) (/usr/local/texlive/2023/texmf-dist/tex/latex/kvoptions/kvoptions.sty
Package: kvoptions 2022-06-15 v3.15 Key value format for package options (HO)

(/usr/local/texlive/2023/texmf-dist/tex/generic/ltxcmds/ltxcmds.sty
Package: ltxcmds 2020-05-10 v1.25 LaTeX kernel commands for general use (HO)
)
(/usr/local/texlive/2023/texmf-dist/tex/latex/kvsetkeys/kvsetkeys.sty
Package: kvsetkeys 2022-10-05 v1.19 Key value parser (HO)
))
(/usr/local/texlive/2023/texmf-dist/tex/generic/pdftexcmds/pdftexcmds.sty
Package: pdftexcmds 2020-06-27 v0.33 Utility functions of pdfTeX for LuaTeX (HO
)

(/usr/local/texlive/2023/texmf-dist/tex/generic/iftex/iftex.sty
Package: iftex 2022/02/03 v1.0f TeX engine tests
)
Package pdftexcmds Info: \pdf@primitive is available.
Package pdftexcmds Info: \pdf@ifprimitive is available.
Package pdftexcmds Info: \pdfdraftmode found.
)
(/usr/local/texlive/2023/texmf-dist/tex/latex/epstopdf-pkg/epstopdf-base.sty
Package: epstopdf-base 2020-01-24 v2.11 Base part for package epstopdf
Package epstopdf-base Info: Redefining graphics rule for `.eps' on input line 4
85.
Package grfext Info: Graphics extension search list:
(grfext)             [.pdf,.png,.jpg,.mps,.jpeg,.jbig2,.jb2,.PDF,.PNG,.JPG,.JPE
G,.JBIG2,.JB2,.eps]
(grfext)             \AppendGraphicsExtensions on input line 504.

(/usr/local/texlive/2023/texmf-dist/tex/latex/latexconfig/epstopdf-sys.cfg
File: epstopdf-sys.cfg 2010/07/13 v1.3 Configuration of (r)epstopdf for TeX Liv
e
)))
(/usr/local/texlive/2023/texmf-dist/tex/latex/hyperref/hyperref.sty
Package: hyperref 2023-02-07 v7.00v Hypertext links for LaTeX

(/usr/local/texlive/2023/texmf-dist/tex/generic/pdfescape/pdfescape.sty
Package: pdfescape 2019/12/09 v1.15 Implements pdfTeX's escape features (HO)
)
(/usr/local/texlive/2023/texmf-dist/tex/latex/hycolor/hycolor.sty
Package: hycolor 2020-01-27 v1.10 Color options for hyperref/bookmark (HO)
)
(/usr/local/texlive/2023/texmf-dist/tex/latex/letltxmacro/letltxmacro.sty
Package: letltxmacro 2019/12/03 v1.6 Let assignment for LaTeX macros (HO)
)
(/usr/local/texlive/2023/texmf-dist/tex/latex/auxhook/auxhook.sty
Package: auxhook 2019-12-17 v1.6 Hooks for auxiliary files (HO)
)
(/usr/local/texlive/2023/texmf-dist/tex/latex/hyperref/nameref.sty
Package: nameref 2022-05-17 v2.50 Cross-referencing by name of section

(/usr/local/texlive/2023/texmf-dist/tex/latex/refcount/refcount.sty
Package: refcount 2019/12/15 v3.6 Data extraction from label references (HO)
)
(/usr/local/texlive/2023/texmf-dist/tex/generic/gettitlestring/gettitlestring.s
ty
Package: gettitlestring 2019/12/15 v1.6 Cleanup title references (HO)
)
\c@section@level=\count282
)
\@linkdim=\dimen178
\Hy@linkcounter=\count283
\Hy@pagecounter=\count284
 (/usr/local/texlive/2023/texmf-dist/tex/latex/hyperref/pd1enc.def
File: pd1enc.def 2023-02-07 v7.00v Hyperref: PDFDocEncoding definition (HO)
Now handling font encoding PD1 ...
... no UTF-8 mapping file for font encoding PD1
)
(/usr/local/texlive/2023/texmf-dist/tex/generic/intcalc/intcalc.sty
Package: intcalc 2019/12/15 v1.3 Expandable calculations with integers (HO)
)
(/usr/local/texlive/2023/texmf-dist/tex/generic/etexcmds/etexcmds.sty
Package: etexcmds 2019/12/15 v1.7 Avoid name clashes with e-TeX commands (HO)
)
\Hy@SavedSpaceFactor=\count285

(/usr/local/texlive/2023/texmf-dist/tex/latex/hyperref/puenc.def
File: puenc.def 2023-02-07 v7.00v Hyperref: PDF Unicode definition (HO)
Now handling font encoding PU ...
... no UTF-8 mapping file for font encoding PU
)
Package hyperref Info: Hyper figures OFF on input line 4177.
Package hyperref Info: Link nesting OFF on input line 4182.
Package hyperref Info: Hyper index ON on input line 4185.
Package hyperref Info: Plain pages OFF on input line 4192.
Package hyperref Info: Backreferencing OFF on input line 4197.
Package hyperref Info: Implicit mode ON; LaTeX internals redefined.
Package hyperref Info: Bookmarks ON on input line 4425.
\c@Hy@tempcnt=\count286
LaTeX Info: Redefining \url on input line 4763.
\XeTeXLinkMargin=\dimen179

(/usr/local/texlive/2023/texmf-dist/tex/generic/bitset/bitset.sty
Package: bitset 2019/12/09 v1.3 Handle bit-vector datatype (HO)

(/usr/local/texlive/2023/texmf-dist/tex/generic/bigintcalc/bigintcalc.sty
Package: bigintcalc 2019/12/15 v1.5 Expandable calculations on big integers (HO
)
))
\Fld@menulength=\count287
\Field@Width=\dimen180
\Fld@charsize=\dimen181
Package hyperref Info: Hyper figures OFF on input line 6042.
Package hyperref Info: Link nesting OFF on input line 6047.
Package hyperref Info: Hyper index ON on input line 6050.
Package hyperref Info: backreferencing OFF on input line 6057.
Package hyperref Info: Link coloring OFF on input line 6062.
Package hyperref Info: Link coloring with OCG OFF on input line 6067.
Package hyperref Info: PDF/A mode OFF on input line 6072.

(/usr/local/texlive/2023/texmf-dist/tex/latex/base/atbegshi-ltx.sty
Package: atbegshi-ltx 2021/01/10 v1.0c Emulation of the original atbegshi
package with kernel methods
)
\Hy@abspage=\count288
\c@Item=\count289
\c@Hfootnote=\count290
)
Package hyperref Info: Driver (autodetected): hpdftex.

(/usr/local/texlive/2023/texmf-dist/tex/latex/hyperref/hpdftex.def
File: hpdftex.def 2023-02-07 v7.00v Hyperref driver for pdfTeX

(/usr/local/texlive/2023/texmf-dist/tex/latex/base/atveryend-ltx.sty
Package: atveryend-ltx 2020/08/19 v1.0a Emulation of the original atveryend pac
kage
with kernel methods
)
\Fld@listcount=\count291
\c@bookmark@seq@number=\count292

(/usr/local/texlive/2023/texmf-dist/tex/latex/rerunfilecheck/rerunfilecheck.sty
Package: rerunfilecheck 2022-07-10 v1.10 Rerun checks for auxiliary files (HO)

(/usr/local/texlive/2023/texmf-dist/tex/generic/uniquecounter/uniquecounter.sty
Package: uniquecounter 2019/12/15 v1.4 Provide unlimited unique counter (HO)
)
Package uniquecounter Info: New unique counter `rerunfilecheck' on input line 2
85.
)
\Hy@SectionHShift=\skip58
) (/usr/local/texlive/2023/texmf-dist/tex/latex/natbib/natbib.sty
Package: natbib 2010/09/13 8.31b (PWD, AO)
\bibhang=\skip59
\bibsep=\skip60
LaTeX Info: Redefining \cite on input line 694.
\c@NAT@ctr=\count293
)
(/usr/local/texlive/2023/texmf-dist/tex/latex/algorithm2e/algorithm2e.sty
Package: algorithm2e 2017/07/18 v5.2 algorithms environments
\c@AlgoLine=\count294

(/usr/local/texlive/2023/texmf-dist/tex/latex/base/ifthen.sty
Package: ifthen 2022/04/13 v1.1d Standard LaTeX ifthen package (DPC)
)
\algocf@hangindent=\skip61

(/usr/local/texlive/2023/texmf-dist/tex/latex/ifoddpage/ifoddpage.sty
Package: ifoddpage 2022/10/18 v1.2 Conditionals for odd/even page detection
\c@checkoddpage=\count295
)
(/usr/local/texlive/2023/texmf-dist/tex/latex/tools/xspace.sty
Package: xspace 2014/10/28 v1.13 Space after command names (DPC,MH)
)
(/usr/local/texlive/2023/texmf-dist/tex/latex/relsize/relsize.sty
Package: relsize 2013/03/29 ver 4.1
)
\skiptotal=\skip62
\skiplinenumber=\skip63
\skiprule=\skip64
\skiphlne=\skip65
\skiptext=\skip66
\skiplength=\skip67
\algomargin=\skip68
\skipalgocfslide=\skip69
\algowidth=\dimen182
\inoutsize=\dimen183
\inoutindent=\dimen184
\interspacetitleruled=\dimen185
\interspacealgoruled=\dimen186
\interspacetitleboxruled=\dimen187
\algocf@ruledwidth=\skip70
\algocf@inoutbox=\box56
\algocf@inputbox=\box57
\AlCapSkip=\skip71
\AlCapHSkip=\skip72
\algoskipindent=\skip73
\algocf@nlbox=\box58
\algocf@hangingbox=\box59
\algocf@untilbox=\box60
\algocf@skipuntil=\skip74
\algocf@capbox=\box61
\algocf@lcaptionbox=\skip75
\algoheightruledefault=\skip76
\algoheightrule=\skip77
\algotitleheightruledefault=\skip78
\algotitleheightrule=\skip79
\c@algocfline=\count296
\c@algocfproc=\count297
\c@algocf=\count298
\algocf@algoframe=\box62
\algocf@algobox=\box63
)
(/usr/local/texlive/2023/texmf-dist/tex/latex/l3backend/l3backend-pdftex.def
File: l3backend-pdftex.def 2023-01-16 L3 backend support: PDF output (pdfTeX)
\l__color_backend_stack_int=\count299
\l__pdf_internal_box=\box64
)
(./ptycho9.aux

LaTeX Warning: Label `fig:noise' multiply defined.


LaTeX Warning: Label `zup' multiply defined.


LaTeX Warning: Label `Dup' multiply defined.

)
\openout1 = `ptycho9.aux'.

LaTeX Font Info:    Checking defaults for OML/cmm/m/it on input line 28.
LaTeX Font Info:    ... okay on input line 28.
LaTeX Font Info:    Checking defaults for OMS/cmsy/m/n on input line 28.
LaTeX Font Info:    ... okay on input line 28.
LaTeX Font Info:    Checking defaults for OT1/cmr/m/n on input line 28.
LaTeX Font Info:    ... okay on input line 28.
LaTeX Font Info:    Checking defaults for T1/cmr/m/n on input line 28.
LaTeX Font Info:    ... okay on input line 28.
LaTeX Font Info:    Checking defaults for TS1/cmr/m/n on input line 28.
LaTeX Font Info:    ... okay on input line 28.
LaTeX Font Info:    Checking defaults for OMX/cmex/m/n on input line 28.
LaTeX Font Info:    ... okay on input line 28.
LaTeX Font Info:    Checking defaults for U/cmr/m/n on input line 28.
LaTeX Font Info:    ... okay on input line 28.
LaTeX Font Info:    Checking defaults for PD1/pdf/m/n on input line 28.
LaTeX Font Info:    ... okay on input line 28.
LaTeX Font Info:    Checking defaults for PU/pdf/m/n on input line 28.
LaTeX Font Info:    ... okay on input line 28.
 (/usr/local/texlive/2023/texmf-dist/tex/context/base/mkii/supp-pdf.mkii
[Loading MPS to PDF converter (version 2006.09.02).]
\scratchcounter=\count300
\scratchdimen=\dimen188
\scratchbox=\box65
\nofMPsegments=\count301
\nofMParguments=\count302
\everyMPshowfont=\toks34
\MPscratchCnt=\count303
\MPscratchDim=\dimen189
\MPnumerator=\count304
\makeMPintoPDFobject=\count305
\everyMPtoPDFconversion=\toks35
)
Package caption Info: Begin \AtBeginDocument code.
Package caption Info: hyperref package is loaded.
Package caption Info: End \AtBeginDocument code.
Package hyperref Info: Link coloring OFF on input line 28.
 (./ptycho9.out) (./ptycho9.out)
\@outlinefile=\write3
\openout3 = `ptycho9.out'.

LaTeX Font Info:    Trying to load font information for U+msa on input line 31.


(/usr/local/texlive/2023/texmf-dist/tex/latex/amsfonts/umsa.fd
File: umsa.fd 2013/01/14 v3.01 AMS symbols A
)
LaTeX Font Info:    Trying to load font information for U+msb on input line 31.


(/usr/local/texlive/2023/texmf-dist/tex/latex/amsfonts/umsb.fd
File: umsb.fd 2013/01/14 v3.01 AMS symbols B
)

LaTeX Warning: No \author given.

(./ptycho9.toc)
\tf@toc=\write4
\openout4 = `ptycho9.toc'.

 [1

{/usr/local/texlive/2023/texmf-var/fonts/map/pdftex/updmap/pdftex.map}]

Package hyperref Warning: Token not allowed in a PDF string (Unicode):
(hyperref)                removing `\begingroup' on input line 61.


Package hyperref Warning: Token not allowed in a PDF string (Unicode):
(hyperref)                removing `\<let>-command' on input line 61.


Package hyperref Warning: Token not allowed in a PDF string (Unicode):
(hyperref)                removing `\NAT@ctype' on input line 61.


Package hyperref Warning: Token not allowed in a PDF string (Unicode):
(hyperref)                removing `\z@' on input line 61.


Package hyperref Warning: Token not allowed in a PDF string (Unicode):
(hyperref)                removing `\let' on input line 61.


Package hyperref Warning: Token not allowed in a PDF string (Unicode):
(hyperref)                removing `\let' on input line 61.


Package hyperref Warning: Token not allowed in a PDF string (Unicode):
(hyperref)                removing `\new@ifnextchar' on input line 61.


Package hyperref Warning: Token not allowed in a PDF string (Unicode):
(hyperref)                removing `\begingroup' on input line 84.


Package hyperref Warning: Token not allowed in a PDF string (Unicode):
(hyperref)                removing `\<let>-command' on input line 84.


Package hyperref Warning: Token not allowed in a PDF string (Unicode):
(hyperref)                removing `\NAT@ctype' on input line 84.


Package hyperref Warning: Token not allowed in a PDF string (Unicode):
(hyperref)                removing `\z@' on input line 84.


Package hyperref Warning: Token not allowed in a PDF string (Unicode):
(hyperref)                removing `\let' on input line 84.


Package hyperref Warning: Token not allowed in a PDF string (Unicode):
(hyperref)                removing `\let' on input line 84.


Package hyperref Warning: Token not allowed in a PDF string (Unicode):
(hyperref)                removing `\new@ifnextchar' on input line 84.

[2]

LaTeX Warning: Reference `simple' on page 3 undefined on input line 97.


LaTeX Warning: Reference `simple' on page 3 undefined on input line 97.


Underfull \hbox (badness 10000) in paragraph at lines 100--100
[][][][]$\OT1/cmtt/m/n/8 https : / / homepage . univie . ac . at / reinhold . b
ertlmann / pdfs / T2 _ Skript _ Ch _ 9corr .
 []

[3]

LaTeX Warning: Reference `sep' on page 4 undefined on input line 175.


Overfull \hbox (1.92908pt too wide) detected at line 187
[][][][][]
 []


LaTeX Warning: Reference `simple' on page 4 undefined on input line 195.


LaTeX Warning: Reference `simple' on page 4 undefined on input line 209.

[4]

LaTeX Warning: Reference `sep' on page 5 undefined on input line 226.


Overfull \hbox (16.09033pt too wide) in paragraph at lines 257--259
[]\OT1/cmr/m/n/10 From the Fourier rep-re-sen-ta-tion of con-vo-lu-tion op-er-a
-tor, we know $\OML/cmm/m/it/10 Fdiag\OT1/cmr/m/n/10 (\OML/cmm/m/it/10 ^^T\OT1/
cmr/m/n/10 )\OML/cmm/m/it/10 F[] \OT1/cmr/m/n/10 =
 []

[5]
Overfull \hbox (8.31049pt too wide) detected at line 317
[][]
 []

Package epstopdf Info: Source file: <../figures/gradients.eps>
(epstopdf)                    date: 2021-11-04 20:06:48
(epstopdf)                    size: 113453 bytes
(epstopdf)             Output file: <../figures/gradients-eps-converted-to.pdf>

(epstopdf)                    date: 2021-11-04 20:07:00
(epstopdf)                    size: 51197 bytes
(epstopdf)             Command: <repstopdf --outfile=../figures/gradients-eps-c
onverted-to.pdf ../figures/gradients.eps>
(epstopdf)             \includegraphics on input line 325.
Package epstopdf Info: Output file is already uptodate.
<../figures/gradients-eps-converted-to.pdf, id=225, 338.26375pt x 237.88875pt>
File: ../figures/gradients-eps-converted-to.pdf Graphic file (type pdf)
<use ../figures/gradients-eps-converted-to.pdf>
Package pdftex.def Info: ../figures/gradients-eps-converted-to.pdf  used on inp
ut line 325.
(pdftex.def)             Requested size: 310.4979pt x 218.37025pt.
[6]
Missing character: There is no c in font msbm10!

Overfull \hbox (1.82263pt too wide) in paragraph at lines 347--350
\U/msb/m/n/10 C[]$\OT1/cmr/m/n/10 , $[] : \U/msb/m/n/10 C[] \OMS/cmsy/m/n/10 ^^
B \U/msb/m/n/10 C[] \OMS/cmsy/m/n/10 ! \U/msb/m/n/10 R[]$\OT1/cmr/m/n/10 , and 
$[] : \U/msb/m/n/10 C[] \OMS/cmsy/m/n/10 ^^B \U/msb/m/n/10 C[] \OMS/cmsy/m/n/10
 !
 []

[7 <../figures/gradients-eps-converted-to.pdf>]
Overfull \hbox (8.05954pt too wide) detected at line 394
[][]
 []


Overfull \hbox (26.70793pt too wide) detected at line 404
[][][][][]
 []


Overfull \hbox (55.50578pt too wide) detected at line 422
[]
 []

[8]

Package hyperref Warning: Token not allowed in a PDF string (Unicode):
(hyperref)                removing `math shift' on input line 425.


Package hyperref Warning: Token not allowed in a PDF string (Unicode):
(hyperref)                removing `math shift' on input line 425.


Package hyperref Warning: Token not allowed in a PDF string (Unicode):
(hyperref)                removing `math shift' on input line 425.


Package hyperref Warning: Token not allowed in a PDF string (Unicode):
(hyperref)                removing `math shift' on input line 425.


Overfull \hbox (25.23653pt too wide) detected at line 436
[][]
 []


Package hyperref Warning: Token not allowed in a PDF string (Unicode):
(hyperref)                removing `math shift' on input line 456.


Package hyperref Warning: Token not allowed in a PDF string (Unicode):
(hyperref)                removing `math shift' on input line 456.


Overfull \hbox (6.2995pt too wide) detected at line 466
\OT1/cmr/m/n/10 = [] [] [][[]([] \OMS/cmsy/m/n/10 ^^@ \OML/cmm/m/it/10 Y\OT1/cm
r/m/n/10 (\OML/cmm/m/it/10 x; y; j\OT1/cmr/m/n/10 ))[] + []\OMS/cmsy/m/n/10 jj\
OML/cmm/m/it/10 z\OT1/cmr/m/n/10 (\OML/cmm/m/it/10 x; y; j; \OT1/cmr/m/n/10 :) 
\OMS/cmsy/m/n/10 ^^@ \OML/cmm/m/it/10 z[]\OT1/cmr/m/n/10 (\OML/cmm/m/it/10 x; y
; j; \OT1/cmr/m/n/10 :)\OMS/cmsy/m/n/10 jj[]\OT1/cmr/m/n/10 ]
 []

[9]

Package hyperref Warning: Token not allowed in a PDF string (Unicode):
(hyperref)                removing `math shift' on input line 480.


Package hyperref Warning: Token not allowed in a PDF string (Unicode):
(hyperref)                removing `math shift' on input line 480.


Package hyperref Warning: Token not allowed in a PDF string (Unicode):
(hyperref)                removing `math shift' on input line 480.


Package hyperref Warning: Token not allowed in a PDF string (Unicode):
(hyperref)                removing `\alpha' on input line 480.


Package hyperref Warning: Token not allowed in a PDF string (Unicode):
(hyperref)                removing `math shift' on input line 480.


LaTeX Warning: Reference `sep' on page 10 undefined on input line 511.

[10]

LaTeX Warning: Reference `simple' on page 11 undefined on input line 557.

[11] [12]
Package epstopdf Info: Source file: <../figures/modes_u.eps>
(epstopdf)                    date: 2021-09-16 22:07:10
(epstopdf)                    size: 182369 bytes
(epstopdf)             Output file: <../figures/modes_u-eps-converted-to.pdf>
(epstopdf)                    date: 2021-09-16 22:10:07
(epstopdf)                    size: 64237 bytes
(epstopdf)             Command: <repstopdf --outfile=../figures/modes_u-eps-con
verted-to.pdf ../figures/modes_u.eps>
(epstopdf)             \includegraphics on input line 661.
Package epstopdf Info: Output file is already uptodate.
<../figures/modes_u-eps-converted-to.pdf, id=327, 797.98125pt x 138.5175pt>
File: ../figures/modes_u-eps-converted-to.pdf Graphic file (type pdf)
<use ../figures/modes_u-eps-converted-to.pdf>
Package pdftex.def Info: ../figures/modes_u-eps-converted-to.pdf  used on input
 line 661.
(pdftex.def)             Requested size: 310.4979pt x 53.8969pt.
<../figures/modes_u_phaze.png, id=328, 324.46219pt x 60.225pt>
File: ../figures/modes_u_phaze.png Graphic file (type png)
<use ../figures/modes_u_phaze.png>
Package pdftex.def Info: ../figures/modes_u_phaze.png  used on input line 668.
(pdftex.def)             Requested size: 310.4979pt x 57.63704pt.
Package epstopdf Info: Source file: <../figures/modes_R.eps>
(epstopdf)                    date: 2021-09-16 22:25:06
(epstopdf)                    size: 93694 bytes
(epstopdf)             Output file: <../figures/modes_R-eps-converted-to.pdf>
(epstopdf)                    date: 2021-09-16 22:25:22
(epstopdf)                    size: 28457 bytes
(epstopdf)             Command: <repstopdf --outfile=../figures/modes_R-eps-con
verted-to.pdf ../figures/modes_R.eps>
(epstopdf)             \includegraphics on input line 682.
Package epstopdf Info: Output file is already uptodate.
<../figures/modes_R-eps-converted-to.pdf, id=329, 372.39125pt x 291.0875pt>
File: ../figures/modes_R-eps-converted-to.pdf Graphic file (type pdf)
<use ../figures/modes_R-eps-converted-to.pdf>
Package pdftex.def Info: ../figures/modes_R-eps-converted-to.pdf  used on input
 line 682.
(pdftex.def)             Requested size: 155.24895pt x 121.35425pt.
<../figures/modes_snr.png, id=330, 370.38374pt x 291.33844pt>
File: ../figures/modes_snr.png Graphic file (type png)
<use ../figures/modes_snr.png>
Package pdftex.def Info: ../figures/modes_snr.png  used on input line 689.
(pdftex.def)             Requested size: 155.24895pt x 122.1168pt.

Overfull \hbox (2.22221pt too wide) in paragraph at lines 679--693
[][] [] 
 []

[13 <../figures/modes_u-eps-converted-to.pdf> <../figures/modes_u_phaze.png (PN
G copy)>]
<../figures/modes_combine.png, id=354, 796.8972pt x 395.5578pt>
File: ../figures/modes_combine.png Graphic file (type png)
<use ../figures/modes_combine.png>
Package pdftex.def Info: ../figures/modes_combine.png  used on input line 706.
(pdftex.def)             Requested size: 345.0pt x 171.25142pt.
 [14 <../figures/modes_R-eps-converted-to.pdf> <../figures/modes_snr.png (PNG c
opy)> <../figures/modes_combine.png>]
<../figures/singular.png, id=367, 368.87813pt x 301.8778pt>
File: ../figures/singular.png Graphic file (type png)
<use ../figures/singular.png>
Package pdftex.def Info: ../figures/singular.png  used on input line 730.
(pdftex.def)             Requested size: 155.24895pt x 127.05037pt.
<../figures/singular_accumative.png, id=368, 322.95656pt x 301.8778pt>
File: ../figures/singular_accumative.png Graphic file (type png)
<use ../figures/singular_accumative.png>
Package pdftex.def Info: ../figures/singular_accumative.png  used on input line
 737.
(pdftex.def)             Requested size: 138.00052pt x 128.99422pt.

Overfull \hbox (2.22221pt too wide) in paragraph at lines 727--741
[][] [] 
 []

<../figures/approximation.png, id=370, 338.76563pt x 305.64188pt>
File: ../figures/approximation.png Graphic file (type png)
<use ../figures/approximation.png>
Package pdftex.def Info: ../figures/approximation.png  used on input line 749.
(pdftex.def)             Requested size: 276.00105pt x 249.02362pt.
[15 <../figures/singular.png (PNG copy)> <../figures/singular_accumative.png (P
NG copy)>]
Package epstopdf Info: Source file: <../figures/ort_R.eps>
(epstopdf)                    date: 2021-09-16 22:27:16
(epstopdf)                    size: 72939 bytes
(epstopdf)             Output file: <../figures/ort_R-eps-converted-to.pdf>
(epstopdf)                    date: 2021-09-16 22:28:00
(epstopdf)                    size: 22004 bytes
(epstopdf)             Command: <repstopdf --outfile=../figures/ort_R-eps-conve
rted-to.pdf ../figures/ort_R.eps>
(epstopdf)             \includegraphics on input line 763.
Package epstopdf Info: Output file is already uptodate.
<../figures/ort_R-eps-converted-to.pdf, id=378, 372.39125pt x 291.0875pt>
File: ../figures/ort_R-eps-converted-to.pdf Graphic file (type pdf)
<use ../figures/ort_R-eps-converted-to.pdf>
Package pdftex.def Info: ../figures/ort_R-eps-converted-to.pdf  used on input l
ine 763.
(pdftex.def)             Requested size: 113.85063pt x 88.99252pt.
Package epstopdf Info: Source file: <../figures/ort_snr.eps>
(epstopdf)                    date: 2021-09-17 00:22:32
(epstopdf)                    size: 68429 bytes
(epstopdf)             Output file: <../figures/ort_snr-eps-converted-to.pdf>
(epstopdf)                    date: 2021-09-17 00:24:29
(epstopdf)                    size: 21938 bytes
(epstopdf)             Command: <repstopdf --outfile=../figures/ort_snr-eps-con
verted-to.pdf ../figures/ort_snr.eps>
(epstopdf)             \includegraphics on input line 770.
Package epstopdf Info: Output file is already uptodate.
<../figures/ort_snr-eps-converted-to.pdf, id=379, 368.37625pt x 291.0875pt>
File: ../figures/ort_snr-eps-converted-to.pdf Graphic file (type pdf)
<use ../figures/ort_snr-eps-converted-to.pdf>
Package pdftex.def Info: ../figures/ort_snr-eps-converted-to.pdf  used on input
 line 770.
(pdftex.def)             Requested size: 103.50105pt x 81.78375pt.
Package epstopdf Info: Source file: <../figures/ort_cor.eps>
(epstopdf)                    date: 2021-09-16 22:27:38
(epstopdf)                    size: 70600 bytes
(epstopdf)             Output file: <../figures/ort_cor-eps-converted-to.pdf>
(epstopdf)                    date: 2021-09-16 22:28:03
(epstopdf)                    size: 23029 bytes
(epstopdf)             Command: <repstopdf --outfile=../figures/ort_cor-eps-con
verted-to.pdf ../figures/ort_cor.eps>
(epstopdf)             \includegraphics on input line 777.
Package epstopdf Info: Output file is already uptodate.
<../figures/ort_cor-eps-converted-to.pdf, id=380, 367.3725pt x 291.0875pt>
File: ../figures/ort_cor-eps-converted-to.pdf Graphic file (type pdf)
<use ../figures/ort_cor-eps-converted-to.pdf>
Package pdftex.def Info: ../figures/ort_cor-eps-converted-to.pdf  used on input
 line 777.
(pdftex.def)             Requested size: 103.50105pt x 82.00584pt.
 [16 <../figures/ort_R-eps-converted-to.pdf> <../figures/ort_snr-eps-converted-
to.pdf> <../figures/ort_cor-eps-converted-to.pdf> <../figures/approximation.png
 (PNG copy)>]
Package epstopdf Info: Source file: <../figures/noise_u.eps>
(epstopdf)                    date: 2021-09-16 22:22:39
(epstopdf)                    size: 166301 bytes
(epstopdf)             Output file: <../figures/noise_u-eps-converted-to.pdf>
(epstopdf)                    date: 2021-09-16 22:22:54
(epstopdf)                    size: 73557 bytes
(epstopdf)             Command: <repstopdf --outfile=../figures/noise_u-eps-con
verted-to.pdf ../figures/noise_u.eps>
(epstopdf)             \includegraphics on input line 811.
Package epstopdf Info: Output file is already uptodate.
<../figures/noise_u-eps-converted-to.pdf, id=396, 797.98125pt x 174.6525pt>
File: ../figures/noise_u-eps-converted-to.pdf Graphic file (type pdf)
<use ../figures/noise_u-eps-converted-to.pdf>
Package pdftex.def Info: ../figures/noise_u-eps-converted-to.pdf  used on input
 line 811.
(pdftex.def)             Requested size: 345.0pt x 75.5095pt.
<../figures/noise_R.png, id=397, 371.13657pt x 291.33844pt>
File: ../figures/noise_R.png Graphic file (type png)
<use ../figures/noise_R.png>
Package pdftex.def Info: ../figures/noise_R.png  used on input line 822.
(pdftex.def)             Requested size: 155.24895pt x 121.8723pt.
<../figures/noise_snr.png, id=398, 342.5297pt x 295.1025pt>
File: ../figures/noise_snr.png Graphic file (type png)
<use ../figures/noise_snr.png>
Package pdftex.def Info: ../figures/noise_snr.png  used on input line 829.
(pdftex.def)             Requested size: 138.00052pt x 118.89444pt.

Overfull \hbox (2.22221pt too wide) in paragraph at lines 819--833
[][] [] 
 []

[17 <../figures/noise_R.png (PNG copy)> <../figures/noise_snr.png (PNG copy)> <
../figures/noise_u-eps-converted-to.pdf>]
Overfull \hbox (21.0705pt too wide) detected at line 862
[][][][][]
 []

[18]

Package hyperref Warning: Token not allowed in a PDF string (Unicode):
(hyperref)                removing `math shift' on input line 917.


Package hyperref Warning: Token not allowed in a PDF string (Unicode):
(hyperref)                removing `\omega' on input line 917.


Package hyperref Warning: Token not allowed in a PDF string (Unicode):
(hyperref)                removing `math shift' on input line 917.

[19]
Overfull \hbox (6.2995pt too wide) detected at line 958
\OT1/cmr/m/n/10 = [] [] [][[]([] \OMS/cmsy/m/n/10 ^^@ \OML/cmm/m/it/10 Y\OT1/cm
r/m/n/10 (\OML/cmm/m/it/10 x; y; j\OT1/cmr/m/n/10 ))[] + []\OMS/cmsy/m/n/10 jj\
OML/cmm/m/it/10 z\OT1/cmr/m/n/10 (\OML/cmm/m/it/10 x; y; j; \OT1/cmr/m/n/10 :) 
\OMS/cmsy/m/n/10 ^^@ \OML/cmm/m/it/10 z[]\OT1/cmr/m/n/10 (\OML/cmm/m/it/10 x; y
; j; \OT1/cmr/m/n/10 :)\OMS/cmsy/m/n/10 jj[]\OT1/cmr/m/n/10 ]
 []

[20] [21] [22] (./ptycho9.aux)

LaTeX Warning: There were undefined references.


LaTeX Warning: There were multiply-defined labels.

Package rerunfilecheck Info: File `ptycho9.out' has not changed.
(rerunfilecheck)             Checksum: 74B757D247CAB24ED6D91701EE215256;4229.
 ) 
Here is how much of TeX's memory you used:
 13325 strings out of 476025
 217400 string characters out of 5790017
 1871388 words of memory out of 5000000
 33443 multiletter control sequences out of 15000+600000
 524033 words of font info for 76 fonts, out of 8000000 for 9000
 1141 hyphenation exceptions out of 8191
 67i,16n,77p,576b,698s stack positions out of 10000i,1000n,20000p,200000b,200000s
</usr/local/texlive/2023/texmf-dist/fonts/type1/public/amsfonts/cm/cmbx10.pfb
></usr/local/texlive/2023/texmf-dist/fonts/type1/public/amsfonts/cm/cmbx12.pfb>
</usr/local/texlive/2023/texmf-dist/fonts/type1/public/amsfonts/cm/cmbx7.pfb></
usr/local/texlive/2023/texmf-dist/fonts/type1/public/amsfonts/cm/cmex10.pfb></u
sr/local/texlive/2023/texmf-dist/fonts/type1/public/amsfonts/cm/cmmi10.pfb></us
r/local/texlive/2023/texmf-dist/fonts/type1/public/amsfonts/cm/cmmi12.pfb></usr
/local/texlive/2023/texmf-dist/fonts/type1/public/amsfonts/cm/cmmi5.pfb></usr/l
ocal/texlive/2023/texmf-dist/fonts/type1/public/amsfonts/cm/cmmi7.pfb></usr/loc
al/texlive/2023/texmf-dist/fonts/type1/public/amsfonts/cm/cmmi8.pfb></usr/local
/texlive/2023/texmf-dist/fonts/type1/public/amsfonts/cm/cmmib10.pfb></usr/local
/texlive/2023/texmf-dist/fonts/type1/public/amsfonts/cm/cmr10.pfb></usr/local/t
exlive/2023/texmf-dist/fonts/type1/public/amsfonts/cm/cmr12.pfb></usr/local/tex
live/2023/texmf-dist/fonts/type1/public/amsfonts/cm/cmr17.pfb></usr/local/texli
ve/2023/texmf-dist/fonts/type1/public/amsfonts/cm/cmr5.pfb></usr/local/texlive/
2023/texmf-dist/fonts/type1/public/amsfonts/cm/cmr6.pfb></usr/local/texlive/202
3/texmf-dist/fonts/type1/public/amsfonts/cm/cmr7.pfb></usr/local/texlive/2023/t
exmf-dist/fonts/type1/public/amsfonts/cm/cmr8.pfb></usr/local/texlive/2023/texm
f-dist/fonts/type1/public/amsfonts/cm/cmr9.pfb></usr/local/texlive/2023/texmf-d
ist/fonts/type1/public/amsfonts/cm/cmsy10.pfb></usr/local/texlive/2023/texmf-di
st/fonts/type1/public/amsfonts/cm/cmsy5.pfb></usr/local/texlive/2023/texmf-dist
/fonts/type1/public/amsfonts/cm/cmsy7.pfb></usr/local/texlive/2023/texmf-dist/f
onts/type1/public/amsfonts/cm/cmti10.pfb></usr/local/texlive/2023/texmf-dist/fo
nts/type1/public/amsfonts/cm/cmtt8.pfb></usr/local/texlive/2023/texmf-dist/font
s/type1/public/amsfonts/symbols/msbm10.pfb></usr/local/texlive/2023/texmf-dist/
fonts/type1/public/amsfonts/symbols/msbm7.pfb>
Output written on ptycho9.pdf (22 pages, 1382897 bytes).
PDF statistics:
 589 PDF objects out of 1000 (max. 8388607)
 477 compressed objects within 5 object streams
 132 named destinations out of 1000 (max. 500000)
 308 words of extra memory for PDF output out of 10000 (max. 10000000)

