\BOOKMARK [1][-]{section.1}{Models}{}% 1
\BOOKMARK [2][-]{subsection.1.1}{Coherent\040model}{section.1}% 2
\BOOKMARK [2][-]{subsection.1.2}{Specific\040partially\040coherent\040model}{section.1}% 3
\BOOKMARK [3][-]{subsubsection.1.2.1}{Model1chang}{subsection.1.2}% 4
\BOOKMARK [3][-]{subsubsection.1.2.2}{Model2psf}{subsection.1.2}% 5
\BOOKMARK [2][-]{subsection.1.3}{General\040partially\040coherent\040model}{section.1}% 6
\BOOKMARK [3][-]{subsubsection.1.3.1}{Decompositon\040model}{subsection.1.3}% 7
\BOOKMARK [3][-]{subsubsection.1.3.2}{The\040relation\040between\040models}{subsection.1.3}% 8
\BOOKMARK [2][-]{subsection.1.4}{Gradient\040Decomposition}{section.1}% 9
\BOOKMARK [1][-]{section.2}{ADMM-based\040numerical\040algorithm}{}% 10
\BOOKMARK [2][-]{subsection.2.1}{Subproblems\040w\040and\040u}{section.2}% 11
\BOOKMARK [2][-]{subsection.2.2}{Subproblem\040z}{section.2}% 12
\BOOKMARK [2][-]{subsection.2.3}{Subproblem\040D\040and\040}{section.2}% 13
\BOOKMARK [1][-]{section.3}{Numerical\040experiments}{}% 14
\BOOKMARK [2][-]{subsection.3.1}{Experiment\040setting}{section.3}% 15
\BOOKMARK [3][-]{subsubsection.3.1.1}{Parameters}{subsection.3.1}% 16
\BOOKMARK [3][-]{subsubsection.3.1.2}{Performance\040metrics}{subsection.3.1}% 17
\BOOKMARK [3][-]{subsubsection.3.1.3}{Operations\040on\040modes}{subsection.3.1}% 18
\BOOKMARK [2][-]{subsection.3.2}{Approximation\040by\040modes}{section.3}% 19
\BOOKMARK [2][-]{subsection.3.3}{Add\040orthogonalization\040constraint}{section.3}% 20
\BOOKMARK [2][-]{subsection.3.4}{Noisy\040case}{section.3}% 21
\BOOKMARK [1][-]{section.4}{进一步地讨论}{}% 22
\BOOKMARK [2][-]{subsection.4.1}{Density\040matrix\040in\040Fourier\040space}{section.4}% 23
\BOOKMARK [2][-]{subsection.4.2}{Ideas}{section.4}% 24
\BOOKMARK [1][-]{section.5}{Appendix}{}% 25
\BOOKMARK [2][-]{subsection.5.1}{Subproblems\040in\040ADMM}{section.5}% 26
\BOOKMARK [3][-]{subsubsection.5.1.1}{}{subsection.5.1}% 27
\BOOKMARK [3][-]{subsubsection.5.1.2}{z}{subsection.5.1}% 28
\BOOKMARK [3][-]{subsubsection.5.1.3}{D}{subsection.5.1}% 29
