\BOOKMARK [1][-]{section.1}{\376\377\000M\000o\000d\000e\000l\000s}{}% 1
\BOOKMARK [2][-]{subsection.1.1}{\376\377\000C\000o\000h\000e\000r\000e\000n\000t\000\040\000m\000o\000d\000e\000l}{section.1}% 2
\BOOKMARK [2][-]{subsection.1.2}{\376\377\000S\000p\000e\000c\000i\000f\000i\000c\000\040\000p\000a\000r\000t\000i\000a\000l\000l\000y\000\040\000c\000o\000h\000e\000r\000e\000n\000t\000\040\000m\000o\000d\000e\000l}{section.1}% 3
\BOOKMARK [3][-]{subsubsection.1.2.1}{\376\377\000M\000o\000d\000e\000l\0001\000c\000h\000a\000n\000g}{subsection.1.2}% 4
\BOOKMARK [3][-]{subsubsection.1.2.2}{\376\377\000M\000o\000d\000e\000l\0002\000p\000s\000f}{subsection.1.2}% 5
\BOOKMARK [2][-]{subsection.1.3}{\376\377\000G\000e\000n\000e\000r\000a\000l\000\040\000p\000a\000r\000t\000i\000a\000l\000l\000y\000\040\000c\000o\000h\000e\000r\000e\000n\000t\000\040\000m\000o\000d\000e\000l}{section.1}% 6
\BOOKMARK [3][-]{subsubsection.1.3.1}{\376\377\000D\000e\000c\000o\000m\000p\000o\000s\000i\000t\000o\000n\000\040\000m\000o\000d\000e\000l}{subsection.1.3}% 7
\BOOKMARK [3][-]{subsubsection.1.3.2}{\376\377\000T\000h\000e\000\040\000r\000e\000l\000a\000t\000i\000o\000n\000\040\000b\000e\000t\000w\000e\000e\000n\000\040\000m\000o\000d\000e\000l\000s}{subsection.1.3}% 8
\BOOKMARK [2][-]{subsection.1.4}{\376\377\000G\000r\000a\000d\000i\000e\000n\000t\000\040\000D\000e\000c\000o\000m\000p\000o\000s\000i\000t\000i\000o\000n}{section.1}% 9
\BOOKMARK [1][-]{section.2}{\376\377\000A\000D\000M\000M\000-\000b\000a\000s\000e\000d\000\040\000n\000u\000m\000e\000r\000i\000c\000a\000l\000\040\000a\000l\000g\000o\000r\000i\000t\000h\000m}{}% 10
\BOOKMARK [2][-]{subsection.2.1}{\376\377\000S\000u\000b\000p\000r\000o\000b\000l\000e\000m\000s\000\040\000w\000\040\000a\000n\000d\000\040\000u}{section.2}% 11
\BOOKMARK [2][-]{subsection.2.2}{\376\377\000S\000u\000b\000p\000r\000o\000b\000l\000e\000m\000\040\000z}{section.2}% 12
\BOOKMARK [2][-]{subsection.2.3}{\376\377\000S\000u\000b\000p\000r\000o\000b\000l\000e\000m\000\040\000D\000\040\000a\000n\000d\000\040}{section.2}% 13
\BOOKMARK [1][-]{section.3}{\376\377\000N\000u\000m\000e\000r\000i\000c\000a\000l\000\040\000e\000x\000p\000e\000r\000i\000m\000e\000n\000t\000s}{}% 14
\BOOKMARK [2][-]{subsection.3.1}{\376\377\000E\000x\000p\000e\000r\000i\000m\000e\000n\000t\000\040\000s\000e\000t\000t\000i\000n\000g}{section.3}% 15
\BOOKMARK [3][-]{subsubsection.3.1.1}{\376\377\000P\000a\000r\000a\000m\000e\000t\000e\000r\000s}{subsection.3.1}% 16
\BOOKMARK [3][-]{subsubsection.3.1.2}{\376\377\000P\000e\000r\000f\000o\000r\000m\000a\000n\000c\000e\000\040\000m\000e\000t\000r\000i\000c\000s}{subsection.3.1}% 17
\BOOKMARK [3][-]{subsubsection.3.1.3}{\376\377\000O\000p\000e\000r\000a\000t\000i\000o\000n\000s\000\040\000o\000n\000\040\000m\000o\000d\000e\000s}{subsection.3.1}% 18
\BOOKMARK [2][-]{subsection.3.2}{\376\377\000A\000p\000p\000r\000o\000x\000i\000m\000a\000t\000i\000o\000n\000\040\000b\000y\000\040\000m\000o\000d\000e\000s}{section.3}% 19
\BOOKMARK [2][-]{subsection.3.3}{\376\377\000A\000d\000d\000\040\000o\000r\000t\000h\000o\000g\000o\000n\000a\000l\000i\000z\000a\000t\000i\000o\000n\000\040\000c\000o\000n\000s\000t\000r\000a\000i\000n\000t}{section.3}% 20
\BOOKMARK [2][-]{subsection.3.4}{\376\377\000N\000o\000i\000s\000y\000\040\000c\000a\000s\000e}{section.3}% 21
\BOOKMARK [1][-]{section.4}{\376\377\000F\000u\000r\000t\000h\000e\000r\000\040\000D\000i\000s\000c\000u\000s\000s\000i\000o\000n}{}% 22
\BOOKMARK [2][-]{subsection.4.1}{\376\377\000D\000e\000n\000s\000i\000t\000y\000\040\000m\000a\000t\000r\000i\000x\000\040\000i\000n\000\040\000F\000o\000u\000r\000i\000e\000r\000\040\000s\000p\000a\000c\000e}{section.4}% 23
\BOOKMARK [2][-]{subsection.4.2}{\376\377\000I\000d\000e\000a\000s}{section.4}% 24
\BOOKMARK [1][-]{section.5}{\376\377\000A\000p\000p\000e\000n\000d\000i\000x}{}% 25
\BOOKMARK [2][-]{subsection.5.1}{\376\377\000S\000u\000b\000p\000r\000o\000b\000l\000e\000m\000s\000\040\000i\000n\000\040\000A\000D\000M\000M}{section.5}% 26
\BOOKMARK [3][-]{subsubsection.5.1.1}{}{subsection.5.1}% 27
\BOOKMARK [3][-]{subsubsection.5.1.2}{\376\377\000z}{subsection.5.1}% 28
\BOOKMARK [3][-]{subsubsection.5.1.3}{\376\377\000D}{subsection.5.1}% 29
