This is pdfTeX, Version 3.1415926-2.3-1.40.12 (MiKTeX 2.9) (preloaded format=pdflatex 2019.8.9)  14 APR 2022 23:49
entering extended mode
**report_1129.tex

(D:\ALL_kinds_of_files\Documents\MATLAB\summer\demoPtycho_2\tex\report_1129.tex
LaTeX2e <2011/06/27>
Babel <v3.8m> and hyphenation patterns for loaded.
(D:\program\CTEX\MiKTeX\tex\latex\beamer\base\beamer.cls
(D:\program\CTEX\MiKTeX\tex\latex\beamer\base\beamerbasercs.sty
Package: beamerbasercs 2012/02/22 (rcs-revision 46e1bc9c9b76)
)
Document Class: beamer 2011/09/12 development version 3.14 A class for typesett
ing presentations (rcs-revision 70f9d8411e54)
(D:\program\CTEX\MiKTeX\tex\latex\beamer\base\beamerbasemodes.sty
Package: beamerbasemodes 2010/05/01 (rcs-revision efa082c6111d)
\beamer@tempbox=\box26
\beamer@tempcount=\count79
\c@beamerpauses=\count80

(D:\program\CTEX\MiKTeX\tex\latex\beamer\base\beamerbasedecode.sty
Package: beamerbasedecode 2010/05/01 (rcs-revision efa082c6111d)
\beamer@slideinframe=\count81
\beamer@minimum=\count82
)
\beamer@commentbox=\box27
\beamer@modecount=\count83
)
(D:\program\CTEX\MiKTeX\tex\generic\oberdiek\ifpdf.sty
Package: ifpdf 2011/01/30 v2.3 Provides the ifpdf switch (HO)
Package ifpdf Info: pdfTeX in PDF mode is detected.
)
\headheight=\dimen102
\headdp=\dimen103
\footheight=\dimen104
\sidebarheight=\dimen105
\beamer@tempdim=\dimen106
\beamer@finalheight=\dimen107
\beamer@animht=\dimen108
\beamer@animdp=\dimen109
\beamer@animwd=\dimen110
\beamer@leftmargin=\dimen111
\beamer@rightmargin=\dimen112
\beamer@leftsidebar=\dimen113
\beamer@rightsidebar=\dimen114
\beamer@boxsize=\dimen115
\beamer@vboxoffset=\dimen116
\beamer@descdefault=\dimen117
\beamer@descriptionwidth=\dimen118
\beamer@lastskip=\skip41
\beamer@areabox=\box28
\beamer@animcurrent=\box29
\beamer@animshowbox=\box30
\beamer@sectionbox=\box31
\beamer@logobox=\box32
\beamer@linebox=\box33
\beamer@sectioncount=\count84
\beamer@subsubsectionmax=\count85
\beamer@subsectionmax=\count86
\beamer@sectionmax=\count87
\beamer@totalheads=\count88
\beamer@headcounter=\count89
\beamer@partstartpage=\count90
\beamer@sectionstartpage=\count91
\beamer@subsectionstartpage=\count92
\beamer@animationtempa=\count93
\beamer@animationtempb=\count94
\beamer@xpos=\count95
\beamer@ypos=\count96
\beamer@showpartnumber=\count97
\beamer@currentsubsection=\count98
\beamer@coveringdepth=\count99
\beamer@sectionadjust=\count100
\beamer@tocsectionnumber=\count101

(D:\program\CTEX\MiKTeX\tex\latex\beamer\base\beamerbaseoptions.sty
Package: beamerbaseoptions 2010/04/27 (rcs-revision 982469101dd6)

(D:\program\CTEX\MiKTeX\tex\latex\graphics\keyval.sty
Package: keyval 1999/03/16 v1.13 key=value parser (DPC)
\KV@toks@=\toks14
))
\beamer@paperwidth=\skip42
\beamer@paperheight=\skip43

(D:\program\CTEX\MiKTeX\tex\latex\geometry\geometry.sty
Package: geometry 2010/09/12 v5.6 Page Geometry

(D:\program\CTEX\MiKTeX\tex\generic\oberdiek\ifvtex.sty
Package: ifvtex 2010/03/01 v1.5 Switches for detecting VTeX and its modes (HO)
Package ifvtex Info: VTeX not detected.
)
(D:\program\CTEX\MiKTeX\tex\generic\ifxetex\ifxetex.sty
Package: ifxetex 2010/09/12 v0.6 Provides ifxetex conditional
)
\Gm@cnth=\count102
\Gm@cntv=\count103
\c@Gm@tempcnt=\count104
\Gm@bindingoffset=\dimen119
\Gm@wd@mp=\dimen120
\Gm@odd@mp=\dimen121
\Gm@even@mp=\dimen122
\Gm@layoutwidth=\dimen123
\Gm@layoutheight=\dimen124
\Gm@layouthoffset=\dimen125
\Gm@layoutvoffset=\dimen126
\Gm@dimlist=\toks15

(D:\program\CTEX\MiKTeX\tex\latex\geometry\geometry.cfg))
(D:\program\CTEX\MiKTeX\tex\latex\base\size11.clo
File: size11.clo 2007/10/19 v1.4h Standard LaTeX file (size option)
)
(D:\program\CTEX\MiKTeX\tex\latex\pgf\basiclayer\pgfcore.sty
(D:\program\CTEX\MiKTeX\tex\latex\graphics\graphicx.sty
Package: graphicx 1999/02/16 v1.0f Enhanced LaTeX Graphics (DPC,SPQR)

(D:\program\CTEX\MiKTeX\tex\latex\graphics\graphics.sty
Package: graphics 2009/02/05 v1.0o Standard LaTeX Graphics (DPC,SPQR)

(D:\program\CTEX\MiKTeX\tex\latex\graphics\trig.sty
Package: trig 1999/03/16 v1.09 sin cos tan (DPC)
)
(D:\program\CTEX\MiKTeX\tex\latex\00miktex\graphics.cfg
File: graphics.cfg 2007/01/18 v1.5 graphics configuration of teTeX/TeXLive
)
Package graphics Info: Driver file: pdftex.def on input line 91.

(D:\program\CTEX\MiKTeX\tex\latex\pdftex-def\pdftex.def
File: pdftex.def 2011/05/27 v0.06d Graphics/color for pdfTeX

(D:\program\CTEX\MiKTeX\tex\generic\oberdiek\infwarerr.sty
Package: infwarerr 2010/04/08 v1.3 Providing info/warning/message (HO)
)
(D:\program\CTEX\MiKTeX\tex\generic\oberdiek\ltxcmds.sty
Package: ltxcmds 2011/04/18 v1.20 LaTeX kernel commands for general use (HO)
)
\Gread@gobject=\count105
))
\Gin@req@height=\dimen127
\Gin@req@width=\dimen128
)
(D:\program\CTEX\MiKTeX\tex\latex\pgf\systemlayer\pgfsys.sty
(D:\program\CTEX\MiKTeX\tex\latex\pgf\utilities\pgfrcs.sty
(D:\program\CTEX\MiKTeX\tex\generic\pgf\utilities\pgfutil-common.tex
\pgfutil@everybye=\toks16
)
(D:\program\CTEX\MiKTeX\tex\generic\pgf\utilities\pgfutil-latex.def
\pgfutil@abb=\box34

(D:\program\CTEX\MiKTeX\tex\latex\ms\everyshi.sty
Package: everyshi 2001/05/15 v3.00 EveryShipout Package (MS)
))
(D:\program\CTEX\MiKTeX\tex\generic\pgf\utilities\pgfrcs.code.tex
Package: pgfrcs 2010/10/25 v2.10 (rcs-revision 1.24)
))
(D:\program\CTEX\MiKTeX\tex\generic\pgf\systemlayer\pgfsys.code.tex
Package: pgfsys 2010/06/30 v2.10 (rcs-revision 1.37)

(D:\program\CTEX\MiKTeX\tex\generic\pgf\utilities\pgfkeys.code.tex
\pgfkeys@pathtoks=\toks17
\pgfkeys@temptoks=\toks18

(D:\program\CTEX\MiKTeX\tex\generic\pgf\utilities\pgfkeysfiltered.code.tex
\pgfkeys@tmptoks=\toks19
))
\pgf@x=\dimen129
\pgf@y=\dimen130
\pgf@xa=\dimen131
\pgf@ya=\dimen132
\pgf@xb=\dimen133
\pgf@yb=\dimen134
\pgf@xc=\dimen135
\pgf@yc=\dimen136
\w@pgf@writea=\write3
\r@pgf@reada=\read1
\c@pgf@counta=\count106
\c@pgf@countb=\count107
\c@pgf@countc=\count108
\c@pgf@countd=\count109

(D:\program\CTEX\MiKTeX\tex\generic\pgf\systemlayer\pgf.cfg
File: pgf.cfg 2008/05/14  (rcs-revision 1.7)
)
Package pgfsys Info: Driver file for pgf: pgfsys-pdftex.def on input line 900.

(D:\program\CTEX\MiKTeX\tex\generic\pgf\systemlayer\pgfsys-pdftex.def
File: pgfsys-pdftex.def 2009/05/22  (rcs-revision 1.26)

(D:\program\CTEX\MiKTeX\tex\generic\pgf\systemlayer\pgfsys-common-pdf.def
File: pgfsys-common-pdf.def 2008/05/19  (rcs-revision 1.10)
)))
(D:\program\CTEX\MiKTeX\tex\generic\pgf\systemlayer\pgfsyssoftpath.code.tex
File: pgfsyssoftpath.code.tex 2008/07/18  (rcs-revision 1.7)
\pgfsyssoftpath@smallbuffer@items=\count110
\pgfsyssoftpath@bigbuffer@items=\count111
)
(D:\program\CTEX\MiKTeX\tex\generic\pgf\systemlayer\pgfsysprotocol.code.tex
File: pgfsysprotocol.code.tex 2006/10/16  (rcs-revision 1.4)
))
(D:\program\CTEX\MiKTeX\tex\latex\xcolor\xcolor.sty
Package: xcolor 2007/01/21 v2.11 LaTeX color extensions (UK)

(D:\program\CTEX\MiKTeX\tex\latex\00miktex\color.cfg
File: color.cfg 2007/01/18 v1.5 color configuration of teTeX/TeXLive
)
Package xcolor Info: Driver file: pdftex.def on input line 225.
Package xcolor Info: Model `cmy' substituted by `cmy0' on input line 1337.
Package xcolor Info: Model `hsb' substituted by `rgb' on input line 1341.
Package xcolor Info: Model `RGB' extended on input line 1353.
Package xcolor Info: Model `HTML' substituted by `rgb' on input line 1355.
Package xcolor Info: Model `Hsb' substituted by `hsb' on input line 1356.
Package xcolor Info: Model `tHsb' substituted by `hsb' on input line 1357.
Package xcolor Info: Model `HSB' substituted by `hsb' on input line 1358.
Package xcolor Info: Model `Gray' substituted by `gray' on input line 1359.
Package xcolor Info: Model `wave' substituted by `hsb' on input line 1360.
)
(D:\program\CTEX\MiKTeX\tex\generic\pgf\basiclayer\pgfcore.code.tex
Package: pgfcore 2010/04/11 v2.10 (rcs-revision 1.7)

(D:\program\CTEX\MiKTeX\tex\generic\pgf\math\pgfmath.code.tex
(D:\program\CTEX\MiKTeX\tex\generic\pgf\math\pgfmathcalc.code.tex
(D:\program\CTEX\MiKTeX\tex\generic\pgf\math\pgfmathutil.code.tex)
(D:\program\CTEX\MiKTeX\tex\generic\pgf\math\pgfmathparser.code.tex
\pgfmath@dimen=\dimen137
\pgfmath@count=\count112
\pgfmath@box=\box35
\pgfmath@toks=\toks20
\pgfmath@stack@operand=\toks21
\pgfmath@stack@operation=\toks22
)
(D:\program\CTEX\MiKTeX\tex\generic\pgf\math\pgfmathfunctions.code.tex
(D:\program\CTEX\MiKTeX\tex\generic\pgf\math\pgfmathfunctions.basic.code.tex)
(D:\program\CTEX\MiKTeX\tex\generic\pgf\math\pgfmathfunctions.trigonometric.cod
e.tex)
(D:\program\CTEX\MiKTeX\tex\generic\pgf\math\pgfmathfunctions.random.code.tex)
(D:\program\CTEX\MiKTeX\tex\generic\pgf\math\pgfmathfunctions.comparison.code.t
ex) (D:\program\CTEX\MiKTeX\tex\generic\pgf\math\pgfmathfunctions.base.code.tex
) (D:\program\CTEX\MiKTeX\tex\generic\pgf\math\pgfmathfunctions.round.code.tex)
(D:\program\CTEX\MiKTeX\tex\generic\pgf\math\pgfmathfunctions.misc.code.tex)))
(D:\program\CTEX\MiKTeX\tex\generic\pgf\math\pgfmathfloat.code.tex
\c@pgfmathroundto@lastzeros=\count113
))
(D:\program\CTEX\MiKTeX\tex\generic\pgf\basiclayer\pgfcorepoints.code.tex
File: pgfcorepoints.code.tex 2010/04/09  (rcs-revision 1.20)
\pgf@picminx=\dimen138
\pgf@picmaxx=\dimen139
\pgf@picminy=\dimen140
\pgf@picmaxy=\dimen141
\pgf@pathminx=\dimen142
\pgf@pathmaxx=\dimen143
\pgf@pathminy=\dimen144
\pgf@pathmaxy=\dimen145
\pgf@xx=\dimen146
\pgf@xy=\dimen147
\pgf@yx=\dimen148
\pgf@yy=\dimen149
\pgf@zx=\dimen150
\pgf@zy=\dimen151
)
(D:\program\CTEX\MiKTeX\tex\generic\pgf\basiclayer\pgfcorepathconstruct.code.te
x
File: pgfcorepathconstruct.code.tex 2010/08/03  (rcs-revision 1.24)
\pgf@path@lastx=\dimen152
\pgf@path@lasty=\dimen153
) (D:\program\CTEX\MiKTeX\tex\generic\pgf\basiclayer\pgfcorepathusage.code.tex
File: pgfcorepathusage.code.tex 2008/04/22  (rcs-revision 1.12)
\pgf@shorten@end@additional=\dimen154
\pgf@shorten@start@additional=\dimen155
) (D:\program\CTEX\MiKTeX\tex\generic\pgf\basiclayer\pgfcorescopes.code.tex
File: pgfcorescopes.code.tex 2010/09/08  (rcs-revision 1.34)
\pgfpic=\box36
\pgf@hbox=\box37
\pgf@layerbox@main=\box38
\pgf@picture@serial@count=\count114
)
(D:\program\CTEX\MiKTeX\tex\generic\pgf\basiclayer\pgfcoregraphicstate.code.tex
File: pgfcoregraphicstate.code.tex 2008/04/22  (rcs-revision 1.9)
\pgflinewidth=\dimen156
)
(D:\program\CTEX\MiKTeX\tex\generic\pgf\basiclayer\pgfcoretransformations.code.
tex
File: pgfcoretransformations.code.tex 2009/06/10  (rcs-revision 1.11)
\pgf@pt@x=\dimen157
\pgf@pt@y=\dimen158
\pgf@pt@temp=\dimen159
) (D:\program\CTEX\MiKTeX\tex\generic\pgf\basiclayer\pgfcorequick.code.tex
File: pgfcorequick.code.tex 2008/10/09  (rcs-revision 1.3)
)
(D:\program\CTEX\MiKTeX\tex\generic\pgf\basiclayer\pgfcoreobjects.code.tex
File: pgfcoreobjects.code.tex 2006/10/11  (rcs-revision 1.2)
)
(D:\program\CTEX\MiKTeX\tex\generic\pgf\basiclayer\pgfcorepathprocessing.code.t
ex
File: pgfcorepathprocessing.code.tex 2008/10/09  (rcs-revision 1.8)
) (D:\program\CTEX\MiKTeX\tex\generic\pgf\basiclayer\pgfcorearrows.code.tex
File: pgfcorearrows.code.tex 2008/04/23  (rcs-revision 1.11)
)
(D:\program\CTEX\MiKTeX\tex\generic\pgf\basiclayer\pgfcoreshade.code.tex
File: pgfcoreshade.code.tex 2008/11/23  (rcs-revision 1.13)
\pgf@max=\dimen160
\pgf@sys@shading@range@num=\count115
)
(D:\program\CTEX\MiKTeX\tex\generic\pgf\basiclayer\pgfcoreimage.code.tex
File: pgfcoreimage.code.tex 2010/03/25  (rcs-revision 1.16)

(D:\program\CTEX\MiKTeX\tex\generic\pgf\basiclayer\pgfcoreexternal.code.tex
File: pgfcoreexternal.code.tex 2010/09/01  (rcs-revision 1.17)
\pgfexternal@startupbox=\box39
))
(D:\program\CTEX\MiKTeX\tex\generic\pgf\basiclayer\pgfcorelayers.code.tex
File: pgfcorelayers.code.tex 2010/08/27  (rcs-revision 1.2)
)
(D:\program\CTEX\MiKTeX\tex\generic\pgf\basiclayer\pgfcoretransparency.code.tex
File: pgfcoretransparency.code.tex 2008/01/17  (rcs-revision 1.2)
) (D:\program\CTEX\MiKTeX\tex\generic\pgf\basiclayer\pgfcorepatterns.code.tex
File: pgfcorepatterns.code.tex 2009/07/02  (rcs-revision 1.3)
))) (D:\program\CTEX\MiKTeX\tex\latex\pgf\utilities\xxcolor.sty
Package: xxcolor 2003/10/24 ver 0.1
\XC@nummixins=\count116
\XC@countmixins=\count117
)
(D:\program\CTEX\MiKTeX\tex\latex\hyperref\hyperref.sty
Package: hyperref 2012/02/06 v6.82o Hypertext links for LaTeX

(D:\program\CTEX\MiKTeX\tex\generic\oberdiek\hobsub-hyperref.sty
Package: hobsub-hyperref 2011/04/23 v1.4 Bundle oberdiek, subset hyperref (HO)

(D:\program\CTEX\MiKTeX\tex\generic\oberdiek\hobsub-generic.sty
Package: hobsub-generic 2011/04/23 v1.4 Bundle oberdiek, subset generic (HO)
Package: hobsub 2011/04/23 v1.4 Subsetting bundle oberdiek (HO)
Package hobsub Info: Skipping package `infwarerr' (already loaded).
Package hobsub Info: Skipping package `ltxcmds' (already loaded).
Package: ifluatex 2010/03/01 v1.3 Provides the ifluatex switch (HO)
Package ifluatex Info: LuaTeX not detected.
Package hobsub Info: Skipping package `ifvtex' (already loaded).
Package: intcalc 2007/09/27 v1.1 Expandable integer calculations (HO)
Package hobsub Info: Skipping package `ifpdf' (already loaded).
Package: etexcmds 2011/02/16 v1.5 Prefix for e-TeX command names (HO)
Package etexcmds Info: Could not find \expanded.
(etexcmds)             That can mean that you are not using pdfTeX 1.50 or
(etexcmds)             that some package has redefined \expanded.
(etexcmds)             In the latter case, load this package earlier.
Package: kvsetkeys 2011/04/07 v1.13 Key value parser (HO)
Package: kvdefinekeys 2011/04/07 v1.3 Defining keys (HO)
Package: pdftexcmds 2011/04/22 v0.16 Utilities of pdfTeX for LuaTeX (HO)
Package pdftexcmds Info: LuaTeX not detected.
Package pdftexcmds Info: \pdf@primitive is available.
Package pdftexcmds Info: \pdf@ifprimitive is available.
Package pdftexcmds Info: \pdfdraftmode found.
Package: pdfescape 2011/04/04 v1.12 Provides string conversions (HO)
Package: bigintcalc 2011/01/30 v1.2 Expandable big integer calculations (HO)
Package: bitset 2011/01/30 v1.1 Data type bit set (HO)
Package: uniquecounter 2011/01/30 v1.2 Provides unlimited unique counter (HO)
)
Package hobsub Info: Skipping package `hobsub' (already loaded).
Package: letltxmacro 2010/09/02 v1.4 Let assignment for LaTeX macros (HO)
Package: hopatch 2011/01/30 v1.0 Wrapper for package hooks (HO)
Package: xcolor-patch 2011/01/30 xcolor patch
Package: atveryend 2011/04/23 v1.7 Hooks at very end of document (HO)
Package: atbegshi 2011/01/30 v1.15 At begin shipout hook (HO)
Package: refcount 2010/12/01 v3.2 Data extraction from references (HO)
Package: hycolor 2011/01/30 v1.7 Color options of hyperref/bookmark (HO)
)
(D:\program\CTEX\MiKTeX\tex\latex\oberdiek\kvoptions.sty
Package: kvoptions 2010/12/23 v3.10 Keyval support for LaTeX options (HO)
)
\@linkdim=\dimen161
\Hy@linkcounter=\count118
\Hy@pagecounter=\count119

(D:\program\CTEX\MiKTeX\tex\latex\hyperref\pd1enc.def
File: pd1enc.def 2012/02/06 v6.82o Hyperref: PDFDocEncoding definition (HO)
)
\Hy@SavedSpaceFactor=\count120

(D:\program\CTEX\MiKTeX\tex\latex\00miktex\hyperref.cfg
File: hyperref.cfg 2002/06/06 v1.2 hyperref configuration of TeXLive
)
Package hyperref Info: Option `bookmarks' set `true' on input line 3925.
Package hyperref Info: Option `bookmarksopen' set `true' on input line 3925.
Package hyperref Info: Option `implicit' set `false' on input line 3925.
Package hyperref Info: Hyper figures OFF on input line 4046.
Package hyperref Info: Link nesting OFF on input line 4051.
Package hyperref Info: Hyper index ON on input line 4054.
Package hyperref Info: Plain pages OFF on input line 4061.
Package hyperref Info: Backreferencing OFF on input line 4066.
Package hyperref Info: Implicit mode OFF; no redefinition of LaTeX internals.
Package hyperref Info: Bookmarks ON on input line 4284.
\c@Hy@tempcnt=\count121

(D:\program\CTEX\MiKTeX\tex\latex\ltxmisc\url.sty
\Urlmuskip=\muskip10
Package: url 2006/04/12  ver 3.3  Verb mode for urls, etc.
)
LaTeX Info: Redefining \url on input line 4637.
\Fld@menulength=\count122
\Field@Width=\dimen162
\Fld@charsize=\dimen163
Package hyperref Info: Hyper figures OFF on input line 5757.
Package hyperref Info: Link nesting OFF on input line 5762.
Package hyperref Info: Hyper index ON on input line 5765.
Package hyperref Info: backreferencing OFF on input line 5772.
Package hyperref Info: Link coloring OFF on input line 5777.
Package hyperref Info: Link coloring with OCG OFF on input line 5782.
Package hyperref Info: PDF/A mode OFF on input line 5787.
LaTeX Info: Redefining \ref on input line 5827.
LaTeX Info: Redefining \pageref on input line 5831.
\Hy@abspage=\count123


Package hyperref Message: Stopped early.

)

Package hyperref Message: Driver (autodetected): hpdftex.

(D:\program\CTEX\MiKTeX\tex\latex\hyperref\hpdftex.def
File: hpdftex.def 2012/02/06 v6.82o Hyperref driver for pdfTeX
\Fld@listcount=\count124
\c@bookmark@seq@number=\count125

(D:\program\CTEX\MiKTeX\tex\latex\oberdiek\rerunfilecheck.sty
Package: rerunfilecheck 2011/04/15 v1.7 Rerun checks for auxiliary files (HO)
Package uniquecounter Info: New unique counter `rerunfilecheck' on input line 2
82.
))
(D:\program\CTEX\MiKTeX\tex\latex\beamer\base\beamerbaserequires.sty
Package: beamerbaserequires 2010/05/01  (rcs-revision efa082c6111d)

(D:\program\CTEX\MiKTeX\tex\latex\beamer\base\beamerbasecompatibility.sty
Package: beamerbasecompatibility 2011/09/24  (rcs-revision 17e820568435)
)
(D:\program\CTEX\MiKTeX\tex\latex\beamer\base\beamerbasefont.sty
Package: beamerbasefont 2010/10/26  (rcs-revision f39336aafb3c)

(D:\program\CTEX\MiKTeX\tex\latex\amsfonts\amssymb.sty
Package: amssymb 2009/06/22 v3.00

(D:\program\CTEX\MiKTeX\tex\latex\amsfonts\amsfonts.sty
Package: amsfonts 2009/06/22 v3.00 Basic AMSFonts support
\@emptytoks=\toks23
\symAMSa=\mathgroup4
\symAMSb=\mathgroup5
LaTeX Font Info:    Overwriting math alphabet `\mathfrak' in version `bold'
(Font)                  U/euf/m/n --> U/euf/b/n on input line 96.
)))
(D:\program\CTEX\MiKTeX\tex\latex\beamer\base\beamerbasetranslator.sty
Package: beamerbasetranslator 2010/06/11  (rcs-revision 85fd1cc7fc42)

(D:\program\CTEX\MiKTeX\tex\latex\beamer\base\translator\translator.sty
Package: translator 2010/06/12 ver 1.10

(D:\program\CTEX\MiKTeX\tex\latex\beamer\base\translator\translator-language-ma
ppings.tex))) (D:\program\CTEX\MiKTeX\tex\latex\beamer\base\beamerbasemisc.sty
Package: beamerbasemisc 2012/02/24  (rcs-revision 2ff5461be705)
) (D:\program\CTEX\MiKTeX\tex\latex\beamer\base\beamerbasetwoscreens.sty
Package: beamerbasetwoscreens 2010/05/01  (rcs-revision efa082c6111d)
)
(D:\program\CTEX\MiKTeX\tex\latex\beamer\base\beamerbaseoverlay.sty
Package: beamerbaseoverlay 2012/02/22  (rcs-revision 1e3e174835fb)
\beamer@argscount=\count126
\beamer@lastskipcover=\skip44
\beamer@trivlistdepth=\count127
)
(D:\program\CTEX\MiKTeX\tex\latex\beamer\base\beamerbasetitle.sty
Package: beamerbasetitle 2010/09/21  (rcs-revision f0446ed0b6ae)
)
(D:\program\CTEX\MiKTeX\tex\latex\beamer\base\beamerbasesection.sty
Package: beamerbasesection 2012/02/22  (rcs-revision 9a2581f9efb6)
\c@lecture=\count128
\c@part=\count129
\c@section=\count130
\c@subsection=\count131
\c@subsubsection=\count132
)
(D:\program\CTEX\MiKTeX\tex\latex\beamer\base\beamerbaseframe.sty
Package: beamerbaseframe 2011/09/12  (rcs-revision 70f9d8411e54)
\beamer@framebox=\box40
\beamer@frametitlebox=\box41
\beamer@zoombox=\box42
\beamer@zoomcount=\count133
\beamer@zoomframecount=\count134
\beamer@frametextheight=\dimen164
\c@subsectionslide=\count135
\beamer@frametopskip=\skip45
\beamer@framebottomskip=\skip46
\beamer@frametopskipautobreak=\skip47
\beamer@framebottomskipautobreak=\skip48
\beamer@envbody=\toks24
\c@framenumber=\count136
)
(D:\program\CTEX\MiKTeX\tex\latex\beamer\base\beamerbaseverbatim.sty
Package: beamerbaseverbatim 2011/09/12  (rcs-revision 70f9d8411e54)
\beamer@verbatimfileout=\write4
)
(D:\program\CTEX\MiKTeX\tex\latex\beamer\base\beamerbaseframesize.sty
Package: beamerbaseframesize 2011/09/12  (rcs-revision 70f9d8411e54)
\beamer@splitbox=\box43
\beamer@autobreakcount=\count137
\beamer@autobreaklastheight=\dimen165
\beamer@frametitletoks=\toks25
\beamer@framesubtitletoks=\toks26
)
(D:\program\CTEX\MiKTeX\tex\latex\beamer\base\beamerbaseframecomponents.sty
Package: beamerbaseframecomponents 2011/09/12  (rcs-revision 70f9d8411e54)
\beamer@footins=\box44
)
(D:\program\CTEX\MiKTeX\tex\latex\beamer\base\beamerbasecolor.sty
Package: beamerbasecolor 2010/06/06  (rcs-revision d1a9b48be06d)
)
(D:\program\CTEX\MiKTeX\tex\latex\beamer\base\beamerbasenotes.sty
Package: beamerbasenotes 2010/05/01  (rcs-revision efa082c6111d)
\beamer@frameboxcopy=\box45
)
(D:\program\CTEX\MiKTeX\tex\latex\beamer\base\beamerbasetoc.sty
Package: beamerbasetoc 2012/02/28  (rcs-revision 138681b92320)
)
(D:\program\CTEX\MiKTeX\tex\latex\beamer\base\beamerbasetemplates.sty
Package: beamerbasetemplates 2010/05/01  (rcs-revision efa082c6111d)
\beamer@sbttoks=\toks27

(D:\program\CTEX\MiKTeX\tex\latex\beamer\base\beamerbaseauxtemplates.sty
Package: beamerbaseauxtemplates 2010/05/01  (rcs-revision efa082c6111d)

(D:\program\CTEX\MiKTeX\tex\latex\beamer\base\beamerbaseboxes.sty
Package: beamerbaseboxes 2010/05/01  (rcs-revision efa082c6111d)
\bmb@box=\box46
\bmb@colorbox=\box47
\bmb@boxshadow=\box48
\bmb@boxshadowball=\box49
\bmb@boxshadowballlarge=\box50
\bmb@temp=\dimen166
\bmb@dima=\dimen167
\bmb@dimb=\dimen168
\bmb@prevheight=\dimen169
)
\beamer@blockheadheight=\dimen170
))
(D:\program\CTEX\MiKTeX\tex\latex\beamer\base\beamerbaselocalstructure.sty
Package: beamerbaselocalstructure 2012/02/22  (rcs-revision 2ae76965ffee)

(D:\program\CTEX\MiKTeX\tex\latex\tools\enumerate.sty
Package: enumerate 1999/03/05 v3.00 enumerate extensions (DPC)
\@enLab=\toks28
)
\c@figure=\count138
\c@table=\count139
\abovecaptionskip=\skip49
\belowcaptionskip=\skip50
)
(D:\program\CTEX\MiKTeX\tex\latex\beamer\base\beamerbasenavigation.sty
Package: beamerbasenavigation 2010/05/01  (rcs-revision efa082c6111d)
)
(D:\program\CTEX\MiKTeX\tex\latex\beamer\base\beamerbasetheorems.sty
Package: beamerbasetheorems 2010/06/06  (rcs-revision 7e7cc5e53e9d)

(D:\program\CTEX\MiKTeX\tex\latex\ams\math\amsmath.sty
Package: amsmath 2000/07/18 v2.13 AMS math features
\@mathmargin=\skip51

For additional information on amsmath, use the `?' option.
(D:\program\CTEX\MiKTeX\tex\latex\ams\math\amstext.sty
Package: amstext 2000/06/29 v2.01

(D:\program\CTEX\MiKTeX\tex\latex\ams\math\amsgen.sty
File: amsgen.sty 1999/11/30 v2.0
\@emptytoks=\toks29
\ex@=\dimen171
))
(D:\program\CTEX\MiKTeX\tex\latex\ams\math\amsbsy.sty
Package: amsbsy 1999/11/29 v1.2d
\pmbraise@=\dimen172
)
(D:\program\CTEX\MiKTeX\tex\latex\ams\math\amsopn.sty
Package: amsopn 1999/12/14 v2.01 operator names
)
\inf@bad=\count140
LaTeX Info: Redefining \frac on input line 211.
\uproot@=\count141
\leftroot@=\count142
LaTeX Info: Redefining \overline on input line 307.
\classnum@=\count143
\DOTSCASE@=\count144
LaTeX Info: Redefining \ldots on input line 379.
LaTeX Info: Redefining \dots on input line 382.
LaTeX Info: Redefining \cdots on input line 467.
\Mathstrutbox@=\box51
\strutbox@=\box52
\big@size=\dimen173
LaTeX Font Info:    Redeclaring font encoding OML on input line 567.
LaTeX Font Info:    Redeclaring font encoding OMS on input line 568.
\macc@depth=\count145
\c@MaxMatrixCols=\count146
\dotsspace@=\muskip11
\c@parentequation=\count147
\dspbrk@lvl=\count148
\tag@help=\toks30
\row@=\count149
\column@=\count150
\maxfields@=\count151
\andhelp@=\toks31
\eqnshift@=\dimen174
\alignsep@=\dimen175
\tagshift@=\dimen176
\tagwidth@=\dimen177
\totwidth@=\dimen178
\lineht@=\dimen179
\@envbody=\toks32
\multlinegap=\skip52
\multlinetaggap=\skip53
\mathdisplay@stack=\toks33
LaTeX Info: Redefining \[ on input line 2666.
LaTeX Info: Redefining \] on input line 2667.
)
(D:\program\CTEX\MiKTeX\tex\latex\ams\classes\amsthm.sty
Package: amsthm 2004/08/06 v2.20
\thm@style=\toks34
\thm@bodyfont=\toks35
\thm@headfont=\toks36
\thm@notefont=\toks37
\thm@headpunct=\toks38
\thm@preskip=\skip54
\thm@postskip=\skip55
\thm@headsep=\skip56
\dth@everypar=\toks39
)
\c@theorem=\count152
)
(D:\program\CTEX\MiKTeX\tex\latex\beamer\base\beamerbasethemes.sty
Package: beamerbasethemes 2010/05/01  (rcs-revision efa082c6111d)
))
(D:\program\CTEX\MiKTeX\tex\latex\beamer\base\themes\theme\beamerthemedefault.s
ty
Package: beamerthemedefault 2010/06/17  (rcs-revision d02a7cf4d8ae)

(D:\program\CTEX\MiKTeX\tex\latex\beamer\base\themes\font\beamerfontthemedefaul
t.sty
Package: beamerfontthemedefault 2010/06/17  (rcs-revision d02a7cf4d8ae)
)
(D:\program\CTEX\MiKTeX\tex\latex\beamer\base\themes\color\beamercolorthemedefa
ult.sty
Package: beamercolorthemedefault 2010/06/17  (rcs-revision d02a7cf4d8ae)
)
(D:\program\CTEX\MiKTeX\tex\latex\beamer\base\themes\inner\beamerinnerthemedefa
ult.sty
Package: beamerinnerthemedefault 2010/06/17  (rcs-revision d02a7cf4d8ae)
\beamer@dima=\dimen180
\beamer@dimb=\dimen181
)
(D:\program\CTEX\MiKTeX\tex\latex\beamer\base\themes\outer\beamerouterthemedefa
ult.sty
Package: beamerouterthemedefault 2010/06/17  (rcs-revision d02a7cf4d8ae)
)))
(D:\program\CTEX\MiKTeX\tex\latex\beamer\base\themes\theme\beamerthemeCopenhage
n.sty
Package: beamerthemeCopenhagen 2010/06/17  (rcs-revision d02a7cf4d8ae)

(D:\program\CTEX\MiKTeX\tex\latex\beamer\base\themes\outer\beamerouterthemespli
t.sty
Package: beamerouterthemesplit 2010/06/17  (rcs-revision d02a7cf4d8ae)
)
(D:\program\CTEX\MiKTeX\tex\latex\beamer\base\themes\inner\beamerinnerthemeroun
ded.sty
Package: beamerinnerthemerounded 2010/06/17  (rcs-revision d02a7cf4d8ae)
)
(D:\program\CTEX\MiKTeX\tex\latex\beamer\base\themes\color\beamercolorthemewhal
e.sty
Package: beamercolorthemewhale 2010/06/17  (rcs-revision d02a7cf4d8ae)
)
(D:\program\CTEX\MiKTeX\tex\latex\beamer\base\themes\color\beamercolorthemeorch
id.sty
Package: beamercolorthemeorchid 2010/06/17  (rcs-revision d02a7cf4d8ae)
)) (D:\program\CTEX\MiKTeX\tex\latex\caption\subcaption.sty
Package: subcaption 2011/10/30 v1.1c Sub-captions (AR)

(D:\program\CTEX\MiKTeX\tex\latex\caption\caption.sty
Package: caption 2011/11/10 v3.2e Customizing captions (AR)

(D:\program\CTEX\MiKTeX\tex\latex\caption\caption3.sty
Package: caption3 2011/11/01 v1.4a caption3 kernel (AR)
\captionmargin=\dimen182
\captionmargin@=\dimen183
\captionwidth=\dimen184
\caption@indent=\dimen185
\caption@parindent=\dimen186
\caption@hangindent=\dimen187
)
\c@ContinuedFloat=\count153
Package caption Info: beamer document class.
Package caption Info: hyperref package is loaded.
Package caption Info: Hyperref support is turned off
(caption)             because hyperref has stopped early.
)
\c@subfigure=\count154
\c@subtable=\count155
)
(D:\program\CTEX\MiKTeX\tex\latex\oberdiek\epstopdf.sty
Package: epstopdf 2010/02/09 v2.5 Conversion with epstopdf on the fly (HO)

(D:\program\CTEX\MiKTeX\tex\latex\oberdiek\epstopdf-base.sty
Package: epstopdf-base 2010/02/09 v2.5 Base part for package epstopdf

(D:\program\CTEX\MiKTeX\tex\latex\oberdiek\grfext.sty
Package: grfext 2010/08/19 v1.1 Managing graphics extensions (HO)
)
Package grfext Info: Graphics extension search list:
(grfext)             [.png,.pdf,.jpg,.mps,.jpeg,.jbig2,.jb2,.PNG,.PDF,.JPG,.JPE
G,.JBIG2,.JB2,.eps]
(grfext)             \AppendGraphicsExtensions on input line 452.
))
(D:\program\CTEX\MiKTeX\tex\latex\ctex\ctex.sty
Package: ctex 2011/03/11 v1.02c ctex macros package

(D:\program\CTEX\MiKTeX\tex\latex\ctex\opt\ctex-common-opts.def)
(D:\program\CTEX\CTeX\tex\latex\ctex\cfg\ctexopts.cfg)
(D:\program\CTEX\MiKTeX\tex\latex\ctex\def\ctex-common.def
(D:\program\CTEX\MiKTeX\tex\latex\l3kernel\expl3.sty
(D:\program\CTEX\MiKTeX\tex\latex\l3kernel\l3names.sty
(D:\program\CTEX\MiKTeX\tex\latex\l3kernel\l3bootstrap.sty
Package: l3bootstrap 2011/12/29 v3110 L3 Experimental bootstrap code
)
Package: l3names 2011/12/30 v3113 L3 Experimental namespace for primitives
)
(D:\program\CTEX\MiKTeX\tex\latex\misc\etex.sty
Package: etex 1998/03/26 v2.0 eTeX basic definition package (PEB)
\et@xins=\count156
)
Package: expl3 2012/02/26 v3471 L3 Experimental code bundle wrapper

(D:\program\CTEX\MiKTeX\tex\latex\l3kernel\l3basics.sty
Package: l3basics 2012/02/26 v3460 L3 Experimental basic definitions
)
(D:\program\CTEX\MiKTeX\tex\latex\l3kernel\l3expan.sty
Package: l3expan 2012/02/26 v3460 L3 Experimental argument expansion
)
(D:\program\CTEX\MiKTeX\tex\latex\l3kernel\l3tl.sty
Package: l3tl 2012/02/26 v3460 L3 Experimental token lists
)
(D:\program\CTEX\MiKTeX\tex\latex\l3kernel\l3seq.sty
Package: l3seq 2012/01/09 v3158 L3 Experimental sequences and stacks
)
(D:\program\CTEX\MiKTeX\tex\latex\l3kernel\l3int.sty
Package: l3int 2012/02/26 v3460 L3 Experimental integers
\c_max_int=\count157
\l_tmpa_int=\count158
\l_tmpb_int=\count159
\l_tmpc_int=\count160
\g_tmpa_int=\count161
\g_tmpb_int=\count162
)
(D:\program\CTEX\MiKTeX\tex\latex\l3kernel\l3quark.sty
Package: l3quark 2012/02/12 v3384 L3 Experimental quarks
)
(D:\program\CTEX\MiKTeX\tex\latex\l3kernel\l3prg.sty
Package: l3prg 2012/02/26 v3464 L3 Experimental control structures
\g_prg_map_int=\count163
)
(D:\program\CTEX\MiKTeX\tex\latex\l3kernel\l3clist.sty
Package: l3clist 2012/02/26 v3460 L3 Experimental comma separated lists
)
(D:\program\CTEX\MiKTeX\tex\latex\l3kernel\l3token.sty
Package: l3token 2012/02/26 v3460 L3 Experimental token manipulation
)
(D:\program\CTEX\MiKTeX\tex\latex\l3kernel\l3prop.sty
Package: l3prop 2012/02/26 v3460 L3 Experimental property lists
)
(D:\program\CTEX\MiKTeX\tex\latex\l3kernel\l3msg.sty
Package: l3msg 2012/02/26 v3470 L3 Experimental messages
)
(D:\program\CTEX\MiKTeX\tex\latex\l3kernel\l3file.sty
Package: l3file 2012/02/26 v3464 L3 Experimental file and I/O operations
\l_iow_stream_int=\count164
\l_iow_line_length_int=\count165
\l_iow_target_length_int=\count166
\l_iow_current_line_int=\count167
\l_iow_current_word_int=\count168
\l_iow_current_indentation_int=\count169
)
(D:\program\CTEX\MiKTeX\tex\latex\l3kernel\l3skip.sty
Package: l3skip 2012/02/26 v3460 L3 Experimental dimensions and skips
\l_tmpa_dim=\dimen188
\l_tmpb_dim=\dimen189
\l_tmpc_dim=\dimen190
\g_tmpa_dim=\dimen191
\g_tmpb_dim=\dimen192
\l_tmpa_skip=\skip57
\l_tmpb_skip=\skip58
\l_tmpc_skip=\skip59
\g_tmpa_skip=\skip60
\g_tmpb_skip=\skip61
)
(D:\program\CTEX\MiKTeX\tex\latex\l3kernel\l3keys.sty
Package: l3keys 2011/12/22 v3086 L3 Experimental key-value interfaces
\g_keyval_level_int=\count170
\l_keys_choice_int=\count171
)
(D:\program\CTEX\MiKTeX\tex\latex\l3kernel\l3fp.sty
Package: l3fp 2012/02/06 v3315 L3 Experimental floating-point operations
\c_one_million=\count172
\c_one_hundred_million=\count173
\c_five_hundred_million=\count174
\c_one_thousand_million=\count175
\c_fp_pi_by_four_decimal_int=\count176
\c_fp_pi_by_four_extended_int=\count177
\c_fp_pi_decimal_int=\count178
\c_fp_pi_extended_int=\count179
\c_fp_two_pi_decimal_int=\count180
\c_fp_two_pi_extended_int=\count181
\l_fp_count_int=\count182
\l_fp_div_offset_int=\count183
\l_fp_exp_integer_int=\count184
\l_fp_exp_decimal_int=\count185
\l_fp_exp_extended_int=\count186
\l_fp_exp_exponent_int=\count187
\l_fp_input_a_sign_int=\count188
\l_fp_input_a_integer_int=\count189
\l_fp_input_a_decimal_int=\count190
\l_fp_input_a_exponent_int=\count191
\l_fp_input_b_sign_int=\count192
\l_fp_input_b_integer_int=\count193
\l_fp_input_b_decimal_int=\count194
\l_fp_input_b_exponent_int=\count195
\l_fp_input_a_extended_int=\count196
\l_fp_input_b_extended_int=\count197
\l_fp_mul_a_i_int=\count198
\l_fp_mul_a_ii_int=\count199
\l_fp_mul_a_iii_int=\count200
\l_fp_mul_a_iv_int=\count201
Normal \count register pool exhausted, switching to extended pool.
\l_fp_mul_a_v_int=\count277
\l_fp_mul_a_vi_int=\count278
\l_fp_mul_b_i_int=\count279
\l_fp_mul_b_ii_int=\count280
\l_fp_mul_b_iii_int=\count281
\l_fp_mul_b_iv_int=\count282
\l_fp_mul_b_v_int=\count283
\l_fp_mul_b_vi_int=\count284
\l_fp_mul_output_int=\count285
\l_fp_output_sign_int=\count286
\l_fp_output_integer_int=\count287
\l_fp_output_decimal_int=\count288
\l_fp_output_exponent_int=\count289
\l_fp_output_extended_int=\count290
\l_fp_round_position_int=\count291
\l_fp_round_target_int=\count292
\l_fp_split_sign_int=\count293
\l_fp_internal_int=\count294
\l_fp_trig_octant_int=\count295
\l_fp_trig_sign_int=\count296
\l_fp_trig_decimal_int=\count297
\l_fp_trig_extended_int=\count298
\l_fp_internal_dim=\dimen193
\l_fp_internal_skip=\skip62
)
(D:\program\CTEX\MiKTeX\tex\latex\l3kernel\l3box.sty
Package: l3box 2012/02/18 v3432 L3 Experimental boxes
\l_tmpb_box=\box53
\l_box_top_dim=\dimen194
\l_box_bottom_dim=\dimen195
\l_box_left_dim=\dimen196
\l_box_right_dim=\dimen197
\l_box_top_new_dim=\dimen198
\l_box_bottom_new_dim=\dimen199
\l_box_left_new_dim=\dimen200
\l_box_right_new_dim=\dimen201
\l_box_internal_box=\box54
)
(D:\program\CTEX\MiKTeX\tex\latex\l3kernel\l3coffins.sty
Package: l3coffins 2012/02/26 v3460 L3 Experimental coffin code layer
\l_coffin_internal_box=\box55
Normal \dimen register pool exhausted, switching to extended pool.
\l_coffin_internal_dim=\dimen256
\l_coffin_offset_x_dim=\dimen257
\l_coffin_offset_y_dim=\dimen258
\l_coffin_x_dim=\dimen259
\l_coffin_y_dim=\dimen260
\l_coffin_x_prime_dim=\dimen261
\l_coffin_y_prime_dim=\dimen262
\l_coffin_Depth_dim=\dimen263
\l_coffin_Height_dim=\dimen264
\l_coffin_TotalHeight_dim=\dimen265
\l_coffin_Width_dim=\dimen266
\c_empty_coffin=\box56
\l_coffin_aligned_coffin=\box57
\l_coffin_aligned_internal_coffin=\box58
\l_coffin_bounding_shift_dim=\dimen267
\l_coffin_left_corner_dim=\dimen268
\l_coffin_right_corner_dim=\dimen269
\l_coffin_bottom_corner_dim=\dimen270
\l_coffin_top_corner_dim=\dimen271
\l_coffin_scaled_total_height_dim=\dimen272
\l_coffin_scaled_width_dim=\dimen273
\l_coffin_display_coffin=\box59
\l_coffin_display_coord_coffin=\box60
\l_coffin_display_pole_coffin=\box61
\l_coffin_display_offset_dim=\dimen274
\l_coffin_display_x_dim=\dimen275
\l_coffin_display_y_dim=\dimen276
)
(D:\program\CTEX\MiKTeX\tex\latex\l3kernel\l3color.sty
Package: l3color 2011/09/07 v2776 L3 Experimental colour support
)
(D:\program\CTEX\MiKTeX\tex\latex\l3kernel\l3luatex.sty
Package: l3luatex 2012/02/09 v3355 L3 Experimental LuaTeX-specific functions
\g_cctab_allocate_int=\count299
\g_cctab_stack_int=\count300
))
(D:\program\CTEX\MiKTeX\tex\latex\etoolbox\etoolbox.sty
Package: etoolbox 2011/01/03 v2.1 e-TeX tools for LaTeX
\etb@tempcnta=\count301
)
(D:\program\CTEX\MiKTeX\tex\latex\tools\indentfirst.sty
Package: indentfirst 1995/11/23 v1.03 Indent first paragraph (DPC)
)
(D:\program\CTEX\MiKTeX\tex\latex\base\fix-cm.sty
Package: fix-cm 2006/09/13 v1.1m fixes to LaTeX

(D:\program\CTEX\MiKTeX\tex\latex\base\ts1enc.def
File: ts1enc.def 2001/06/05 v3.0e (jk/car/fm) Standard LaTeX file
))
(D:\program\CTEX\MiKTeX\tex\latex\ctex\engine\ctex-cjk-engine.def
(D:\program\CTEX\MiKTeX\tex\latex\cjk\CJKutf8.sty
Package: CJKutf8 2008/12/29 4.8.2

(D:\program\CTEX\MiKTeX\tex\latex\base\inputenc.sty
Package: inputenc 2008/03/30 v1.1d Input encoding file
\inpenc@prehook=\toks40
\inpenc@posthook=\toks41

(D:\program\CTEX\MiKTeX\tex\latex\base\utf8.def
File: utf8.def 2008/04/05 v1.1m UTF-8 support for inputenc
Now handling font encoding OML ...
... no UTF-8 mapping file for font encoding OML
Now handling font encoding T1 ...
... processing UTF-8 mapping file for font encoding T1

(D:\program\CTEX\MiKTeX\tex\latex\base\t1enc.dfu
File: t1enc.dfu 2008/04/05 v1.1m UTF-8 support for inputenc
   defining Unicode char U+00A1 (decimal 161)
   defining Unicode char U+00A3 (decimal 163)
   defining Unicode char U+00AB (decimal 171)
   defining Unicode char U+00BB (decimal 187)
   defining Unicode char U+00BF (decimal 191)
   defining Unicode char U+00C0 (decimal 192)
   defining Unicode char U+00C1 (decimal 193)
   defining Unicode char U+00C2 (decimal 194)
   defining Unicode char U+00C3 (decimal 195)
   defining Unicode char U+00C4 (decimal 196)
   defining Unicode char U+00C5 (decimal 197)
   defining Unicode char U+00C6 (decimal 198)
   defining Unicode char U+00C7 (decimal 199)
   defining Unicode char U+00C8 (decimal 200)
   defining Unicode char U+00C9 (decimal 201)
   defining Unicode char U+00CA (decimal 202)
   defining Unicode char U+00CB (decimal 203)
   defining Unicode char U+00CC (decimal 204)
   defining Unicode char U+00CD (decimal 205)
   defining Unicode char U+00CE (decimal 206)
   defining Unicode char U+00CF (decimal 207)
   defining Unicode char U+00D0 (decimal 208)
   defining Unicode char U+00D1 (decimal 209)
   defining Unicode char U+00D2 (decimal 210)
   defining Unicode char U+00D3 (decimal 211)
   defining Unicode char U+00D4 (decimal 212)
   defining Unicode char U+00D5 (decimal 213)
   defining Unicode char U+00D6 (decimal 214)
   defining Unicode char U+00D8 (decimal 216)
   defining Unicode char U+00D9 (decimal 217)
   defining Unicode char U+00DA (decimal 218)
   defining Unicode char U+00DB (decimal 219)
   defining Unicode char U+00DC (decimal 220)
   defining Unicode char U+00DD (decimal 221)
   defining Unicode char U+00DE (decimal 222)
   defining Unicode char U+00DF (decimal 223)
   defining Unicode char U+00E0 (decimal 224)
   defining Unicode char U+00E1 (decimal 225)
   defining Unicode char U+00E2 (decimal 226)
   defining Unicode char U+00E3 (decimal 227)
   defining Unicode char U+00E4 (decimal 228)
   defining Unicode char U+00E5 (decimal 229)
   defining Unicode char U+00E6 (decimal 230)
   defining Unicode char U+00E7 (decimal 231)
   defining Unicode char U+00E8 (decimal 232)
   defining Unicode char U+00E9 (decimal 233)
   defining Unicode char U+00EA (decimal 234)
   defining Unicode char U+00EB (decimal 235)
   defining Unicode char U+00EC (decimal 236)
   defining Unicode char U+00ED (decimal 237)
   defining Unicode char U+00EE (decimal 238)
   defining Unicode char U+00EF (decimal 239)
   defining Unicode char U+00F0 (decimal 240)
   defining Unicode char U+00F1 (decimal 241)
   defining Unicode char U+00F2 (decimal 242)
   defining Unicode char U+00F3 (decimal 243)
   defining Unicode char U+00F4 (decimal 244)
   defining Unicode char U+00F5 (decimal 245)
   defining Unicode char U+00F6 (decimal 246)
   defining Unicode char U+00F8 (decimal 248)
   defining Unicode char U+00F9 (decimal 249)
   defining Unicode char U+00FA (decimal 250)
   defining Unicode char U+00FB (decimal 251)
   defining Unicode char U+00FC (decimal 252)
   defining Unicode char U+00FD (decimal 253)
   defining Unicode char U+00FE (decimal 254)
   defining Unicode char U+00FF (decimal 255)
   defining Unicode char U+0102 (decimal 258)
   defining Unicode char U+0103 (decimal 259)
   defining Unicode char U+0104 (decimal 260)
   defining Unicode char U+0105 (decimal 261)
   defining Unicode char U+0106 (decimal 262)
   defining Unicode char U+0107 (decimal 263)
   defining Unicode char U+010C (decimal 268)
   defining Unicode char U+010D (decimal 269)
   defining Unicode char U+010E (decimal 270)
   defining Unicode char U+010F (decimal 271)
   defining Unicode char U+0110 (decimal 272)
   defining Unicode char U+0111 (decimal 273)
   defining Unicode char U+0118 (decimal 280)
   defining Unicode char U+0119 (decimal 281)
   defining Unicode char U+011A (decimal 282)
   defining Unicode char U+011B (decimal 283)
   defining Unicode char U+011E (decimal 286)
   defining Unicode char U+011F (decimal 287)
   defining Unicode char U+0130 (decimal 304)
   defining Unicode char U+0131 (decimal 305)
   defining Unicode char U+0132 (decimal 306)
   defining Unicode char U+0133 (decimal 307)
   defining Unicode char U+0139 (decimal 313)
   defining Unicode char U+013A (decimal 314)
   defining Unicode char U+013D (decimal 317)
   defining Unicode char U+013E (decimal 318)
   defining Unicode char U+0141 (decimal 321)
   defining Unicode char U+0142 (decimal 322)
   defining Unicode char U+0143 (decimal 323)
   defining Unicode char U+0144 (decimal 324)
   defining Unicode char U+0147 (decimal 327)
   defining Unicode char U+0148 (decimal 328)
   defining Unicode char U+014A (decimal 330)
   defining Unicode char U+014B (decimal 331)
   defining Unicode char U+0150 (decimal 336)
   defining Unicode char U+0151 (decimal 337)
   defining Unicode char U+0152 (decimal 338)
   defining Unicode char U+0153 (decimal 339)
   defining Unicode char U+0154 (decimal 340)
   defining Unicode char U+0155 (decimal 341)
   defining Unicode char U+0158 (decimal 344)
   defining Unicode char U+0159 (decimal 345)
   defining Unicode char U+015A (decimal 346)
   defining Unicode char U+015B (decimal 347)
   defining Unicode char U+015E (decimal 350)
   defining Unicode char U+015F (decimal 351)
   defining Unicode char U+0160 (decimal 352)
   defining Unicode char U+0161 (decimal 353)
   defining Unicode char U+0162 (decimal 354)
   defining Unicode char U+0163 (decimal 355)
   defining Unicode char U+0164 (decimal 356)
   defining Unicode char U+0165 (decimal 357)
   defining Unicode char U+016E (decimal 366)
   defining Unicode char U+016F (decimal 367)
   defining Unicode char U+0170 (decimal 368)
   defining Unicode char U+0171 (decimal 369)
   defining Unicode char U+0178 (decimal 376)
   defining Unicode char U+0179 (decimal 377)
   defining Unicode char U+017A (decimal 378)
   defining Unicode char U+017B (decimal 379)
   defining Unicode char U+017C (decimal 380)
   defining Unicode char U+017D (decimal 381)
   defining Unicode char U+017E (decimal 382)
   defining Unicode char U+200C (decimal 8204)
   defining Unicode char U+2013 (decimal 8211)
   defining Unicode char U+2014 (decimal 8212)
   defining Unicode char U+2018 (decimal 8216)
   defining Unicode char U+2019 (decimal 8217)
   defining Unicode char U+201A (decimal 8218)
   defining Unicode char U+201C (decimal 8220)
   defining Unicode char U+201D (decimal 8221)
   defining Unicode char U+201E (decimal 8222)
   defining Unicode char U+2030 (decimal 8240)
   defining Unicode char U+2031 (decimal 8241)
   defining Unicode char U+2039 (decimal 8249)
   defining Unicode char U+203A (decimal 8250)
   defining Unicode char U+2423 (decimal 9251)
)
Now handling font encoding OT1 ...
... processing UTF-8 mapping file for font encoding OT1

(D:\program\CTEX\MiKTeX\tex\latex\base\ot1enc.dfu
File: ot1enc.dfu 2008/04/05 v1.1m UTF-8 support for inputenc
   defining Unicode char U+00A1 (decimal 161)
   defining Unicode char U+00A3 (decimal 163)
   defining Unicode char U+00B8 (decimal 184)
   defining Unicode char U+00BF (decimal 191)
   defining Unicode char U+00C5 (decimal 197)
   defining Unicode char U+00C6 (decimal 198)
   defining Unicode char U+00D8 (decimal 216)
   defining Unicode char U+00DF (decimal 223)
   defining Unicode char U+00E6 (decimal 230)
   defining Unicode char U+00EC (decimal 236)
   defining Unicode char U+00ED (decimal 237)
   defining Unicode char U+00EE (decimal 238)
   defining Unicode char U+00EF (decimal 239)
   defining Unicode char U+00F8 (decimal 248)
   defining Unicode char U+0131 (decimal 305)
   defining Unicode char U+0141 (decimal 321)
   defining Unicode char U+0142 (decimal 322)
   defining Unicode char U+0152 (decimal 338)
   defining Unicode char U+0153 (decimal 339)
   defining Unicode char U+2013 (decimal 8211)
   defining Unicode char U+2014 (decimal 8212)
   defining Unicode char U+2018 (decimal 8216)
   defining Unicode char U+2019 (decimal 8217)
   defining Unicode char U+201C (decimal 8220)
   defining Unicode char U+201D (decimal 8221)
)
Now handling font encoding OMS ...
... processing UTF-8 mapping file for font encoding OMS

(D:\program\CTEX\MiKTeX\tex\latex\base\omsenc.dfu
File: omsenc.dfu 2008/04/05 v1.1m UTF-8 support for inputenc
   defining Unicode char U+00A7 (decimal 167)
   defining Unicode char U+00B6 (decimal 182)
   defining Unicode char U+00B7 (decimal 183)
   defining Unicode char U+2020 (decimal 8224)
   defining Unicode char U+2021 (decimal 8225)
   defining Unicode char U+2022 (decimal 8226)
)
Now handling font encoding OMX ...
... no UTF-8 mapping file for font encoding OMX
Now handling font encoding U ...
... no UTF-8 mapping file for font encoding U
Now handling font encoding PD1 ...
... no UTF-8 mapping file for font encoding PD1
Now handling font encoding TS1 ...
... processing UTF-8 mapping file for font encoding TS1

(D:\program\CTEX\MiKTeX\tex\latex\base\ts1enc.dfu
File: ts1enc.dfu 2008/04/05 v1.1m UTF-8 support for inputenc
   defining Unicode char U+00A2 (decimal 162)
   defining Unicode char U+00A3 (decimal 163)
   defining Unicode char U+00A4 (decimal 164)
   defining Unicode char U+00A5 (decimal 165)
   defining Unicode char U+00A6 (decimal 166)
   defining Unicode char U+00A7 (decimal 167)
   defining Unicode char U+00A8 (decimal 168)
   defining Unicode char U+00A9 (decimal 169)
   defining Unicode char U+00AA (decimal 170)
   defining Unicode char U+00AC (decimal 172)
   defining Unicode char U+00AE (decimal 174)
   defining Unicode char U+00AF (decimal 175)
   defining Unicode char U+00B0 (decimal 176)
   defining Unicode char U+00B1 (decimal 177)
   defining Unicode char U+00B2 (decimal 178)
   defining Unicode char U+00B3 (decimal 179)
   defining Unicode char U+00B4 (decimal 180)
   defining Unicode char U+00B5 (decimal 181)
   defining Unicode char U+00B6 (decimal 182)
   defining Unicode char U+00B7 (decimal 183)
   defining Unicode char U+00B9 (decimal 185)
   defining Unicode char U+00BA (decimal 186)
   defining Unicode char U+00BC (decimal 188)
   defining Unicode char U+00BD (decimal 189)
   defining Unicode char U+00BE (decimal 190)
   defining Unicode char U+00D7 (decimal 215)
   defining Unicode char U+00F7 (decimal 247)
   defining Unicode char U+0192 (decimal 402)
   defining Unicode char U+02C7 (decimal 711)
   defining Unicode char U+02D8 (decimal 728)
   defining Unicode char U+02DD (decimal 733)
   defining Unicode char U+0E3F (decimal 3647)
   defining Unicode char U+2016 (decimal 8214)
   defining Unicode char U+2020 (decimal 8224)
   defining Unicode char U+2021 (decimal 8225)
   defining Unicode char U+2022 (decimal 8226)
   defining Unicode char U+2030 (decimal 8240)
   defining Unicode char U+2031 (decimal 8241)
   defining Unicode char U+203B (decimal 8251)
   defining Unicode char U+203D (decimal 8253)
   defining Unicode char U+2044 (decimal 8260)
   defining Unicode char U+204E (decimal 8270)
   defining Unicode char U+2052 (decimal 8274)
   defining Unicode char U+20A1 (decimal 8353)
   defining Unicode char U+20A4 (decimal 8356)
   defining Unicode char U+20A6 (decimal 8358)
   defining Unicode char U+20A9 (decimal 8361)
   defining Unicode char U+20AB (decimal 8363)
   defining Unicode char U+20AC (decimal 8364)
   defining Unicode char U+20B1 (decimal 8369)
   defining Unicode char U+2103 (decimal 8451)
   defining Unicode char U+2116 (decimal 8470)
   defining Unicode char U+2117 (decimal 8471)
   defining Unicode char U+211E (decimal 8478)
   defining Unicode char U+2120 (decimal 8480)
   defining Unicode char U+2122 (decimal 8482)
   defining Unicode char U+2126 (decimal 8486)
   defining Unicode char U+2127 (decimal 8487)
   defining Unicode char U+212E (decimal 8494)
   defining Unicode char U+2190 (decimal 8592)
   defining Unicode char U+2191 (decimal 8593)
   defining Unicode char U+2192 (decimal 8594)
   defining Unicode char U+2193 (decimal 8595)
   defining Unicode char U+2329 (decimal 9001)
   defining Unicode char U+232A (decimal 9002)
   defining Unicode char U+2422 (decimal 9250)
   defining Unicode char U+25E6 (decimal 9702)
   defining Unicode char U+25EF (decimal 9711)
   defining Unicode char U+266A (decimal 9834)
)
   defining Unicode char U+00A9 (decimal 169)
   defining Unicode char U+00AA (decimal 170)
   defining Unicode char U+00AE (decimal 174)
   defining Unicode char U+00BA (decimal 186)
   defining Unicode char U+02C6 (decimal 710)
   defining Unicode char U+02DC (decimal 732)
   defining Unicode char U+200C (decimal 8204)
   defining Unicode char U+2026 (decimal 8230)
   defining Unicode char U+2122 (decimal 8482)
   defining Unicode char U+2423 (decimal 9251)
))
(D:\program\CTEX\MiKTeX\tex\latex\cjk\CJK.sty
Package: CJK 2008/12/29 4.8.2

(D:\program\CTEX\MiKTeX\tex\latex\cjk\mule\MULEenc.sty
Package: MULEenc 2008/12/29 4.8.2
)
(D:\program\CTEX\MiKTeX\tex\latex\cjk\CJK.enc
File: CJK.enc 2008/12/29 4.8.2
Now handling font encoding C00 ...
... no UTF-8 mapping file for font encoding C00
Now handling font encoding C05 ...
... no UTF-8 mapping file for font encoding C05
Now handling font encoding C09 ...
... no UTF-8 mapping file for font encoding C09
Now handling font encoding C10 ...
... no UTF-8 mapping file for font encoding C10
Now handling font encoding C20 ...
... no UTF-8 mapping file for font encoding C20
Now handling font encoding C19 ...
... no UTF-8 mapping file for font encoding C19
Now handling font encoding C40 ...
... no UTF-8 mapping file for font encoding C40
Now handling font encoding C42 ...
... no UTF-8 mapping file for font encoding C42
Now handling font encoding C43 ...
... no UTF-8 mapping file for font encoding C43
Now handling font encoding C50 ...
... no UTF-8 mapping file for font encoding C50
Now handling font encoding C52 ...
... no UTF-8 mapping file for font encoding C52
Now handling font encoding C49 ...
... no UTF-8 mapping file for font encoding C49
Now handling font encoding C60 ...
... no UTF-8 mapping file for font encoding C60
Now handling font encoding C61 ...
... no UTF-8 mapping file for font encoding C61
Now handling font encoding C63 ...
... no UTF-8 mapping file for font encoding C63
Now handling font encoding C64 ...
... no UTF-8 mapping file for font encoding C64
Now handling font encoding C65 ...
... no UTF-8 mapping file for font encoding C65
Now handling font encoding C70 ...
... no UTF-8 mapping file for font encoding C70
Now handling font encoding C31 ...
... no UTF-8 mapping file for font encoding C31
Now handling font encoding C32 ...
... no UTF-8 mapping file for font encoding C32
Now handling font encoding C33 ...
... no UTF-8 mapping file for font encoding C33
Now handling font encoding C34 ...
... no UTF-8 mapping file for font encoding C34
Now handling font encoding C35 ...
... no UTF-8 mapping file for font encoding C35
Now handling font encoding C36 ...
... no UTF-8 mapping file for font encoding C36
Now handling font encoding C37 ...
... no UTF-8 mapping file for font encoding C37
Now handling font encoding C80 ...
... no UTF-8 mapping file for font encoding C80
Now handling font encoding C81 ...
... no UTF-8 mapping file for font encoding C81
Now handling font encoding C01 ...
... no UTF-8 mapping file for font encoding C01
Now handling font encoding C11 ...
... no UTF-8 mapping file for font encoding C11
Now handling font encoding C21 ...
... no UTF-8 mapping file for font encoding C21
Now handling font encoding C41 ...
... no UTF-8 mapping file for font encoding C41
Now handling font encoding C62 ...
... no UTF-8 mapping file for font encoding C62
)
LaTeX Info: Redefining \selectfont on input line 756.
\CJK@indent=\box62
)
(D:\program\CTEX\MiKTeX\tex\latex\base\fontenc.sty
Package: fontenc 2005/09/27 v1.99g Standard LaTeX package
))
(D:\program\CTEX\CTeX\tex\latex\CJKpunct\CJKpunct.sty
Package: CJKpunct 2010/02/21 4.8.2-2
\CJKpunct@cnta=\count302
\CJKpunct@cntb=\count303
\CJKpunct@cntc=\count304
\CJKpunct@cntd=\count305
\CJKpunct@cnte=\count306
   defining Unicode char U+2018 (decimal 8216)
   defining Unicode char U+2019 (decimal 8217)
   defining Unicode char U+201C (decimal 8220)
   defining Unicode char U+201D (decimal 8221)
   defining Unicode char U+2014 (decimal 8212)
   defining Unicode char U+2026 (decimal 8230)

(D:\program\CTEX\CTeX\tex\latex\CJKpunct\CJKpunct.spa))
(D:\program\CTEX\MiKTeX\tex\latex\ctex\engine\ctex-cjk-common.def
\ccwd=\dimen277
)
(D:\program\CTEX\MiKTeX\tex\latex\ctex\fontset\ctex-cjk-winfonts.def
(D:\program\CTEX\MiKTeX\tex\generic\zhmetrics\zhwinfonts.tex
(D:\program\CTEX\MiKTeX\tex\generic\oberdiek\ifpdf.sty
Package ifpdf Info: The package is already loaded, stopped on input line 64.
){D:/program/CTEX/UserData/pdftex/config/pdftex.map{Unicode.sfd}{UGBK.sfd}})))
\CTEX@q=\count307
\CTEX@r=\count308
))
(D:\program\CTEX\MiKTeX\tex\latex\ctex\def\ctex-utf8.def)
(D:\program\CTEX\MiKTeX\tex\latex\ctex\cfg\ctex.cfg)
(D:\program\CTEX\MiKTeX\tex\latex\beamer\base\themes\theme\beamerthemeWarsaw.st
y
Package: beamerthemeWarsaw 2010/06/17  (rcs-revision d02a7cf4d8ae)


! LaTeX Error: Option clash for package beamerinnerthemerounded.

See the LaTeX manual or LaTeX Companion for explanation.
Type  H <return>  for immediate help.
 ...                                              
                                                  
l.15 \useinnertheme[shadow=true]{rounded}
                                         
The package beamerinnerthemerounded has already been loaded with options:
  []
There has now been an attempt to load it with options
  [shadow=true]
Adding the global options:
  ,shadow=true
to your \documentclass declaration may fix this.
Try typing  <return>  to proceed.


(D:\program\CTEX\MiKTeX\tex\latex\beamer\base\themes\outer\beamerouterthemeshad
ow.sty
Package: beamerouterthemeshadow 2010/06/17  (rcs-revision d02a7cf4d8ae)
))
(D:\ALL_kinds_of_files\Documents\MATLAB\summer\demoPtycho_2\tex\report_1129.aux

LaTeX Warning: Label `fig:modes_u' multiply defined.


LaTeX Warning: Label `sub@fig:modes_u' multiply defined.


LaTeX Warning: Label `fig:modes_u_phaze' multiply defined.


LaTeX Warning: Label `sub@fig:modes_u_phaze' multiply defined.


LaTeX Warning: Label `fig:modes_images' multiply defined.


LaTeX Warning: Label `fig:modes_u' multiply defined.


LaTeX Warning: Label `sub@fig:modes_u' multiply defined.


LaTeX Warning: Label `fig:modes_u_phaze' multiply defined.


LaTeX Warning: Label `sub@fig:modes_u_phaze' multiply defined.


LaTeX Warning: Label `fig:modes_u' multiply defined.


LaTeX Warning: Label `sub@fig:modes_u' multiply defined.


LaTeX Warning: Label `fig:modes_u_phaze' multiply defined.


LaTeX Warning: Label `sub@fig:modes_u_phaze' multiply defined.


LaTeX Warning: Label `fig:modes_u' multiply defined.


LaTeX Warning: Label `sub@fig:modes_u' multiply defined.


LaTeX Warning: Label `fig:modes_u_phaze' multiply defined.


LaTeX Warning: Label `sub@fig:modes_u_phaze' multiply defined.

)
LaTeX Font Info:    Checking defaults for OML/cmm/m/it on input line 17.
LaTeX Font Info:    ... okay on input line 17.
LaTeX Font Info:    Checking defaults for T1/cmr/m/n on input line 17.
LaTeX Font Info:    ... okay on input line 17.
LaTeX Font Info:    Checking defaults for OT1/cmr/m/n on input line 17.
LaTeX Font Info:    ... okay on input line 17.
LaTeX Font Info:    Checking defaults for OMS/cmsy/m/n on input line 17.
LaTeX Font Info:    ... okay on input line 17.
LaTeX Font Info:    Checking defaults for OMX/cmex/m/n on input line 17.
LaTeX Font Info:    ... okay on input line 17.
LaTeX Font Info:    Checking defaults for U/cmr/m/n on input line 17.
LaTeX Font Info:    ... okay on input line 17.
LaTeX Font Info:    Checking defaults for PD1/pdf/m/n on input line 17.
LaTeX Font Info:    ... okay on input line 17.
LaTeX Font Info:    Checking defaults for TS1/cmr/m/n on input line 17.
LaTeX Font Info:    ... okay on input line 17.
LaTeX Font Info:    Checking defaults for C00/song/m/n on input line 17.
LaTeX Font Info:    ... okay on input line 17.
LaTeX Font Info:    Checking defaults for C05/song/m/n on input line 17.
LaTeX Font Info:    ... okay on input line 17.
LaTeX Font Info:    Checking defaults for C09/song/m/n on input line 17.
LaTeX Font Info:    ... okay on input line 17.
LaTeX Font Info:    Checking defaults for C10/song/m/n on input line 17.
LaTeX Font Info:    ... okay on input line 17.
LaTeX Font Info:    Checking defaults for C20/song/m/n on input line 17.
LaTeX Font Info:    ... okay on input line 17.
LaTeX Font Info:    Checking defaults for C19/song/m/n on input line 17.
LaTeX Font Info:    ... okay on input line 17.
LaTeX Font Info:    Checking defaults for C40/song/m/n on input line 17.
LaTeX Font Info:    ... okay on input line 17.
LaTeX Font Info:    Checking defaults for C42/song/m/n on input line 17.
LaTeX Font Info:    ... okay on input line 17.
LaTeX Font Info:    Checking defaults for C43/song/m/n on input line 17.
LaTeX Font Info:    ... okay on input line 17.
LaTeX Font Info:    Checking defaults for C50/song/m/n on input line 17.
LaTeX Font Info:    ... okay on input line 17.
LaTeX Font Info:    Checking defaults for C52/song/m/n on input line 17.
LaTeX Font Info:    ... okay on input line 17.
LaTeX Font Info:    Checking defaults for C49/song/m/n on input line 17.
LaTeX Font Info:    ... okay on input line 17.
LaTeX Font Info:    Checking defaults for C60/mj/m/n on input line 17.
LaTeX Font Info:    ... okay on input line 17.
LaTeX Font Info:    Checking defaults for C61/mj/m/n on input line 17.
LaTeX Font Info:    ... okay on input line 17.
LaTeX Font Info:    Checking defaults for C63/mj/m/n on input line 17.
LaTeX Font Info:    ... okay on input line 17.
LaTeX Font Info:    Checking defaults for C64/mj/m/n on input line 17.
LaTeX Font Info:    ... okay on input line 17.
LaTeX Font Info:    Checking defaults for C65/mj/m/n on input line 17.
LaTeX Font Info:    ... okay on input line 17.
LaTeX Font Info:    Checking defaults for C70/song/m/n on input line 17.
LaTeX Font Info:    ... okay on input line 17.
LaTeX Font Info:    Checking defaults for C31/song/m/n on input line 17.
LaTeX Font Info:    ... okay on input line 17.
LaTeX Font Info:    Checking defaults for C32/song/m/n on input line 17.
LaTeX Font Info:    ... okay on input line 17.
LaTeX Font Info:    Checking defaults for C33/song/m/n on input line 17.
LaTeX Font Info:    ... okay on input line 17.
LaTeX Font Info:    Checking defaults for C34/song/m/n on input line 17.
LaTeX Font Info:    ... okay on input line 17.
LaTeX Font Info:    Checking defaults for C35/song/m/n on input line 17.
LaTeX Font Info:    ... okay on input line 17.
LaTeX Font Info:    Checking defaults for C36/song/m/n on input line 17.
LaTeX Font Info:    ... okay on input line 17.
LaTeX Font Info:    Checking defaults for C37/song/m/n on input line 17.
LaTeX Font Info:    ... okay on input line 17.
LaTeX Font Info:    Checking defaults for C80/song/m/n on input line 17.
LaTeX Font Info:    ... okay on input line 17.
LaTeX Font Info:    Checking defaults for C81/song/m/n on input line 17.
LaTeX Font Info:    ... okay on input line 17.
LaTeX Font Info:    Checking defaults for C01/song/m/n on input line 17.
LaTeX Font Info:    ... okay on input line 17.
LaTeX Font Info:    Checking defaults for C11/song/m/n on input line 17.
LaTeX Font Info:    ... okay on input line 17.
LaTeX Font Info:    Checking defaults for C21/song/m/n on input line 17.
LaTeX Font Info:    ... okay on input line 17.
LaTeX Font Info:    Checking defaults for C41/song/m/n on input line 17.
LaTeX Font Info:    ... okay on input line 17.
LaTeX Font Info:    Checking defaults for C62/song/m/n on input line 17.
LaTeX Font Info:    ... okay on input line 17.

*geometry* driver: auto-detecting
*geometry* detected driver: pdftex
*geometry* verbose mode - [ preamble ] result:
* driver: pdftex
* paper: custom
* layout: <same size as paper>
* layoutoffset:(h,v)=(0.0pt,0.0pt)
* modes: includehead includefoot 
* h-part:(L,W,R)=(28.45274pt, 307.28987pt, 28.45274pt)
* v-part:(T,H,B)=(0.0pt, 273.14662pt, 0.0pt)
* \paperwidth=364.19536pt
* \paperheight=273.14662pt
* \textwidth=307.28987pt
* \textheight=244.6939pt
* \oddsidemargin=-43.81725pt
* \evensidemargin=-43.81725pt
* \topmargin=-72.26999pt
* \headheight=14.22636pt
* \headsep=0.0pt
* \topskip=11.0pt
* \footskip=14.22636pt
* \marginparwidth=4.0pt
* \marginparsep=10.0pt
* \columnsep=10.0pt
* \skip\footins=10.0pt plus 4.0pt minus 2.0pt
* \hoffset=0.0pt
* \voffset=0.0pt
* \mag=1000
* \@twocolumnfalse
* \@twosidefalse
* \@mparswitchfalse
* \@reversemarginfalse
* (1in=72.27pt=25.4mm, 1cm=28.453pt)

(D:\program\CTEX\MiKTeX\tex\context\base\supp-pdf.mkii
[Loading MPS to PDF converter (version 2006.09.02).]
\scratchcounter=\count309
\scratchdimen=\dimen278
\scratchbox=\box63
\nofMPsegments=\count310
\nofMParguments=\count311
\everyMPshowfont=\toks42
\MPscratchCnt=\count312
\MPscratchDim=\dimen279
\MPnumerator=\count313
\makeMPintoPDFobject=\count314
\everyMPtoPDFconversion=\toks43
) ABD: EveryShipout initializing macros
\AtBeginShipoutBox=\box64
Package hyperref Info: Link coloring OFF on input line 17.

(D:\program\CTEX\MiKTeX\tex\latex\hyperref\nameref.sty
Package: nameref 2010/04/30 v2.40 Cross-referencing by name of section

(D:\program\CTEX\MiKTeX\tex\generic\oberdiek\gettitlestring.sty
Package: gettitlestring 2010/12/03 v1.4 Cleanup title references (HO)
)
\c@section@level=\count315
)
LaTeX Info: Redefining \ref on input line 17.
LaTeX Info: Redefining \pageref on input line 17.
LaTeX Info: Redefining \nameref on input line 17.

(D:\ALL_kinds_of_files\Documents\MATLAB\summer\demoPtycho_2\tex\report_1129.out
)
(D:\ALL_kinds_of_files\Documents\MATLAB\summer\demoPtycho_2\tex\report_1129.out
)
\@outlinefile=\write5
LaTeX Font Info:    Overwriting symbol font `operators' in version `normal'
(Font)                  OT1/cmr/m/n --> OT1/cmss/m/n on input line 17.
LaTeX Font Info:    Overwriting symbol font `operators' in version `bold'
(Font)                  OT1/cmr/bx/n --> OT1/cmss/bx/n on input line 17.
\symnumbers=\mathgroup6
\sympureletters=\mathgroup7
LaTeX Font Info:    Overwriting math alphabet `\mathrm' in version `normal'
(Font)                  OT1/cmss/m/n --> OT1/cmr/m/n on input line 17.
LaTeX Font Info:    Redeclaring math alphabet \mathbf on input line 17.
LaTeX Font Info:    Overwriting math alphabet `\mathbf' in version `normal'
(Font)                  OT1/cmr/bx/n --> OT1/cmss/bx/n on input line 17.
LaTeX Font Info:    Overwriting math alphabet `\mathbf' in version `bold'
(Font)                  OT1/cmr/bx/n --> OT1/cmss/bx/n on input line 17.
LaTeX Font Info:    Redeclaring math alphabet \mathsf on input line 17.
LaTeX Font Info:    Overwriting math alphabet `\mathsf' in version `normal'
(Font)                  OT1/cmss/m/n --> OT1/cmss/m/n on input line 17.
LaTeX Font Info:    Overwriting math alphabet `\mathsf' in version `bold'
(Font)                  OT1/cmss/bx/n --> OT1/cmss/m/n on input line 17.
LaTeX Font Info:    Redeclaring math alphabet \mathit on input line 17.
LaTeX Font Info:    Overwriting math alphabet `\mathit' in version `normal'
(Font)                  OT1/cmr/m/it --> OT1/cmss/m/it on input line 17.
LaTeX Font Info:    Overwriting math alphabet `\mathit' in version `bold'
(Font)                  OT1/cmr/bx/it --> OT1/cmss/m/it on input line 17.
LaTeX Font Info:    Redeclaring math alphabet \mathtt on input line 17.
LaTeX Font Info:    Overwriting math alphabet `\mathtt' in version `normal'
(Font)                  OT1/cmtt/m/n --> OT1/cmtt/m/n on input line 17.
LaTeX Font Info:    Overwriting math alphabet `\mathtt' in version `bold'
(Font)                  OT1/cmtt/m/n --> OT1/cmtt/m/n on input line 17.
LaTeX Font Info:    Overwriting symbol font `numbers' in version `bold'
(Font)                  OT1/cmss/m/n --> OT1/cmss/bx/n on input line 17.
LaTeX Font Info:    Overwriting symbol font `pureletters' in version `bold'
(Font)                  OT1/cmss/m/it --> OT1/cmss/bx/it on input line 17.
LaTeX Font Info:    Overwriting math alphabet `\mathrm' in version `bold'
(Font)                  OT1/cmss/bx/n --> OT1/cmr/bx/n on input line 17.
LaTeX Font Info:    Overwriting math alphabet `\mathbf' in version `bold'
(Font)                  OT1/cmss/bx/n --> OT1/cmss/bx/n on input line 17.
LaTeX Font Info:    Overwriting math alphabet `\mathsf' in version `bold'
(Font)                  OT1/cmss/m/n --> OT1/cmss/bx/n on input line 17.
LaTeX Font Info:    Overwriting math alphabet `\mathit' in version `bold'
(Font)                  OT1/cmss/m/it --> OT1/cmss/bx/it on input line 17.
LaTeX Font Info:    Overwriting math alphabet `\mathtt' in version `bold'
(Font)                  OT1/cmtt/m/n --> OT1/cmtt/bx/n on input line 17.

(D:\program\CTEX\MiKTeX\tex\latex\beamer\base\translator\dicts\translator-basic
-dictionary\translator-basic-dictionary-English.dict
Dictionary: translator-basic-dictionary, Language: English 
)
(D:\program\CTEX\MiKTeX\tex\latex\beamer\base\translator\dicts\translator-bibli
ography-dictionary\translator-bibliography-dictionary-English.dict
Dictionary: translator-bibliography-dictionary, Language: English 
)
(D:\program\CTEX\MiKTeX\tex\latex\beamer\base\translator\dicts\translator-envir
onment-dictionary\translator-environment-dictionary-English.dict
Dictionary: translator-environment-dictionary, Language: English 
)
(D:\program\CTEX\MiKTeX\tex\latex\beamer\base\translator\dicts\translator-month
s-dictionary\translator-months-dictionary-English.dict
Dictionary: translator-months-dictionary, Language: English 
)
(D:\program\CTEX\MiKTeX\tex\latex\beamer\base\translator\dicts\translator-numbe
rs-dictionary\translator-numbers-dictionary-English.dict
Dictionary: translator-numbers-dictionary, Language: English 
)
(D:\program\CTEX\MiKTeX\tex\latex\beamer\base\translator\dicts\translator-theor
em-dictionary\translator-theorem-dictionary-English.dict
Dictionary: translator-theorem-dictionary, Language: English 
)
LaTeX Info: Redefining \includegraphics on input line 17.
Package caption Info: Begin \AtBeginDocument code.
Package caption Info: End \AtBeginDocument code.

(D:\program\CTEX\MiKTeX\tex\latex\cjk\UTF8\UTF8.bdg
File: UTF8.bdg 2008/12/29 4.8.2
)
(D:\program\CTEX\MiKTeX\tex\latex\cjk\UTF8\UTF8.enc
File: UTF8.enc 2008/12/29 4.8.2
)
(D:\program\CTEX\MiKTeX\tex\latex\cjk\UTF8\UTF8.chr
File: UTF8.chr 2008/12/29 4.8.2
)
(D:\ALL_kinds_of_files\Documents\MATLAB\summer\demoPtycho_2\tex\report_1129.nav
)
Overfull \hbox (11.99998pt too wide) in paragraph at lines 17--17
[][]  
 []


Overfull \hbox (12.0pt too wide) in paragraph at lines 17--17
[][]  
 []

LaTeX Font Info:    Try loading font information for C70+rm on input line 18.
(D:\program\CTEX\MiKTeX\tex\latex\ctex\fd\c70rm.fd
File: c70rm.fd 2007/05/06 v0.8a ctexutf8 font definition file
)
<SYSULogo.pdf, id=15, 460.72125pt x 134.5025pt>
File: SYSULogo.pdf Graphic file (type pdf)
 <use SYSULogo.pdf>
Package pdftex.def Info: SYSULogo.pdf used on input line 18.
(pdftex.def)             Requested size: 146.18948pt x 42.67912pt.
 [1

 <D:/ALL_kinds_of_files/Documents/MATLAB/summer/demoPtycho_2/tex/SYSULogo.pdf>]

<../figures0/overall.jpg, id=58, 414.79968pt x 316.18124pt>
File: ../figures0/overall.jpg Graphic file (type jpg)

<use ../figures0/overall.jpg>
Package pdftex.def Info: ../figures0/overall.jpg used on input line 28.
(pdftex.def)             Requested size: 307.28987pt x 234.24062pt.

Overfull \vbox (19.71829pt too high) detected at line 28
 []

[2

 <D:/ALL_kinds_of_files/Documents/MATLAB/summer/demoPtycho_2/figures0/overall.j
pg>] <../figures0/problem.jpg, id=91, 712.16063pt x 374.90062pt>
File: ../figures0/problem.jpg Graphic file (type jpg)

<use ../figures0/problem.jpg>
Package pdftex.def Info: ../figures0/problem.jpg used on input line 37.
(pdftex.def)             Requested size: 307.28987pt x 161.76472pt.
 [3

 <D:/ALL_kinds_of_files/Documents/MATLAB/summer/demoPtycho_2/figures0/problem.j
pg>]
<../figures0/Phaseandmagnitude.jpg, id=118, 495.35063pt x 325.215pt>
File: ../figures0/Phaseandmagnitude.jpg Graphic file (type jpg)

<use ../figures0/Phaseandmagnitude.jpg>
Package pdftex.def Info: ../figures0/Phaseandmagnitude.jpg used on input line 4
6.
(pdftex.def)             Requested size: 307.28987pt x 201.74535pt.
 [4

 <D:/ALL_kinds_of_files/Documents/MATLAB/summer/demoPtycho_2/figures0/Phaseandm
agnitude.jpg>]
<../figures0/ClassicalPhaze.jpg, id=145, 430.60875pt x 294.34969pt>
File: ../figures0/ClassicalPhaze.jpg Graphic file (type jpg)

<use ../figures0/ClassicalPhaze.jpg>
Package pdftex.def Info: ../figures0/ClassicalPhaze.jpg used on input line 60.
(pdftex.def)             Requested size: 307.28987pt x 210.05869pt.
 [5

 <D:/ALL_kinds_of_files/Documents/MATLAB/summer/demoPtycho_2/figures0/Classical
Phaze.jpg>]
LaTeX Font Info:    Try loading font information for U+msa on input line 96.

(D:\program\CTEX\MiKTeX\tex\latex\amsfonts\umsa.fd
File: umsa.fd 2009/06/22 v3.00 AMS symbols A
)
LaTeX Font Info:    Try loading font information for U+msb on input line 96.

(D:\program\CTEX\MiKTeX\tex\latex\amsfonts\umsb.fd
File: umsb.fd 2009/06/22 v3.00 AMS symbols B
)

LaTeX Font Warning: Font shape `OT1/cmss/m/it' in size <10.95> not available
(Font)              Font shape `OT1/cmss/m/sl' tried instead on input line 96.


LaTeX Font Warning: Font shape `OT1/cmss/m/it' in size <8> not available
(Font)              Font shape `OT1/cmss/m/sl' tried instead on input line 96.


LaTeX Font Warning: Font shape `OT1/cmss/m/it' in size <6> not available
(Font)              Font shape `OT1/cmss/m/sl' tried instead on input line 96.


Overfull \hbox (13.68953pt too wide) detected at line 96
\OMS/cmsy/m/n/10.95 P[]\OT1/cmss/m/n/10.95 (\OT1/cmss/m/sl/10.95 x\OT1/cmss/m/n
/10.95 ) = []
 []


Overfull \hbox (2.10518pt too wide) in paragraph at lines 96--96
$[]$  
 []

<../figures0/errorreduction.jpg, id=173, 286.06876pt x 245.41687pt>
File: ../figures0/errorreduction.jpg Graphic file (type jpg)

<use ../figures0/errorreduction.jpg>
Package pdftex.def Info: ../figures0/errorreduction.jpg used on input line 96.
(pdftex.def)             Requested size: 153.64493pt x 131.81161pt.

Overfull \vbox (19.65262pt too high) detected at line 96
 []

[6

 <D:/ALL_kinds_of_files/Documents/MATLAB/summer/demoPtycho_2/figures0/errorredu
ction.jpg>] [7

]
Package CJKpunct Info: punctuation spaces for family 'zhsong' do not exist. Use
 family 'def' instead. on input line 169.

Overfull \vbox (39.02162pt too high) detected at line 169
 []

[8

] <../figures0/ptycho.jpg, id=269, 600.74437pt x 385.44pt>
File: ../figures0/ptycho.jpg Graphic file (type jpg)

<use ../figures0/ptycho.jpg>
Package pdftex.def Info: ../figures0/ptycho.jpg used on input line 183.
(pdftex.def)             Requested size: 307.28987pt x 197.1658pt.

Overfull \vbox (20.13272pt too high) detected at line 183
 []

[9

 <D:/ALL_kinds_of_files/Documents/MATLAB/summer/demoPtycho_2/figures0/ptycho.jp
g>] [10

]
Overfull \hbox (19.9102pt too wide) detected at line 227
[] [] [] [][] []\OT1/cmss/m/sl/10.95 z[] \OT1/cmss/m/n/10.95 = \OMS/cmsy/m/n/10
.95 A[]\OT1/cmss/m/n/10.95 (\OML/cmm/m/it/10.95 !; \OT1/cmss/m/sl/10.95 u\OT1/c
mss/m/n/10.95 ) := \OMS/cmsy/m/n/10.95 F [] \OML/cmm/m/it/10.95 ; \OT1/cmss/m/s
l/10.95 j \OT1/cmss/m/n/10.95 = 1\OML/cmm/m/it/10.95 :::\OT1/cmss/m/sl/10.95 K
 []

[11

] [12

]

LaTeX Font Warning: Font shape `OT1/cmss/m/it' in size <14.4> not available
(Font)              Font shape `OT1/cmss/m/sl' tried instead on input line 277.



LaTeX Font Warning: Font shape `OT1/cmss/m/it' in size <10> not available
(Font)              Font shape `OT1/cmss/m/sl' tried instead on input line 277.



LaTeX Font Warning: Font shape `OT1/cmss/m/it' in size <7> not available
(Font)              Font shape `OT1/cmss/m/sl' tried instead on input line 277.



Overfull \vbox (4.39143pt too high) detected at line 277
 []

[13

]
Overfull \hbox (14.15569pt too wide) detected at line 297
\OT1/cmss/m/n/10.95 = [] [] [][[](\OMS/cmsy/m/n/10.95 j\OT1/cmss/m/sl/10.95 z\O
T1/cmss/m/n/10.95 (\OT1/cmss/m/sl/10.95 x\OML/cmm/m/it/10.95 ; \OT1/cmss/m/sl/1
0.95 y\OML/cmm/m/it/10.95 ; \OT1/cmss/m/sl/10.95 j\OT1/cmss/m/n/10.95 )\OMS/cms
y/m/n/10.95 j[]   \OT1/cmss/m/sl/10.95 f\OT1/cmss/m/n/10.95 (\OT1/cmss/m/sl/10.
95 x\OML/cmm/m/it/10.95 ; \OT1/cmss/m/sl/10.95 y\OML/cmm/m/it/10.95 ; \OT1/cmss
/m/sl/10.95 j\OT1/cmss/m/n/10.95 ))[] + []\OMS/cmsy/m/n/10.95 jj\OT1/cmss/m/sl/
10.95 z\OT1/cmss/m/n/10.95 (\OT1/cmss/m/sl/10.95 x\OML/cmm/m/it/10.95 ; \OT1/cm
ss/m/sl/10.95 y\OML/cmm/m/it/10.95 ; \OT1/cmss/m/sl/10.95 j\OT1/cmss/m/n/10.95 
) \OMS/cmsy/m/n/10.95   \OT1/cmss/m/sl/10.95 z[]\OT1/cmss/m/n/10.95 (\OT1/cmss/
m/sl/10.95 x\OML/cmm/m/it/10.95 ; \OT1/cmss/m/sl/10.95 y\OML/cmm/m/it/10.95 ; \
OT1/cmss/m/sl/10.95 j\OT1/cmss/m/n/10.95 )\OMS/cmsy/m/n/10.95 jj[]\OT1/cmss/m/n
/10.95 ]
 []

[14

]
Overfull \vbox (4.68471pt too high) detected at line 318
 []

[15

] <../figures0/partially.jpg, id=462, 429.85594pt x 211.54031pt>
File: ../figures0/partially.jpg Graphic file (type jpg)

<use ../figures0/partially.jpg>
Package pdftex.def Info: ../figures0/partially.jpg used on input line 329.
(pdftex.def)             Requested size: 307.28987pt x 151.22433pt.
 [16

 <D:/ALL_kinds_of_files/Documents/MATLAB/summer/demoPtycho_2/figures0/partially
.jpg>]

LaTeX Font Warning: Font shape `OT1/cmss/m/it' in size <9> not available
(Font)              Font shape `OT1/cmss/m/sl' tried instead on input line 351.



LaTeX Font Warning: Font shape `OT1/cmss/m/it' in size <5> not available
(Font)              Font shape `OT1/cmss/m/sl' tried instead on input line 351.


[17

] [18

] [19

]
Overfull \vbox (41.22954pt too high) detected at line 422
 []

[20

]
Overfull \vbox (27.82841pt too high) detected at line 455
 []

[21

]
Package epstopdf Info: Source file: <../figures/modes_u.eps>
(epstopdf)                    date: 2021-09-16 22:07:10
(epstopdf)                    size: 182369 bytes
(epstopdf)             Output file: <../figures/modes_u-eps-converted-to.pdf>
(epstopdf)                    date: 2021-09-16 22:10:07
(epstopdf)                    size: 64237 bytes
(epstopdf)             Command: <epstopdf --outfile=../figures/modes_u-eps-conv
erted-to.pdf ../figures/modes_u.eps>
(epstopdf)             \includegraphics on input line 485.
Package epstopdf Info: Output file is already uptodate.

<../figures/modes_u-eps-converted-to.pdf, id=629, 797.98125pt x 138.5175pt>
File: ../figures/modes_u-eps-converted-to.pdf Graphic file (type pdf)

<use ../figures/modes_u-eps-converted-to.pdf>
Package pdftex.def Info: ../figures/modes_u-eps-converted-to.pdf used on input 
line 485.
(pdftex.def)             Requested size: 276.559pt x 48.00629pt.

<../figures/modes_u_phaze.png, id=630, 324.46219pt x 60.225pt>
File: ../figures/modes_u_phaze.png Graphic file (type png)

<use ../figures/modes_u_phaze.png>
Package pdftex.def Info: ../figures/modes_u_phaze.png used on input line 485.
(pdftex.def)             Requested size: 276.559pt x 51.33667pt.
 [22

 <D:/ALL_kinds_of_files/Documents/MATLAB/summer/demoPtycho_2/figures/modes_u-ep
s-converted-to.pdf> <D:/ALL_kinds_of_files/Documents/MATLAB/summer/demoPtycho_2
/figures/modes_u_phaze.png (PNG copy)>]
Package epstopdf Info: Source file: <../figures/modes_R.eps>
(epstopdf)                    date: 2021-09-16 22:25:06
(epstopdf)                    size: 93694 bytes
(epstopdf)             Output file: <../figures/modes_R-eps-converted-to.pdf>
(epstopdf)                    date: 2021-09-16 22:25:22
(epstopdf)                    size: 28457 bytes
(epstopdf)             Command: <epstopdf --outfile=../figures/modes_R-eps-conv
erted-to.pdf ../figures/modes_R.eps>
(epstopdf)             \includegraphics on input line 513.
Package epstopdf Info: Output file is already uptodate.

<../figures/modes_R-eps-converted-to.pdf, id=670, 372.39125pt x 291.0875pt>
File: ../figures/modes_R-eps-converted-to.pdf Graphic file (type pdf)

<use ../figures/modes_R-eps-converted-to.pdf>
Package pdftex.def Info: ../figures/modes_R-eps-converted-to.pdf used on input 
line 513.
(pdftex.def)             Requested size: 153.64493pt x 120.10172pt.

<../figures/modes_snr.png, id=671, 370.38374pt x 291.33844pt>
File: ../figures/modes_snr.png Graphic file (type png)

<use ../figures/modes_snr.png>
Package pdftex.def Info: ../figures/modes_snr.png used on input line 513.
(pdftex.def)             Requested size: 138.2795pt x 108.76709pt.
 [23

 <D:/ALL_kinds_of_files/Documents/MATLAB/summer/demoPtycho_2/figures/modes_R-ep
s-converted-to.pdf> <D:/ALL_kinds_of_files/Documents/MATLAB/summer/demoPtycho_2
/figures/modes_snr.png (PNG copy)>]
<../figures/modes_combine.png, id=706, 796.8972pt x 395.5578pt>
File: ../figures/modes_combine.png Graphic file (type png)

<use ../figures/modes_combine.png>
Package pdftex.def Info: ../figures/modes_combine.png used on input line 525.
(pdftex.def)             Requested size: 307.28987pt x 152.52863pt.

Overfull \vbox (14.40643pt too high) detected at line 525
 []

[24

 <D:/ALL_kinds_of_files/Documents/MATLAB/summer/demoPtycho_2/figures/modes_comb
ine.png>] [25

] <../figures/ex_gu15_15.png, id=765, 798.8244pt x 295.3434pt>
File: ../figures/ex_gu15_15.png Graphic file (type png)

<use ../figures/ex_gu15_15.png>
Package pdftex.def Info: ../figures/ex_gu15_15.png used on input line 581.
(pdftex.def)             Requested size: 276.559pt x 102.24959pt.
pdfTeX warning (ext4): destination with the same identifier (name{fig:modes_u})
 has been already used, duplicate ignored
<to be read again> 
                   \relax 
l.581 \end{frame}
                 pdfTeX warning (ext4): destination with the same identifier (n
ame{sub@fig:modes_u}) has been already used, duplicate ignored
<to be read again> 
                   \relax 
l.581 \end{frame}
                 
<../figures/ex_gu15_15_s.png, id=766, 371.9496pt x 301.6068pt>
File: ../figures/ex_gu15_15_s.png Graphic file (type png)

<use ../figures/ex_gu15_15_s.png>
Package pdftex.def Info: ../figures/ex_gu15_15_s.png used on input line 581.
(pdftex.def)             Requested size: 153.64493pt x 124.5892pt.
pdfTeX warning (ext4): destination with the same identifier (name{fig:modes_u_p
haze}) has been already used, duplicate ignored
<to be read again> 
                   \relax 
l.581 \end{frame}
                 pdfTeX warning (ext4): destination with the same identifier (n
ame{sub@fig:modes_u_phaze}) has been already used, duplicate ignored
<to be read again> 
                   \relax 
l.581 \end{frame}
                 pdfTeX warning (ext4): destination with the same identifier (n
ame{fig:modes_images}) has been already used, duplicate ignored
<to be read again> 
                   \relax 
l.581 \end{frame}
                 
Overfull \vbox (13.31647pt too high) detected at line 581
 []

[26

 <D:/ALL_kinds_of_files/Documents/MATLAB/summer/demoPtycho_2/figures/ex_gu15_15
.png (PNG copy)> <D:/ALL_kinds_of_files/Documents/MATLAB/summer/demoPtycho_2/fi
gures/ex_gu15_15_s.png (PNG copy)>]
<../figures/ex_ave20.png, id=793, 921.2016pt x 313.17pt>
File: ../figures/ex_ave20.png Graphic file (type png)

<use ../figures/ex_ave20.png>
Package pdftex.def Info: ../figures/ex_ave20.png used on input line 603.
(pdftex.def)             Requested size: 276.559pt x 94.01862pt.
pdfTeX warning (ext4): destination with the same identifier (name{fig:modes_u})
 has been already used, duplicate ignored
<to be read again> 
                   \relax 
l.603 \end{frame}
                 pdfTeX warning (ext4): destination with the same identifier (n
ame{sub@fig:modes_u}) has been already used, duplicate ignored
<to be read again> 
                   \relax 
l.603 \end{frame}
                  <../figures/ex_ave20_s.png, id=794, 371.9496pt x 301.6068pt>
File: ../figures/ex_ave20_s.png Graphic file (type png)

<use ../figures/ex_ave20_s.png>
Package pdftex.def Info: ../figures/ex_ave20_s.png used on input line 603.
(pdftex.def)             Requested size: 153.64493pt x 124.5892pt.
pdfTeX warning (ext4): destination with the same identifier (name{fig:modes_u_p
haze}) has been already used, duplicate ignored
<to be read again> 
                   \relax 
l.603 \end{frame}
                 pdfTeX warning (ext4): destination with the same identifier (n
ame{sub@fig:modes_u_phaze}) has been already used, duplicate ignored
<to be read again> 
                   \relax 
l.603 \end{frame}
                 
Overfull \vbox (5.0855pt too high) detected at line 603
 []

[27

 <D:/ALL_kinds_of_files/Documents/MATLAB/summer/demoPtycho_2/figures/ex_ave20.p
ng (PNG copy)> <D:/ALL_kinds_of_files/Documents/MATLAB/summer/demoPtycho_2/figu
res/ex_ave20_s.png (PNG copy)>]
<../figures/ex_gu4_0.png, id=821, 921.2016pt x 74.1972pt>
File: ../figures/ex_gu4_0.png Graphic file (type png)

<use ../figures/ex_gu4_0.png>
Package pdftex.def Info: ../figures/ex_gu4_0.png used on input line 624.
(pdftex.def)             Requested size: 276.559pt x 22.27518pt.
pdfTeX warning (ext4): destination with the same identifier (name{fig:modes_u})
 has been already used, duplicate ignored
<to be read again> 
                   \relax 
l.624 \end{frame}
                 pdfTeX warning (ext4): destination with the same identifier (n
ame{sub@fig:modes_u}) has been already used, duplicate ignored
<to be read again> 
                   \relax 
l.624 \end{frame}
                  <../figures/ex_gu4_0_s.png, id=822, 366.168pt x 301.6068pt>
File: ../figures/ex_gu4_0_s.png Graphic file (type png)

<use ../figures/ex_gu4_0_s.png>
Package pdftex.def Info: ../figures/ex_gu4_0_s.png used on input line 624.
(pdftex.def)             Requested size: 153.64493pt x 126.55432pt.
pdfTeX warning (ext4): destination with the same identifier (name{fig:modes_u_p
haze}) has been already used, duplicate ignored
<to be read again> 
                   \relax 
l.624 \end{frame}
                 pdfTeX warning (ext4): destination with the same identifier (n
ame{sub@fig:modes_u_phaze}) has been already used, duplicate ignored
<to be read again> 
                   \relax 
l.624 \end{frame}
                  [28

 <D:/ALL_kinds_of_files/Documents/MATLAB/summer/demoPtycho_2/figures/ex_gu4_0.p
ng (PNG copy)> <D:/ALL_kinds_of_files/Documents/MATLAB/summer/demoPtycho_2/figu
res/ex_gu4_0_s.png (PNG copy)>]
<../figures/ex_motion.png, id=849, 921.2016pt x 313.17pt>
File: ../figures/ex_motion.png Graphic file (type png)

<use ../figures/ex_motion.png>
Package pdftex.def Info: ../figures/ex_motion.png used on input line 645.
(pdftex.def)             Requested size: 276.559pt x 94.01862pt.
pdfTeX warning (ext4): destination with the same identifier (name{fig:modes_u})
 has been already used, duplicate ignored
<to be read again> 
                   \relax 
l.645 \end{frame}
                 pdfTeX warning (ext4): destination with the same identifier (n
ame{sub@fig:modes_u}) has been already used, duplicate ignored
<to be read again> 
                   \relax 
l.645 \end{frame}
                 
<../figures/ex_motion_s.png, id=850, 371.9496pt x 301.6068pt>
File: ../figures/ex_motion_s.png Graphic file (type png)

<use ../figures/ex_motion_s.png>
Package pdftex.def Info: ../figures/ex_motion_s.png used on input line 645.
(pdftex.def)             Requested size: 153.64493pt x 124.5892pt.
pdfTeX warning (ext4): destination with the same identifier (name{fig:modes_u_p
haze}) has been already used, duplicate ignored
<to be read again> 
                   \relax 
l.645 \end{frame}
                 pdfTeX warning (ext4): destination with the same identifier (n
ame{sub@fig:modes_u_phaze}) has been already used, duplicate ignored
<to be read again> 
                   \relax 
l.645 \end{frame}
                 
Overfull \vbox (5.0855pt too high) detected at line 645
 []

[29

 <D:/ALL_kinds_of_files/Documents/MATLAB/summer/demoPtycho_2/figures/ex_motion.
png (PNG copy)> <D:/ALL_kinds_of_files/Documents/MATLAB/summer/demoPtycho_2/fig
ures/ex_motion_s.png (PNG copy)>]
Package epstopdf Info: Source file: <../figures/gradients.eps>
(epstopdf)                    date: 2021-11-04 20:06:48
(epstopdf)                    size: 113453 bytes
(epstopdf)             Output file: <../figures/gradients-eps-converted-to.pdf>

(epstopdf)                    date: 2021-11-04 20:07:00
(epstopdf)                    size: 51197 bytes
(epstopdf)             Command: <epstopdf --outfile=../figures/gradients-eps-co
nverted-to.pdf ../figures/gradients.eps>
(epstopdf)             \includegraphics on input line 657.
Package epstopdf Info: Output file is already uptodate.

<../figures/gradients-eps-converted-to.pdf, id=877, 338.26375pt x 237.88875pt>
File: ../figures/gradients-eps-converted-to.pdf Graphic file (type pdf)

<use ../figures/gradients-eps-converted-to.pdf>
Package pdftex.def Info: ../figures/gradients-eps-converted-to.pdf used on inpu
t line 657.
(pdftex.def)             Requested size: 245.83282pt x 172.89142pt.

Overfull \vbox (17.03838pt too high) detected at line 657
 []

[30

 <D:/ALL_kinds_of_files/Documents/MATLAB/summer/demoPtycho_2/figures/gradients-
eps-converted-to.pdf>] [31

]
\tf@nav=\write6
\tf@toc=\write7
\tf@snm=\write8
Package atveryend Info: Empty hook `BeforeClearDocument' on input line 668.
Package atveryend Info: Empty hook `AfterLastShipout' on input line 668.

(D:\ALL_kinds_of_files\Documents\MATLAB\summer\demoPtycho_2\tex\report_1129.aux
)
Package atveryend Info: Executing hook `AtVeryEndDocument' on input line 668.
Package atveryend Info: Executing hook `AtEndAfterFileList' on input line 668.
Package rerunfilecheck Info: File `report_1129.out' has not changed.
(rerunfilecheck)             Checksum: D41D8CD98F00B204E9800998ECF8427E;0.


LaTeX Warning: There were multiply-defined labels.

 ) 
Here is how much of TeX's memory you used:
 24182 strings out of 495354
 434997 string characters out of 3183412
 500213 words of memory out of 3000000
 26615 multiletter control sequences out of 15000+200000
 22828 words of font info for 84 fonts, out of 3000000 for 9000
 14 hyphenation exceptions out of 8191
 49i,16n,55p,850b,1718s stack positions out of 5000i,500n,10000p,200000b,50000s
<C:/WINDOWS/Fonts/simsun.ttc><C:/WINDOWS/Fonts/simsun.ttc><C:/WINDOWS/Fonts/s
imsun.ttc><C:/WINDOWS/Fonts/simsun.ttc><C:/WINDOWS/Fonts/simsun.ttc><C:/WINDOWS
/Fonts/simsun.ttc><D:/program/CTEX/MiKTeX/fonts/type1/public/amsfonts/cm/cmex10
.pfb><D:/program/CTEX/MiKTeX/fonts/type1/public/amsfonts/cm/cmmi10.pfb><D:/prog
ram/CTEX/MiKTeX/fonts/type1/public/amsfonts/cm/cmmi12.pfb><D:/program/CTEX/MiKT
eX/fonts/type1/public/amsfonts/cm/cmmi6.pfb><D:/program/CTEX/MiKTeX/fonts/type1
/public/amsfonts/cm/cmmi8.pfb><D:/program/CTEX/MiKTeX/fonts/type1/public/amsfon
ts/cm/cmr10.pfb><D:/program/CTEX/MiKTeX/fonts/type1/public/amsfonts/cm/cmss10.p
fb><D:/program/CTEX/MiKTeX/fonts/type1/public/amsfonts/cm/cmss12.pfb><D:/progra
m/CTEX/MiKTeX/fonts/type1/public/amsfonts/cm/cmss17.pfb><D:/program/CTEX/MiKTeX
/fonts/type1/public/amsfonts/cm/cmss8.pfb><D:/program/CTEX/MiKTeX/fonts/type1/p
ublic/amsfonts/cm/cmss9.pfb><D:/program/CTEX/MiKTeX/fonts/type1/public/amsfonts
/cm/cmssbx10.pfb><D:/program/CTEX/MiKTeX/fonts/type1/public/amsfonts/cm/cmssi10
.pfb><D:/program/CTEX/MiKTeX/fonts/type1/public/amsfonts/cm/cmssi12.pfb><D:/pro
gram/CTEX/MiKTeX/fonts/type1/public/amsfonts/cm/cmssi8.pfb><D:/program/CTEX/MiK
TeX/fonts/type1/public/amsfonts/cm/cmsy10.pfb><D:/program/CTEX/MiKTeX/fonts/typ
e1/public/amsfonts/cm/cmsy8.pfb><D:/program/CTEX/MiKTeX/fonts/type1/public/amsf
onts/cm/cmtt9.pfb><D:/program/CTEX/MiKTeX/fonts/type1/public/amsfonts/symbols/m
sam10.pfb><D:/program/CTEX/MiKTeX/fonts/type1/public/amsfonts/symbols/msbm10.pf
b>
Output written on report_1129.pdf (31 pages, 1999106 bytes).
PDF statistics:
 1041 PDF objects out of 1200 (max. 8388607)
 82 named destinations out of 1000 (max. 500000)
 197 words of extra memory for PDF output out of 10000 (max. 10000000)

