This is XeTeX, Version 3.1415926-2.3-0.9997.5 (MiKTeX 2.9) (preloaded format=xelatex 2019.11.21)  12 APR 2022 00:27
entering extended mode
**ss2.tex
(D:\ALL_kinds_of_files\Documents\MATLAB\summer\demoPtycho_2\数院毕业_latex\
ss2.tex
LaTeX2e <2011/06/27>
Babel <v3.8m> and hyphenation patterns for loaded.
(D:\program\CTEX\MiKTeX\tex\latex\base\article.cls
Document Class: article 2007/10/19 v1.4h Standard LaTeX document class
(D:\program\CTEX\MiKTeX\tex\latex\base\size10.clo
File: size10.clo 2007/10/19 v1.4h Standard LaTeX file (size option)
)
\c@part=\count80
\c@section=\count81
\c@subsection=\count82
\c@subsubsection=\count83
\c@paragraph=\count84
\c@subparagraph=\count85
\c@figure=\count86
\c@table=\count87
\abovecaptionskip=\skip41
\belowcaptionskip=\skip42
\bibindent=\dimen102
)
(D:\ALL_kinds_of_files\Documents\MATLAB\summer\demoPtycho_2\数院毕业_latex\
ss2.aux)
LaTeX Font Info:    Checking defaults for OML/cmm/m/it on input line 3.
LaTeX Font Info:    ... okay on input line 3.
LaTeX Font Info:    Checking defaults for T1/cmr/m/n on input line 3.
LaTeX Font Info:    ... okay on input line 3.
LaTeX Font Info:    Checking defaults for OT1/cmr/m/n on input line 3.
LaTeX Font Info:    ... okay on input line 3.
LaTeX Font Info:    Checking defaults for OMS/cmsy/m/n on input line 3.
LaTeX Font Info:    ... okay on input line 3.
LaTeX Font Info:    Checking defaults for OMX/cmex/m/n on input line 3.
LaTeX Font Info:    ... okay on input line 3.
LaTeX Font Info:    Checking defaults for U/cmr/m/n on input line 3.
LaTeX Font Info:    ... okay on input line 3.
Requested font "cmbx10" at 10.0pt
 -> cmbx10


LaTeX Warning: Citation `anderson2016robust' on page 1 undefined on input line 
4.


LaTeX Warning: Citation `giglio2021asset' on page 1 undefined on input line 5.

(D:\ALL_kinds_of_files\Documents\MATLAB\summer\demoPtycho_2\数院毕业_latex\
ss2.bbl) [1

]
(D:\ALL_kinds_of_files\Documents\MATLAB\summer\demoPtycho_2\数院毕业_latex\
ss2.aux)

LaTeX Warning: There were undefined references.

 ) 
Here is how much of TeX's memory you used:
 207 strings out of 430478
 2266 string characters out of 3191301
 46103 words of memory out of 3000000
 3420 multiletter control sequences out of 15000+200000
 3948 words of font info for 15 fonts, out of 3000000 for 9000
 14 hyphenation exceptions out of 8191
 23i,4n,21p,134b,107s stack positions out of 5000i,500n,10000p,200000b,50000s

Output written on ss2.pdf (1 page).
