\BOOKMARK [1][-]{section.1}{引言}{}% 1
\BOOKMARK [2][-]{subsection.1.1}{选题背景与意义}{section.1}% 2
\BOOKMARK [2][-]{subsection.1.2}{国内外研究现状和相关工作}{section.1}% 3
\BOOKMARK [2][-]{subsection.1.3}{本文论文结构与章节安排}{section.1}% 4
\BOOKMARK [1][-]{section.2}{模型}{}% 5
\BOOKMARK [2][-]{subsection.2.1}{纯相干模型}{section.2}% 6
\BOOKMARK [2][-]{subsection.2.2}{两个具体的偏相干模型}{section.2}% 7
\BOOKMARK [3][-]{subsubsection.2.2.1}{模型一： 目标模型chang}{subsection.2.2}% 8
\BOOKMARK [3][-]{subsubsection.2.2.2}{模型二psf}{subsection.2.2}% 9
\BOOKMARK [2][-]{subsection.2.3}{通用分解模型}{section.2}% 10
\BOOKMARK [3][-]{subsubsection.2.3.1}{模型描述}{subsection.2.3}% 11
\BOOKMARK [3][-]{subsubsection.2.3.2}{模型之间的关系}{subsection.2.3}% 12
\BOOKMARK [1][-]{section.3}{基于ADMM的数值算法}{}% 13
\BOOKMARK [2][-]{subsection.3.1}{子问题 w 和 u}{section.3}% 14
\BOOKMARK [2][-]{subsection.3.2}{子问题 z}{section.3}% 15
\BOOKMARK [2][-]{subsection.3.3}{子问题 D 和 }{section.3}% 16
\BOOKMARK [1][-]{section.4}{数值实验}{}% 17
\BOOKMARK [2][-]{subsection.4.1}{实验设置}{section.4}% 18
\BOOKMARK [3][-]{subsubsection.4.1.1}{参数}{subsection.4.1}% 19
\BOOKMARK [3][-]{subsubsection.4.1.2}{度量指标}{subsection.4.1}% 20
\BOOKMARK [3][-]{subsubsection.4.1.3}{对模态的操作}{subsection.4.1}% 21
\BOOKMARK [2][-]{subsection.4.2}{实验一：多模态逼近偏向干效应}{section.4}% 22
\BOOKMARK [2][-]{subsection.4.3}{实验二： 加入正交约束条件}{section.4}% 23
\BOOKMARK [2][-]{subsection.4.4}{实验三：有噪声的情形}{section.4}% 24
\BOOKMARK [1][-]{section.5}{总结和展望}{}% 25
\BOOKMARK [1][-]{section.6}{附录}{}% 26
\BOOKMARK [2][-]{subsection.6.1}{ADMM中的子问题}{section.6}% 27
\BOOKMARK [3][-]{subsubsection.6.1.1}{}{subsection.6.1}% 28
\BOOKMARK [3][-]{subsubsection.6.1.2}{z}{subsection.6.1}% 29
\BOOKMARK [3][-]{subsubsection.6.1.3}{D}{subsection.6.1}% 30
\BOOKMARK [1][-]{section.7}{致谢}{}% 31
